"../../../../../../Users/Admin/Documents/Unreal Projects/VR-Funhouse-Christmas-Edition/Content/ExternalAssets/Level1/Bookcase/BOOKS_SPECULAR.uasset" 0
"../../../../../../Users/Admin/Documents/Unreal Projects/VR-Funhouse-Christmas-Edition/Content/ExternalAssets/Level1/Bookcase/SHELF_NORMAL.uasset" 1
"../../../../../../Users/Admin/Documents/Unreal Projects/VR-Funhouse-Christmas-Edition/Content/ExternalAssets/Level1/Bookcase/SHELF_SPECULAR.uasset" 2
"../../../../../../Users/Admin/Documents/Unreal Projects/VR-Funhouse-Christmas-Edition/Content/ExternalAssets/Level1/Bookcase/SHELF_Mat.uasset" 3
"../../../../../../Users/Admin/Documents/Unreal Projects/VR-Funhouse-Christmas-Edition/Content/ExternalAssets/Level1/Candy/Chocolate00.uasset" 4
"../../../../../../Users/Admin/Documents/Unreal Projects/VR-Funhouse-Christmas-Edition/Content/ExternalAssets/Level1/Candy/Candy_Chocolate_0.uasset" 5
"../../../../../../Users/Admin/Documents/Unreal Projects/VR-Funhouse-Christmas-Edition/Content/ExternalAssets/Level1/Candy/LollipopFillin01.uasset" 6
"../../../../../../Users/Admin/Documents/Unreal Projects/VR-Funhouse-Christmas-Edition/Content/ExternalAssets/Level1/Candy/Candy_LolipopFillin_1.uasset" 7
"../../../../../../Users/Admin/Documents/Unreal Projects/VR-Funhouse-Christmas-Edition/Content/ExternalAssets/Level1/Candy/SmoothCardBoard02.uasset" 8
"../../../../../../Users/Admin/Documents/Unreal Projects/VR-Funhouse-Christmas-Edition/Content/ExternalAssets/Level1/Candy/Candy_Lollipop_2.uasset" 9
"../../../../../../Users/Admin/Documents/Unreal Projects/VR-Funhouse-Christmas-Edition/Content/ExternalAssets/Level1/Candy/FlavoredCandy03.uasset" 10
"../../../../../../Users/Admin/Documents/Unreal Projects/VR-Funhouse-Christmas-Edition/Content/ExternalAssets/Level1/Candy/Candy_Lollipop_3.uasset" 11
"../../../../../../Users/Admin/Documents/Unreal Projects/VR-Funhouse-Christmas-Edition/Content/LEAssets/Materials/Brown_ish.uasset" 12
"../../../../../../Users/Admin/Documents/Unreal Projects/VR-Funhouse-Christmas-Edition/Content/ExternalAssets/Level1/Candy/Candy_PnutButterCup_0.uasset" 13
"../../../../../../Users/Admin/Documents/Unreal Projects/VR-Funhouse-Christmas-Edition/Content/ExternalAssets/Level1/Candy/PeanutButterCup.uasset" 14
"../../../../../../Users/Admin/Documents/Unreal Projects/VR-Funhouse-Christmas-Edition/Content/ExternalAssets/Level1/CandyCane/candy_cane_Color_2.uasset" 15
"../../../../../../Users/Admin/Documents/Unreal Projects/VR-Funhouse-Christmas-Edition/Content/ExternalAssets/Level1/CandyCane/candy_cane_Color_2_Mat.uasset" 16
"../../../../../../Users/Admin/Documents/Unreal Projects/VR-Funhouse-Christmas-Edition/Content/ExternalAssets/Level1/Grill/Textures/Grill_DISP.uasset" 17
"../../../../../../Users/Admin/Documents/Unreal Projects/VR-Funhouse-Christmas-Edition/Content/ExternalAssets/Level1/Grill/Textures/Grill_DISP_Mat.uasset" 18
"../../../../../../Users/Admin/Documents/Unreal Projects/VR-Funhouse-Christmas-Edition/Content/ExternalAssets/Level1/Grill/Textures/Grill_METALLIC.uasset" 19
"../../../../../../Users/Admin/Documents/Unreal Projects/VR-Funhouse-Christmas-Edition/Content/ExternalAssets/Level1/Grill/Textures/Grill_NRM.uasset" 20
"../../../../../../Users/Admin/Documents/Unreal Projects/VR-Funhouse-Christmas-Edition/Content/ExternalAssets/Level1/Grill/Textures/Grill_SPEC.uasset" 21
"../../../Engine/Content/Functions/Engine_MaterialFunctions01/SpeedTree/SpeedTreeColorVariation.uasset" 22
"../../../Engine/Content/Functions/Engine_MaterialFunctions01/WorldPositionOffset/SimpleGrassWind.uasset" 23
"../../../Engine/Content/Functions/Engine_MaterialFunctions02/Math/MultiplyAdd.uasset" 24
"../../../Engine/Content/Functions/Engine_MaterialFunctions02/Utility/MakeFloat2.uasset" 25
"../../../Engine/Content/EngineMaterials/DefaultDiffuse.uasset" 26
"../../../Engine/Content/EngineMaterials/DefaultNormal.uasset" 27
"../../../Engine/Content/EngineMaterials/DefaultWhiteGrid.uasset" 28
"../../../../../../Users/Admin/Documents/Unreal Projects/VR-Funhouse-Christmas-Edition/Content/ExternalAssets/Level1/MS_SnowEss/Master_Materials/Atlas_MasterMaterial.uasset" 29
"../../../Engine/Content/EngineMaterials/BlendFunc_DefBase.uasset" 30
"../../../Engine/Content/EngineMaterials/BlendFunc_DefBlend.uasset" 31
"../../../Engine/Content/Functions/Engine_MaterialFunctions03/Blends/Blend_Overlay.uasset" 32
"../../../../../../Users/Admin/Documents/Unreal Projects/VR-Funhouse-Christmas-Edition/Content/ExternalAssets/Level1/MS_SnowEss/Master_Materials/BrushDecal_MasterMaterial.uasset" 33
"../../../../../../Users/Admin/Documents/Unreal Projects/VR-Funhouse-Christmas-Edition/Content/ExternalAssets/Level1/MS_SnowEss/Master_Materials/ChannelPackingSample.uasset" 34
"../../../../../../Users/Admin/Documents/Unreal Projects/VR-Funhouse-Christmas-Edition/Content/ExternalAssets/Level1/MS_SnowEss/Master_Materials/Decal_MasterMaterial.uasset" 35
"../../../../../../Users/Admin/Documents/Unreal Projects/VR-Funhouse-Christmas-Edition/Content/ExternalAssets/Level1/MS_SnowEss/Master_Materials/Displacement_MasterMaterial.uasset" 36
"../../../../../../Users/Admin/Documents/Unreal Projects/VR-Funhouse-Christmas-Edition/Content/ExternalAssets/Level1/MS_SnowEss/Master_Materials/Foliage_MasterMaterial.uasset" 37
"../../../../../../Users/Admin/Documents/Unreal Projects/VR-Funhouse-Christmas-Edition/Content/ExternalAssets/Level1/MS_SnowEss/Master_Materials/Imperfection_MasterMaterial.uasset" 38
"../../../Engine/Content/Functions/Engine_MaterialFunctions01/AlphaBlend/WorldAlignedBlend.uasset" 39
"../../../Engine/Content/Functions/Engine_MaterialFunctions01/Shading/FuzzyShading.uasset" 40
"../../../Engine/Content/Functions/Engine_MaterialFunctions02/Utility/VectorLength.uasset" 41
"../../../../../../Users/Admin/Documents/Unreal Projects/VR-Funhouse-Christmas-Edition/Content/ExternalAssets/Level1/MS_SnowEss/Master_Materials/noise_mask.uasset" 42
"../../../../../../Users/Admin/Documents/Unreal Projects/VR-Funhouse-Christmas-Edition/Content/ExternalAssets/Level1/MS_SnowEss/Master_Materials/noise_normal.uasset" 43
"../../../../../../Users/Admin/Documents/Unreal Projects/VR-Funhouse-Christmas-Edition/Content/ExternalAssets/Level1/MS_SnowEss/Master_Materials/SurfaceBlend_MasterMaterial.uasset" 44
"../../../../../../Users/Admin/Documents/Unreal Projects/VR-Funhouse-Christmas-Edition/Content/ExternalAssets/Level1/MS_SnowEss/Master_Materials/Standard_MasterMaterial.uasset" 45
"../../../../../../Users/Admin/Documents/Unreal Projects/VR-Funhouse-Christmas-Edition/Content/ExternalAssets/Level1/MS_SnowEss/Surface/02_Snow_With_Water_Drops_sfzofod/sfzofod_8K_Albedo.uasset" 46
"../../../../../../Users/Admin/Documents/Unreal Projects/VR-Funhouse-Christmas-Edition/Content/ExternalAssets/Level1/MS_SnowEss/Surface/02_Snow_With_Water_Drops_sfzofod/sfzofod_8K_Displacement.uasset" 47
"../../../../../../Users/Admin/Documents/Unreal Projects/VR-Funhouse-Christmas-Edition/Content/ExternalAssets/Level1/MS_SnowEss/Surface/02_Snow_With_Water_Drops_sfzofod/sfzofod_8K_Normal.uasset" 48
"../../../../../../Users/Admin/Documents/Unreal Projects/VR-Funhouse-Christmas-Edition/Content/ExternalAssets/Level1/MS_SnowEss/Surface/02_Snow_With_Water_Drops_sfzofod/sfzofod_8K_Roughness.uasset" 49
"../../../../../../Users/Admin/Documents/Unreal Projects/VR-Funhouse-Christmas-Edition/Content/ExternalAssets/Level1/MS_SnowEss/Surface/02_Snow_With_Water_Drops_sfzofod/sfzofod_8K_Translucency.uasset" 50
"../../../../../../Users/Admin/Documents/Unreal Projects/VR-Funhouse-Christmas-Edition/Content/ExternalAssets/Level1/MS_SnowEss/Surface/02_Snow_With_Water_Drops_sfzofod/02_Snow_With_Water_Drops_sfzofod_8K_inst.uasset" 51
"../../../../../../Users/Admin/Documents/Unreal Projects/VR-Funhouse-Christmas-Edition/Content/ExternalAssets/Level1/MS_SnowEss/Surface/14_Old_Trampled_Snow_2x2_M_tdnpeeir/tdnpeeir_8K_Albedo.uasset" 52
"../../../../../../Users/Admin/Documents/Unreal Projects/VR-Funhouse-Christmas-Edition/Content/ExternalAssets/Level1/MS_SnowEss/Surface/14_Old_Trampled_Snow_2x2_M_tdnpeeir/tdnpeeir_8K_Displacement.uasset" 53
"../../../../../../Users/Admin/Documents/Unreal Projects/VR-Funhouse-Christmas-Edition/Content/ExternalAssets/Level1/MS_SnowEss/Surface/14_Old_Trampled_Snow_2x2_M_tdnpeeir/tdnpeeir_8K_Normal.uasset" 54
"../../../../../../Users/Admin/Documents/Unreal Projects/VR-Funhouse-Christmas-Edition/Content/ExternalAssets/Level1/MS_SnowEss/Surface/14_Old_Trampled_Snow_2x2_M_tdnpeeir/tdnpeeir_8K_Roughness.uasset" 55
"../../../../../../Users/Admin/Documents/Unreal Projects/VR-Funhouse-Christmas-Edition/Content/ExternalAssets/Level1/MS_SnowEss/Surface/14_Old_Trampled_Snow_2x2_M_tdnpeeir/tdnpeeir_8K_Translucency.uasset" 56
"../../../../../../Users/Admin/Documents/Unreal Projects/VR-Funhouse-Christmas-Edition/Content/ExternalAssets/Level1/MS_SnowEss/Surface/14_Old_Trampled_Snow_2x2_M_tdnpeeir/14_Old_Trampled_Snow_2x2.uasset" 57
"../../../../../../Users/Admin/Documents/Unreal Projects/VR-Funhouse-Christmas-Edition/Content/ExternalAssets/Level1/Painting/obj/blinn1SG.uasset" 58
"../../../../../../Users/Admin/Documents/Unreal Projects/VR-Funhouse-Christmas-Edition/Content/ExternalAssets/Level1/Painting/obj/blinn2SG.uasset" 59
"../../../../../../Users/Admin/Documents/Unreal Projects/VR-Funhouse-Christmas-Edition/Content/ExternalAssets/Level1/Painting/obj/lambert2SG.uasset" 60
"../../../../../../Users/Admin/Documents/Unreal Projects/VR-Funhouse-Christmas-Edition/Content/ExternalAssets/Level1/Painting/obj/objpainting.uasset" 61
"../../../../../../Users/Admin/Documents/Unreal Projects/VR-Funhouse-Christmas-Edition/Content/ExternalAssets/Level1/Painting/obj/painting.uasset" 62
"../../../../../../Users/Admin/Documents/Unreal Projects/VR-Funhouse-Christmas-Edition/Content/ExternalAssets/Level1/Painting/obj/paintingbump.uasset" 63
"../../../../../../Users/Admin/Documents/Unreal Projects/VR-Funhouse-Christmas-Edition/Content/ExternalAssets/Level1/Painting/renders/paintin1.uasset" 64
"../../../../../../Users/Admin/Documents/Unreal Projects/VR-Funhouse-Christmas-Edition/Content/ExternalAssets/Level1/Painting/renders/paintin2.uasset" 65
"../../../../../../Users/Admin/Documents/Unreal Projects/VR-Funhouse-Christmas-Edition/Content/ExternalAssets/Level1/Painting/renders/paintin3.uasset" 66
"../../../../../../Users/Admin/Documents/Unreal Projects/VR-Funhouse-Christmas-Edition/Content/ExternalAssets/Level1/Painting/renders/paintin4.uasset" 67
"../../../../../../Users/Admin/Documents/Unreal Projects/VR-Funhouse-Christmas-Edition/Content/ExternalAssets/Level1/Painting/renders/paintin5.uasset" 68
"../../../../../../Users/Admin/Documents/Unreal Projects/VR-Funhouse-Christmas-Edition/Content/ExternalAssets/Level1/Painting/renders/paintin6.uasset" 69
"../../../../../../Users/Admin/Documents/Unreal Projects/VR-Funhouse-Christmas-Edition/Content/ExternalAssets/Level1/Painting/renders/paintin7.uasset" 70
"../../../../../../Users/Admin/Documents/Unreal Projects/VR-Funhouse-Christmas-Edition/Content/ExternalAssets/Level1/Painting/renders/paintin8.uasset" 71
"../../../../../../Users/Admin/Documents/Unreal Projects/VR-Funhouse-Christmas-Edition/Content/ExternalAssets/Level1/Painting/renders/paintin9.uasset" 72
"../../../../../../Users/Admin/Documents/Unreal Projects/VR-Funhouse-Christmas-Edition/Content/ExternalAssets/Level1/Painting/textures/painting.uasset" 73
"../../../../../../Users/Admin/Documents/Unreal Projects/VR-Funhouse-Christmas-Edition/Content/ExternalAssets/Level1/Painting/textures/paintingbump.uasset" 74
"../../../../../../Users/Admin/Documents/Unreal Projects/VR-Funhouse-Christmas-Edition/Content/ExternalAssets/Level1/Painting/textures/uffizi_probe.uasset" 75
"../../../../../../Users/Admin/Documents/Unreal Projects/VR-Funhouse-Christmas-Edition/Content/ExternalAssets/Level1/PicnicTable1/picnicTable_Ptable_MetallicSmoothness.uasset" 76
"../../../../../../Users/Admin/Documents/Unreal Projects/VR-Funhouse-Christmas-Edition/Content/ExternalAssets/Level1/PicnicTable1/picnicTable_Ptable_Normal.uasset" 77
"../../../../../../Users/Admin/Documents/Unreal Projects/VR-Funhouse-Christmas-Edition/Content/ExternalAssets/Level1/Snowman/Material__3.uasset" 78
"../../../../../../Users/Admin/Documents/Unreal Projects/VR-Funhouse-Christmas-Edition/Content/ExternalAssets/Level1/Snowman/snowman_Body.uasset" 79
"../../../../../../Users/Admin/Documents/Unreal Projects/VR-Funhouse-Christmas-Edition/Content/ExternalAssets/Level1/Snowman/snowman_BranchL.uasset" 80
"../../../../../../Users/Admin/Documents/Unreal Projects/VR-Funhouse-Christmas-Edition/Content/ExternalAssets/Level1/Snowman/snowman_BranchR.uasset" 81
"../../../../../../Users/Admin/Documents/Unreal Projects/VR-Funhouse-Christmas-Edition/Content/ExternalAssets/Level1/Snowman/snowman_carrot.uasset" 82
"../../../../../../Users/Admin/Documents/Unreal Projects/VR-Funhouse-Christmas-Edition/Content/ExternalAssets/Level1/Snowman/snowman_Hat.uasset" 83
"../../../../../../Users/Admin/Documents/Unreal Projects/VR-Funhouse-Christmas-Edition/Content/ExternalAssets/Level1/Snowman/snowman_HatLine.uasset" 84
"../../../../../../Users/Admin/Documents/Unreal Projects/VR-Funhouse-Christmas-Edition/Content/ExternalAssets/Level1/Snowman/snowman_Object01.uasset" 85
"../../../../../../Users/Admin/Documents/Unreal Projects/VR-Funhouse-Christmas-Edition/Content/ExternalAssets/Level1/Snowman/snowman_Object02.uasset" 86
"../../../../../../Users/Admin/Documents/Unreal Projects/VR-Funhouse-Christmas-Edition/Content/ExternalAssets/Level1/Snowman/snowman_scarf.uasset" 87
"../../../../../../Users/Admin/Documents/Unreal Projects/VR-Funhouse-Christmas-Edition/Content/ExternalAssets/Level1/Snowman/snowman_Sphere01.uasset" 88
"../../../../../../Users/Admin/Documents/Unreal Projects/VR-Funhouse-Christmas-Edition/Content/ExternalAssets/Level1/Snowman/snowman_Sphere03.uasset" 89
"../../../../../../Users/Admin/Documents/Unreal Projects/VR-Funhouse-Christmas-Edition/Content/ExternalAssets/Level1/Snowman/snowman_Sphere04.uasset" 90
"../../../../../../Users/Admin/Documents/Unreal Projects/VR-Funhouse-Christmas-Edition/Content/ExternalAssets/Level1/Snowman/snowman_Sphere05.uasset" 91
"../../../../../../Users/Admin/Documents/Unreal Projects/VR-Funhouse-Christmas-Edition/Content/ExternalAssets/Level1/Snowman/snowman_Sphere06.uasset" 92
"../../../../../../Users/Admin/Documents/Unreal Projects/VR-Funhouse-Christmas-Edition/Content/ExternalAssets/Level1/Snowman/snowman_Sphere07.uasset" 93
"../../../../../../Users/Admin/Documents/Unreal Projects/VR-Funhouse-Christmas-Edition/Content/ExternalAssets/Level1/Snowman/snowman_Sphere08.uasset" 94
"../../../../../../Users/Admin/Documents/Unreal Projects/VR-Funhouse-Christmas-Edition/Content/ExternalAssets/Level1/Snowman/snowman_Sphere09.uasset" 95
"../../../../../../Users/Admin/Documents/Unreal Projects/VR-Funhouse-Christmas-Edition/Content/ExternalAssets/Level1/Snowman/snowman_Sphere10.uasset" 96
"../../../../../../Users/Admin/Documents/Unreal Projects/VR-Funhouse-Christmas-Edition/Content/ExternalAssets/Level1/Snowman/snowman_Sphere17.uasset" 97
"../../../../../../Users/Admin/Documents/Unreal Projects/VR-Funhouse-Christmas-Edition/Content/Geometry/Meshes/CubeMaterial.uasset" 98
"../../../../../../Users/Admin/Documents/Unreal Projects/VR-Funhouse-Christmas-Edition/Content/Geometry/Meshes/1M_Cube_Chamfer.uasset" 99
"../../../../../../Users/Admin/Documents/Unreal Projects/VR-Funhouse-Christmas-Edition/Content/Geometry/Meshes/TemplateFloor.uasset" 100
"../../../Engine/Content/EditorBlueprintResources/StandardMacros.uasset" 101
"../../../../../../Users/Admin/Documents/Unreal Projects/VR-Funhouse-Christmas-Edition/Content/LEAssets/Blueprints/BP_VRGameStateBase.uasset" 102
"../../../../../../Users/Admin/Documents/Unreal Projects/VR-Funhouse-Christmas-Edition/Content/LEAssets/Blueprints/BP_VRGameModeBase.uasset" 103
"../../../../../../Users/Admin/Documents/Unreal Projects/VR-Funhouse-Christmas-Edition/Content/LEAssets/Materials/Blue_Powder.uasset" 104
"../../../../../../Users/Admin/Documents/Unreal Projects/VR-Funhouse-Christmas-Edition/Content/VirtualReality/Materials/M_BaseMaterial.uasset" 105
"../../../../../../Users/Admin/Documents/Unreal Projects/VR-Funhouse-Christmas-Edition/Content/VirtualReality/Materials/MI_BaseMaterial2.uasset" 106
"../../../../../../Users/Admin/Documents/Unreal Projects/VR-Funhouse-Christmas-Edition/Content/VirtualReality/Materials/MI_BaseMaterial3.uasset" 107
"../../../../../../Users/Admin/Documents/Unreal Projects/VR-Funhouse-Christmas-Edition/Content/VirtualReality/Materials/GenericHMDMaterial.uasset" 108
"../../../../../../Users/Admin/Documents/Unreal Projects/VR-Funhouse-Christmas-Edition/Content/VirtualReality/Meshes/GenericHMD.uasset" 109
"../../../../../../Users/Admin/Documents/Unreal Projects/VR-Funhouse-Christmas-Edition/Content/VirtualRealityBP/Blueprints/PickupActorInterface.uasset" 110
"../../../../../../Users/Admin/Documents/Unreal Projects/VR-Funhouse-Christmas-Edition/Content/VirtualReality/Materials/MI_SmallCubes.uasset" 111
"../../../../../../Users/Admin/Documents/Unreal Projects/VR-Funhouse-Christmas-Edition/Content/Geometry/Meshes/1M_Cube.uasset" 112
"../../../../../../Users/Admin/Documents/Unreal Projects/VR-Funhouse-Christmas-Edition/Content/VirtualRealityBP/Blueprints/BP_PickupCube.uasset" 113
"../../../Engine/Content/Functions/Engine_MaterialFunctions02/Utility/BreakOutFloat2Components.uasset" 114
"../../../Engine/Content/Functions/Engine_MaterialFunctions01/Texturing/ScaleUVsByCenter.uasset" 115
"../../../Engine/Content/Functions/Engine_MaterialFunctions02/ScreenResolution.uasset" 116
"../../../Engine/Content/Functions/Engine_MaterialFunctions02/Texturing/ScreenAlignedUVs.uasset" 117
"../../../Engine/Content/Functions/Engine_MaterialFunctions02/Utility/CameraDirectionVector.uasset" 118
"../../../Engine/Content/Functions/Engine_MaterialFunctions02/Utility/DepthFromWorldPosition.uasset" 119
"../../../../../../Users/Admin/Documents/Unreal Projects/VR-Funhouse-Christmas-Edition/Content/VirtualReality/Materials/MF_OccludedPixels.uasset" 120
"../../../../../../Users/Admin/Documents/Unreal Projects/VR-Funhouse-Christmas-Edition/Content/VirtualReality/Materials/TeleportMCP.uasset" 121
"../../../Engine/Content/EngineMaterials/Good64x64TilingNoiseHighFreq.uasset" 122
"../../../../../../Users/Admin/Documents/Unreal Projects/VR-Funhouse-Christmas-Edition/Content/VirtualReality/Materials/M_ArcEndpoint.uasset" 123
"../../../../../../Users/Admin/Documents/Unreal Projects/VR-Funhouse-Christmas-Edition/Content/VirtualReality/Materials/M_TeleportPreviews.uasset" 124
"../../../../../../Users/Admin/Documents/Unreal Projects/VR-Funhouse-Christmas-Edition/Content/VirtualReality/Materials/MI_TeleportCylinderPreview.uasset" 125
"../../../Engine/Content/Functions/Engine_MaterialFunctions01/Opacity/CameraDepthFade.uasset" 126
"../../../Engine/Content/EngineMaterials/T_Default_Material_Grid_M.uasset" 127
"../../../Engine/Content/EngineMaterials/T_Default_Material_Grid_N.uasset" 128
"../../../Engine/Content/EngineMaterials/DefaultMaterial.uasset" 129
"../../../Engine/Content/BasicShapes/Cylinder.uasset" 130
"../../../Engine/Content/EngineMaterials/WorldGridMaterial.uasset" 131
"../../../../../../Users/Admin/Documents/Unreal Projects/VR-Funhouse-Christmas-Edition/Content/VirtualReality/Meshes/BeaconDirection.uasset" 132
"../../../../../../Users/Admin/Documents/Unreal Projects/VR-Funhouse-Christmas-Edition/Content/VirtualReality/Meshes/SM_FatCylinder.uasset" 133
"../../../../../../Users/Admin/Documents/Unreal Projects/VR-Funhouse-Christmas-Edition/Content/VirtualRealityBP/Blueprints/HMDLocomotionPawn.uasset" 134
"../../../Engine/Content/Animation/DefaultAnimBoneCompressionSettings.uasset" 135
"../../../Engine/Content/Animation/DefaultAnimCurveCompressionSettings.uasset" 136
"../../../Engine/Content/ArtTools/RenderToTexture/Meshes/S_1_Unit_Plane.uasset" 137
"../../../Engine/Content/BasicShapes/Cone.uasset" 138
"../../../Engine/Content/EditorLandscapeResources/DataLayer.uasset" 139
"../../../Engine/Content/EditorMaterials/MAT_Groups_Toggle.uasset" 140
"../../../Engine/Content/EditorMaterials/MAT_Groups_Visibility.uasset" 141
"../../../Engine/Content/EditorMaterials/PreviewShadowIndicator.uasset" 142
"../../../Engine/Content/EditorMaterials/PreviewShadowIndicatorMaterial.uasset" 143
"../../../Engine/Content/EditorMaterials/MatineeGroups/MAT_ColorTrack.uasset" 144
"../../../Engine/Content/EditorMaterials/MatineeGroups/MAT_Groups_Anim.uasset" 145
"../../../Engine/Content/EditorMaterials/MatineeGroups/MAT_Groups_AudioMaster.uasset" 146
"../../../Engine/Content/EditorMaterials/MatineeGroups/MAT_Groups_Director.uasset" 147
"../../../Engine/Content/EditorMaterials/MatineeGroups/MAT_Groups_Event.uasset" 148
"../../../Engine/Content/EditorMaterials/MatineeGroups/MAT_Groups_Fade.uasset" 149
"../../../Engine/Content/EditorMaterials/MatineeGroups/MAT_Groups_Float.uasset" 150
"../../../Engine/Content/EditorMaterials/MatineeGroups/MAT_Groups_Move.uasset" 151
"../../../Engine/Content/EditorMaterials/MatineeGroups/MAT_Groups_Slomo.uasset" 152
"../../../Engine/Content/EditorMaterials/MatineeGroups/MAT_Groups_Sound.uasset" 153
"../../../Engine/Content/EditorMaterials/MatineeGroups/MAT_Groups_Vector.uasset" 154
"../../../Engine/Content/EditorMaterials/ParticleSystems/PSysThumbnail_NoImage.uasset" 155
"../../../Engine/Content/EditorMaterials/ParticleSystems/PSysThumbnail_OOD.uasset" 156
"../../../Engine/Content/EditorMaterials/Camera/CineMat.uasset" 157
"../../../Engine/Content/EditorMaterials/Camera/MI_CineMat_Rig.uasset" 158
"../../../Engine/Content/EditorMeshes/Camera/SM_CraneRig_Arm.uasset" 159
"../../../Engine/Content/EditorMeshes/Camera/SM_CraneRig_Base.uasset" 160
"../../../Engine/Content/EditorMeshes/Camera/SM_CraneRig_Body.uasset" 161
"../../../Engine/Content/EditorMeshes/Camera/SM_CraneRig_Mount.uasset" 162
"../../../Engine/Content/EditorMeshes/Camera/SM_RailRig_Mount.uasset" 163
"../../../Engine/Content/EditorMeshes/Camera/SM_RailRig_Track.uasset" 164
"../../../Engine/Content/EditorResources/BSPVertex.uasset" 165
"../../../Engine/Content/EditorResources/EmptyActor.uasset" 166
"../../../Engine/Content/EditorResources/S_Actor.uasset" 167
"../../../Engine/Content/EditorResources/S_Note.uasset" 168
"../../../Engine/Content/EditorResources/S_Solver.uasset" 169
"../../../Engine/Content/EditorResources/S_Trigger.uasset" 170
"../../../Engine/Content/EditorResources/LightIcons/S_LightError.uasset" 171
"../../../Engine/Content/EditorResources/SequenceRecorder/Countdown.uasset" 172
"../../../Engine/Content/EditorResources/SequenceRecorder/RecordingIndicator.uasset" 173
"../../../Engine/Content/EditorSounds/Notifications/CompileFailed.uasset" 174
"../../../Engine/Content/EditorSounds/Notifications/CompileFailed_Cue.uasset" 175
"../../../Engine/Content/EditorSounds/Notifications/CompileSuccess.uasset" 176
"../../../Engine/Content/EditorSounds/Notifications/CompileStart_Cue.uasset" 177
"../../../Engine/Content/EngineDamageTypes/DmgTypeBP_Environmental.uasset" 178
"../../../Engine/Content/EngineDebugMaterials/DebugEditorMaterial.uasset" 179
"../../../Engine/Content/EngineDebugMaterials/DebugMeshMaterial.uasset" 180
"../../../Engine/Content/EngineDebugMaterials/M_SimpleUnlitTranslucent.uasset" 181
"../../../Engine/Content/EngineDebugMaterials/VolumeToRender.uasset" 182
"../../../Engine/Content/EngineDebugMaterials/M_VolumeRenderSphereTracePP.uasset" 183
"../../../Engine/Content/EngineDebugMaterials/WireframeMaterial.uasset" 184
"../../../Engine/Content/EngineFonts/Faces/DroidSansFallback.uasset" 185
"../../../Engine/Content/EngineFonts/Faces/RobotoBold.uasset" 186
"../../../Engine/Content/EngineFonts/Faces/RobotoBoldItalic.uasset" 187
"../../../Engine/Content/EngineFonts/Faces/RobotoItalic.uasset" 188
"../../../Engine/Content/EngineFonts/Faces/RobotoLight.uasset" 189
"../../../Engine/Content/EngineFonts/Faces/RobotoRegular.uasset" 190
"../../../Engine/Content/EngineFonts/Roboto.uasset" 191
"../../../Engine/Content/EngineMaterials/BaseFlattenDiffuseMap.uasset" 192
"../../../Engine/Content/EngineMaterials/BaseFlattenEmissiveMap.uasset" 193
"../../../Engine/Content/EngineMaterials/BaseFlattenGrayscaleMap.uasset" 194
"../../../Engine/Content/EngineMaterials/BaseFlattenNormalMap.uasset" 195
"../../../Engine/Content/EngineMaterials/BaseFlattenMaterial.uasset" 196
"../../../Engine/Content/EngineMaterials/BlueNoise.uasset" 197
"../../../Engine/Content/EngineMaterials/DefaultBloomKernel.uasset" 198
"../../../Engine/Content/EngineMaterials/DefaultBokeh.uasset" 199
"../../../Engine/Content/EngineMaterials/DefaultDeferredDecalMaterial.uasset" 200
"../../../Engine/Content/EngineMaterials/DefaultLightFunctionMaterial.uasset" 201
"../../../Engine/Content/EngineMaterials/DefaultPostProcessMaterial.uasset" 202
"../../../Engine/Content/EngineFonts/RobotoDistanceField.uasset" 203
"../../../Engine/Content/EngineMaterials/DefaultTextMaterialOpaque.uasset" 204
"../../../Engine/Content/EngineMaterials/DefaultWhiteGrid_Low.uasset" 205
"../../../Engine/Content/EngineMaterials/EmissiveMeshMaterial.uasset" 206
"../../../Engine/Content/EngineMaterials/GizmoMaterial.uasset" 207
"../../../Engine/Content/EngineMaterials/MiniFont.uasset" 208
"../../../Engine/Content/EngineMaterials/InvalidLightmapSettings.uasset" 209
"../../../Engine/Content/EngineMaterials/M_InvalidLightmapSettings.uasset" 210
"../../../Engine/Content/Functions/Engine_MaterialFunctions02/WorldPositionOffset/CameraOffset.uasset" 211
"../../../Engine/Content/EngineMaterials/PhAT_JointLimitMaterial.uasset" 212
"../../../Engine/Content/EngineMaterials/PreintegratedSkinBRDF.uasset" 213
"../../../Engine/Content/EngineMaterials/RemoveSurfaceMaterial.uasset" 214
"../../../Engine/Content/EngineMaterials/WeightMapPlaceholderTexture.uasset" 215
"../../../Engine/Content/EngineResources/WhiteSquareTexture.uasset" 216
"../../../Engine/Content/EngineMaterials/Widget3DPassThrough.uasset" 217
"../../../Engine/Content/EngineMaterials/Widget3DPassThrough_Masked.uasset" 218
"../../../Engine/Content/EngineMaterials/Widget3DPassThrough_Opaque.uasset" 219
"../../../Engine/Content/EngineMaterials/Widget3DPassThrough_Masked_OneSided.uasset" 220
"../../../Engine/Content/EngineMaterials/Widget3DPassThrough_Opaque_OneSided.uasset" 221
"../../../Engine/Content/EngineMaterials/Widget3DPassThrough_Translucent.uasset" 222
"../../../Engine/Content/EngineMaterials/Widget3DPassThrough_Translucent_OneSided.uasset" 223
"../../../Engine/Content/EngineMeshes/Cylinder.uasset" 224
"../../../Engine/Content/EngineMeshes/Sphere.uasset" 225
"../../../Engine/Content/EngineResources/Black.uasset" 226
"../../../Engine/Content/EngineResources/DefaultTextureCube.uasset" 227
"../../../Engine/Content/EngineResources/DefaultVolumeTexture2D.uasset" 228
"../../../Engine/Content/EngineResources/DefaultVolumeTexture.uasset" 229
"../../../Engine/Content/EngineResources/GradientTexture0.uasset" 230
"../../../Engine/Content/EngineSounds/Master.uasset" 231
"../../../Engine/Content/Functions/Engine_MaterialFunctions01/Shading/ConvertFromDiffSpec.uasset" 232
"../../../Engine/Content/Functions/Engine_MaterialFunctions01/Shading/PowerToRoughness.uasset" 233
"../../../Engine/Content/Maps/Templates/Thumbnails/Default.uasset" 234
"../../../Engine/Content/Maps/Templates/Thumbnails/TimeOfDay.uasset" 235
"../../../Engine/Content/Maps/Templates/Thumbnails/VR-Basic.uasset" 236
"../../../Engine/Content/MobileResources/T_MobileControls_texture.uasset" 237
"../../../Engine/Content/MobileResources/T_MobileMenu2.uasset" 238
"../../../Engine/Content/MobileResources/HUD/AnalogHat.uasset" 239
"../../../Engine/Content/MobileResources/HUD/VirtualJoystick_Background.uasset" 240
"../../../Engine/Content/MobileResources/HUD/VirtualJoystick_Thumb.uasset" 241
"../../../Engine/Content/MobileResources/HUD/DefaultVirtualJoysticks.uasset" 242
"../../../Engine/Content/MobileResources/HUD/LeftVirtualJoystickOnly.uasset" 243
"../../../Engine/Content/MobileResources/HUD/MobileHUDButton1_off.uasset" 244
"../../../Engine/Content/MobileResources/HUD/MobileHUDButton1_on.uasset" 245
"../../../Engine/Content/MobileResources/HUD/MobileHUDButton2_off.uasset" 246
"../../../Engine/Content/MobileResources/HUD/MobileHUDButton2_on.uasset" 247
"../../../Engine/Content/MobileResources/HUD/MobileHUDButton3.uasset" 248
"../../../Engine/Content/MobileResources/HUD/MobileHUDButtonFire.uasset" 249
"../../../Engine/Content/MobileResources/HUD/MobileHUDDirectionPad.uasset" 250
"../../../Engine/Content/MobileResources/HUD/MobileHUDDirectionPad2.uasset" 251
"../../../Engine/Content/MobileResources/HUD/MobileHUDDirectionPad3.uasset" 252
"../../../Engine/Content/MobileResources/HUD/MobileHUDDirectionStick.uasset" 253
"../../../Engine/Content/MobileResources/HUD/T_Castle_ThumbstickInner.uasset" 254
"../../../Engine/Content/MobileResources/HUD/T_Castle_ThumbstickOutter.uasset" 255
"../../../Engine/Content/Tutorial/ContentIntroCurve.uasset" 256
"../../../Engine/Content/Tutorial/Basics/LevelEditorAttract.uasset" 257
"../../../Engine/Content/VREditor/LaserPointer/VR_LaserPower_01.uasset" 258
"../../../Engine/Content/VREditor/TransformGizmo/TransformGizmoMaterial.uasset" 259
"../../../Engine/Content/VREditor/TransformGizmo/TranslucentTransformGizmoMaterial.uasset" 260
"../../../Engine/Content/VREditor/TransformGizmo/BoundingBoxCorner.uasset" 261
"../../../Engine/Content/VREditor/TransformGizmo/BoundingBoxEdge.uasset" 262
"../../../Engine/Content/VREditor/TransformGizmo/PlaneTranslationHandle.uasset" 263
"../../../Engine/Content/VREditor/TransformGizmo/Main.uasset" 264
"../../../Engine/Content/VREditor/TransformGizmo/Xray.uasset" 265
"../../../Engine/Content/VREditor/TransformGizmo/SM_Sequencer_Key.uasset" 266
"../../../Engine/Content/VREditor/TransformGizmo/SM_Sequencer_Node.uasset" 267
"../../Plugins/2D/Paper2D/Content/PlaceholderTextures/DummySpriteTexture.uasset" 268
"../../Plugins/2D/Paper2D/Content/DummySprite.uasset" 269
"../../Plugins/2D/Paper2D/Content/DefaultPaperTerrainMaterial.uasset" 270
"../../Plugins/2D/Paper2D/Content/DefaultSpriteMaterial.uasset" 271
"../../Plugins/2D/Paper2D/Content/MaskedUnlitSpriteMaterial.uasset" 272
"../../Plugins/2D/Paper2D/Content/OpaqueUnlitSpriteMaterial.uasset" 273
"../../Plugins/FX/Niagara/Content/Enums/ENiagaraBooleanLogicOps.uasset" 274
"../../Plugins/FX/Niagara/Content/Enums/ENiagaraCoordinateSpace.uasset" 275
"../../Plugins/FX/Niagara/Content/Enums/ENiagaraExpansionMode.uasset" 276
"../../Plugins/FX/Niagara/Content/Enums/ENiagaraOrientationAxis.uasset" 277
"../../Plugins/FX/Niagara/Content/Enums/ENiagaraRandomnessMode.uasset" 278
"../../../Engine/Content/Functions/Engine_MaterialFunctions02/Utility/BreakOutFloat4Components.uasset" 279
"../../../Engine/Content/Functions/Engine_MaterialFunctions02/Utility/MakeFloat3.uasset" 280
"../../Plugins/Runtime/Oculus/OculusVR/Content/Materials/OculusMR_ChromaKey.uasset" 281
"../../Plugins/Runtime/Oculus/OculusVR/Content/Materials/OculusMR_ChromaKey_Lit.uasset" 282
"../../Plugins/Runtime/Oculus/OculusVR/Content/Materials/OculusMR_OpaqueColoredMaterial.uasset" 283
"../../Plugins/Runtime/Oculus/OculusVR/Content/Materials/OculusMR_WhiteMaterial.uasset" 284
"../../../../../../Users/Admin/Documents/Unreal Projects/VR-Funhouse-Christmas-Edition/Content/ExternalAssets/Level1/FXVarietyPack/Materials/M_ky_empty.uasset" 285
"../../../../../../Users/Admin/Documents/Unreal Projects/VR-Funhouse-Christmas-Edition/Content/ExternalAssets/Level1/FXVarietyPack/Textures/T_ky_flare_a.uasset" 286
"../../../../../../Users/Admin/Documents/Unreal Projects/VR-Funhouse-Christmas-Edition/Content/ExternalAssets/Level1/FXVarietyPack/Materials/M_ky_flare_flash.uasset" 287
"../../../Engine/Content/Functions/Engine_MaterialFunctions02/Texturing/ScreenAlignedPixelToPixelUVs.uasset" 288
"../../../Engine/Content/Functions/Engine_MaterialFunctions02/Utility/DitherTemporalAA.uasset" 289
"../../../../../../Users/Admin/Documents/Unreal Projects/VR-Funhouse-Christmas-Edition/Content/ExternalAssets/Level1/FXVarietyPack/Textures/T_ky_stone02_2x2.uasset" 290
"../../../../../../Users/Admin/Documents/Unreal Projects/VR-Funhouse-Christmas-Edition/Content/ExternalAssets/Level1/FXVarietyPack/Materials/M_ky_stone02.uasset" 291
"../../../Engine/Content/Functions/Engine_MaterialFunctions03/Texturing/TwoSidedTexturing.uasset" 292
"../../../Engine/Content/EngineResources/DefaultTexture.uasset" 293
"../../../../../../Users/Admin/Documents/Unreal Projects/VR-Funhouse-Christmas-Edition/Content/ExternalAssets/Level1/FXVarietyPack/Textures/T_ky_maskRGB3.uasset" 294
"../../../../../../Users/Admin/Documents/Unreal Projects/VR-Funhouse-Christmas-Edition/Content/ExternalAssets/Level1/FXVarietyPack/Materials/Mfunction/MF_ky_AddHilight.uasset" 295
"../../../Engine/Content/Functions/Engine_MaterialFunctions01/Gradient/LinearGradient.uasset" 296
"../../../../../../Users/Admin/Documents/Unreal Projects/VR-Funhouse-Christmas-Edition/Content/ExternalAssets/Level1/FXVarietyPack/Materials/Mfunction/MF_ky_MaskToTopUnder.uasset" 297
"../../../../../../Users/Admin/Documents/Unreal Projects/VR-Funhouse-Christmas-Edition/Content/ExternalAssets/Level1/FXVarietyPack/Textures/T_ky_noise5.uasset" 298
"../../../../../../Users/Admin/Documents/Unreal Projects/VR-Funhouse-Christmas-Edition/Content/ExternalAssets/Level1/FXVarietyPack/Materials/Mfunction/MF_ky_TexController.uasset" 299
"../../../../../../Users/Admin/Documents/Unreal Projects/VR-Funhouse-Christmas-Edition/Content/ExternalAssets/Level1/FXVarietyPack/Materials/Mfunction/MF_ky_TexController_primitive.uasset" 300
"../../../../../../Users/Admin/Documents/Unreal Projects/VR-Funhouse-Christmas-Edition/Content/ExternalAssets/Level1/FXVarietyPack/Textures/T_ky_noise17.uasset" 301
"../../../../../../Users/Admin/Documents/Unreal Projects/VR-Funhouse-Christmas-Edition/Content/ExternalAssets/Level1/FXVarietyPack/Materials/M_ky_storm01.uasset" 302
"../../../../../../Users/Admin/Documents/Unreal Projects/VR-Funhouse-Christmas-Edition/Content/ExternalAssets/Level1/FXVarietyPack/Textures/T_ky_noise4.uasset" 303
"../../../../../../Users/Admin/Documents/Unreal Projects/VR-Funhouse-Christmas-Edition/Content/ExternalAssets/Level1/FXVarietyPack/Textures/T_ky_noise6.uasset" 304
"../../../../../../Users/Admin/Documents/Unreal Projects/VR-Funhouse-Christmas-Edition/Content/ExternalAssets/Level1/FXVarietyPack/Materials/M_ky_stormDeco01.uasset" 305
"../../../../../../Users/Admin/Documents/Unreal Projects/VR-Funhouse-Christmas-Edition/Content/ExternalAssets/Level1/FXVarietyPack/Materials/MI_ky_storm01_nonD.uasset" 306
"../../../Engine/Content/Functions/Engine_MaterialFunctions01/Density/ExponentialDensity.uasset" 307
"../../../Engine/Content/Functions/Engine_MaterialFunctions01/Gradient/RadialGradientExponential.uasset" 308
"../../../../../../Users/Admin/Documents/Unreal Projects/VR-Funhouse-Christmas-Edition/Content/ExternalAssets/Level1/FXVarietyPack/Textures/T_ky_dist_noise.uasset" 309
"../../../../../../Users/Admin/Documents/Unreal Projects/VR-Funhouse-Christmas-Edition/Content/ExternalAssets/Level1/FXVarietyPack/Textures/T_ky_smoke_kai.uasset" 310
"../../../../../../Users/Admin/Documents/Unreal Projects/VR-Funhouse-Christmas-Edition/Content/ExternalAssets/Level1/FXVarietyPack/Materials/M_ky_base_turbulence.uasset" 311
"../../../../../../Users/Admin/Documents/Unreal Projects/VR-Funhouse-Christmas-Edition/Content/ExternalAssets/Level1/FXVarietyPack/Materials/MI_ky_turbulence_smoke2d_trs.uasset" 312
"../../../../../../Users/Admin/Documents/Unreal Projects/VR-Funhouse-Christmas-Edition/Content/ExternalAssets/Level1/FXVarietyPack/Textures/T_ky_vortex04_4x4.uasset" 313
"../../../../../../Users/Admin/Documents/Unreal Projects/VR-Funhouse-Christmas-Edition/Content/ExternalAssets/Level1/FXVarietyPack/Materials/M_ky_vortex04_4x4.uasset" 314
"../../../../../../Users/Admin/Documents/Unreal Projects/VR-Funhouse-Christmas-Edition/Content/ExternalAssets/Level1/FXVarietyPack/Materials/MI_ky_vortex04B_4x4_two.uasset" 315
"../../../../../../Users/Admin/Documents/Unreal Projects/VR-Funhouse-Christmas-Edition/Content/ExternalAssets/Level1/FXVarietyPack/Meshes/SM_ky_circleDist06.uasset" 316
"../../../../../../Users/Admin/Documents/Unreal Projects/VR-Funhouse-Christmas-Edition/Content/ExternalAssets/Level1/FXVarietyPack/Meshes/SM_ky_quad_centerRot.uasset" 317
"../../../../../../Users/Admin/Documents/Unreal Projects/VR-Funhouse-Christmas-Edition/Content/ExternalAssets/Level1/FXVarietyPack/Meshes/SM_ky_tornado07.uasset" 318
"../../../../../../Users/Admin/Documents/Unreal Projects/VR-Funhouse-Christmas-Edition/Content/ExternalAssets/Level1/FXVarietyPack/Particles/P_ky_storm.uasset" 319
"../../../../../../Users/Admin/Documents/Unreal Projects/VR-Funhouse-Christmas-Edition/Content/ExternalAssets/Level1/FXVarietyPack/Blueprints/BP_ky_storm.uasset" 320
"../../../../../../Users/Admin/Documents/Unreal Projects/VR-Funhouse-Christmas-Edition/Content/ExternalAssets/Level1/FXVarietyPack/Materials/M_ky_waterDust02.uasset" 321
"../../../../../../Users/Admin/Documents/Unreal Projects/VR-Funhouse-Christmas-Edition/Content/ExternalAssets/Level1/FXVarietyPack/Materials/MI_ky_storm01_aqua.uasset" 322
"../../../../../../Users/Admin/Documents/Unreal Projects/VR-Funhouse-Christmas-Edition/Content/ExternalAssets/Level1/FXVarietyPack/Materials/MI_ky_storm01_aqua_nonD.uasset" 323
"../../../../../../Users/Admin/Documents/Unreal Projects/VR-Funhouse-Christmas-Edition/Content/ExternalAssets/Level1/FXVarietyPack/Materials/MI_ky_stormDeco01_aqua.uasset" 324
"../../../../../../Users/Admin/Documents/Unreal Projects/VR-Funhouse-Christmas-Edition/Content/ExternalAssets/Level1/FXVarietyPack/Particles/P_ky_aquaStorm.uasset" 325
"../../../../../../Users/Admin/Documents/Unreal Projects/VR-Funhouse-Christmas-Edition/Content/ExternalAssets/Level1/FXVarietyPack/Blueprints/BP_ky_aquaStorm.uasset" 326
"../../../../../../Users/Admin/Documents/Unreal Projects/VR-Funhouse-Christmas-Edition/Content/ExternalAssets/Level1/FXVarietyPack/Textures/T_ky_noise3.uasset" 327
"../../../../../../Users/Admin/Documents/Unreal Projects/VR-Funhouse-Christmas-Edition/Content/ExternalAssets/Level1/FXVarietyPack/Materials/M_ky_dynDust.uasset" 328
"../../../../../../Users/Admin/Documents/Unreal Projects/VR-Funhouse-Christmas-Edition/Content/ExternalAssets/Level1/FXVarietyPack/Textures/T_ky_smoke2.uasset" 329
"../../../../../../Users/Admin/Documents/Unreal Projects/VR-Funhouse-Christmas-Edition/Content/ExternalAssets/Level1/FXVarietyPack/Materials/MI_ky_dynDust.uasset" 330
"../../../../../../Users/Admin/Documents/Unreal Projects/VR-Funhouse-Christmas-Edition/Content/ExternalAssets/Level1/FXVarietyPack/Materials/MI_ky_storm01_dark.uasset" 331
"../../../../../../Users/Admin/Documents/Unreal Projects/VR-Funhouse-Christmas-Edition/Content/ExternalAssets/Level1/FXVarietyPack/Materials/MI_ky_storm01_dark_nonD.uasset" 332
"../../../../../../Users/Admin/Documents/Unreal Projects/VR-Funhouse-Christmas-Edition/Content/ExternalAssets/Level1/FXVarietyPack/Materials/MI_ky_stormDeco01_dark.uasset" 333
"../../../../../../Users/Admin/Documents/Unreal Projects/VR-Funhouse-Christmas-Edition/Content/ExternalAssets/Level1/FXVarietyPack/Particles/P_ky_darkStorm.uasset" 334
"../../../../../../Users/Admin/Documents/Unreal Projects/VR-Funhouse-Christmas-Edition/Content/ExternalAssets/Level1/FXVarietyPack/Blueprints/BP_ky_darkStorm.uasset" 335
"../../../../../../Users/Admin/Documents/Unreal Projects/VR-Funhouse-Christmas-Edition/Content/ExternalAssets/Level1/FXVarietyPack/Materials/Mfunction/MF_ky_VectorToRadialValue.uasset" 336
"../../../../../../Users/Admin/Documents/Unreal Projects/VR-Funhouse-Christmas-Edition/Content/ExternalAssets/Level1/FXVarietyPack/Textures/T_ky_decoLines.uasset" 337
"../../../../../../Users/Admin/Documents/Unreal Projects/VR-Funhouse-Christmas-Edition/Content/ExternalAssets/Level1/FXVarietyPack/Textures/T_ky_decoLinesB.uasset" 338
"../../../../../../Users/Admin/Documents/Unreal Projects/VR-Funhouse-Christmas-Edition/Content/ExternalAssets/Level1/FXVarietyPack/Materials/M_ky_polar.uasset" 339
"../../../../../../Users/Admin/Documents/Unreal Projects/VR-Funhouse-Christmas-Edition/Content/ExternalAssets/Level1/FXVarietyPack/Materials/MI_ky_polarG_nonD.uasset" 340
"../../../../../../Users/Admin/Documents/Unreal Projects/VR-Funhouse-Christmas-Edition/Content/ExternalAssets/Level1/FXVarietyPack/Textures/T_ky_bg.uasset" 341
"../../../../../../Users/Admin/Documents/Unreal Projects/VR-Funhouse-Christmas-Edition/Content/ExternalAssets/Level1/FXVarietyPack/Materials/M_ky_subUV01.uasset" 342
"../../../../../../Users/Admin/Documents/Unreal Projects/VR-Funhouse-Christmas-Edition/Content/ExternalAssets/Level1/FXVarietyPack/Textures/T_ky_shockwave12_4x4.uasset" 343
"../../../../../../Users/Admin/Documents/Unreal Projects/VR-Funhouse-Christmas-Edition/Content/ExternalAssets/Level1/FXVarietyPack/Materials/MI_ky_shockwave12_4x4.uasset" 344
"../../../../../../Users/Admin/Documents/Unreal Projects/VR-Funhouse-Christmas-Edition/Content/ExternalAssets/Level1/FXVarietyPack/Particles/P_ky_hit2.uasset" 345
"../../../../../../Users/Admin/Documents/Unreal Projects/VR-Funhouse-Christmas-Edition/Content/ExternalAssets/Level1/FXVarietyPack/Blueprints/BP_ky_hit2.uasset" 346
"../../../../../../Users/Admin/Documents/Unreal Projects/VR-Funhouse-Christmas-Edition/Content/ExternalAssets/Level1/FXVarietyPack/Textures/T_ky_smoke1.uasset" 347
"../../../../../../Users/Admin/Documents/Unreal Projects/VR-Funhouse-Christmas-Edition/Content/ExternalAssets/Level1/FXVarietyPack/Materials/M_ky_smoke01.uasset" 348
"../../../../../../Users/Admin/Documents/Unreal Projects/VR-Funhouse-Christmas-Edition/Content/ExternalAssets/Level1/FXVarietyPack/Materials/MI_ky_flare_flash_trs.uasset" 349
"../../../../../../Users/Admin/Documents/Unreal Projects/VR-Funhouse-Christmas-Edition/Content/ExternalAssets/Level1/FXVarietyPack/Materials/MI_ky_polar_two.uasset" 350
"../../../Engine/Content/Functions/Engine_MaterialFunctions02/Fresnel_Function.uasset" 351
"../../../../../../Users/Admin/Documents/Unreal Projects/VR-Funhouse-Christmas-Edition/Content/ExternalAssets/Level1/FXVarietyPack/Materials/M_ky_primitive.uasset" 352
"../../../../../../Users/Admin/Documents/Unreal Projects/VR-Funhouse-Christmas-Edition/Content/ExternalAssets/Level1/FXVarietyPack/Materials/MI_ky_primitive2b_trs.uasset" 353
"../../../../../../Users/Admin/Documents/Unreal Projects/VR-Funhouse-Christmas-Edition/Content/ExternalAssets/Level1/FXVarietyPack/Materials/M_ky_primitive_dyn2.uasset" 354
"../../../../../../Users/Admin/Documents/Unreal Projects/VR-Funhouse-Christmas-Edition/Content/ExternalAssets/Level1/FXVarietyPack/Materials/MI_ky_primitive_dynB_two.uasset" 355
"../../../../../../Users/Admin/Documents/Unreal Projects/VR-Funhouse-Christmas-Edition/Content/ExternalAssets/Level1/FXVarietyPack/Particles/P_ky_explosion.uasset" 356
"../../../../../../Users/Admin/Documents/Unreal Projects/VR-Funhouse-Christmas-Edition/Content/ExternalAssets/Level1/FXVarietyPack/Blueprints/BP_ky_explosion.uasset" 357
"../../../../../../Users/Admin/Documents/Unreal Projects/VR-Funhouse-Christmas-Edition/Content/ExternalAssets/Level1/FXVarietyPack/Materials/MI_ky_storm01_fire.uasset" 358
"../../../../../../Users/Admin/Documents/Unreal Projects/VR-Funhouse-Christmas-Edition/Content/ExternalAssets/Level1/FXVarietyPack/Materials/MI_ky_storm01_fire_nonD1.uasset" 359
"../../../../../../Users/Admin/Documents/Unreal Projects/VR-Funhouse-Christmas-Edition/Content/ExternalAssets/Level1/FXVarietyPack/Materials/MI_ky_stormDeco01_fire.uasset" 360
"../../../../../../Users/Admin/Documents/Unreal Projects/VR-Funhouse-Christmas-Edition/Content/ExternalAssets/Level1/FXVarietyPack/Particles/P_ky_fireStorm.uasset" 361
"../../../../../../Users/Admin/Documents/Unreal Projects/VR-Funhouse-Christmas-Edition/Content/ExternalAssets/Level1/FXVarietyPack/Blueprints/BP_ky_fireStorm.uasset" 362
"../../../../../../Users/Admin/Documents/Unreal Projects/VR-Funhouse-Christmas-Edition/Content/ExternalAssets/Level1/FXVarietyPack/Materials/Mfunction/MF_ky_UVcontrol_4x4.uasset" 363
"../../../../../../Users/Admin/Documents/Unreal Projects/VR-Funhouse-Christmas-Edition/Content/ExternalAssets/Level1/FXVarietyPack/Textures/T_ky_dust01_4x4.uasset" 364
"../../../../../../Users/Admin/Documents/Unreal Projects/VR-Funhouse-Christmas-Edition/Content/ExternalAssets/Level1/FXVarietyPack/Materials/M_ky_dust01_4x4.uasset" 365
"../../../../../../Users/Admin/Documents/Unreal Projects/VR-Funhouse-Christmas-Edition/Content/ExternalAssets/Level1/FXVarietyPack/Textures/T_ky_aura011_4x4.uasset" 366
"../../../../../../Users/Admin/Documents/Unreal Projects/VR-Funhouse-Christmas-Edition/Content/ExternalAssets/Level1/FXVarietyPack/Materials/MI_ky_aura011_4x4.uasset" 367
"../../../../../../Users/Admin/Documents/Unreal Projects/VR-Funhouse-Christmas-Edition/Content/ExternalAssets/Level1/FXVarietyPack/Materials/MI_ky_aura011_4x4_nonD.uasset" 368
"../../../../../../Users/Admin/Documents/Unreal Projects/VR-Funhouse-Christmas-Edition/Content/ExternalAssets/Level1/FXVarietyPack/Textures/T_ky_noise13_sml_nor.uasset" 369
"../../../../../../Users/Admin/Documents/Unreal Projects/VR-Funhouse-Christmas-Edition/Content/ExternalAssets/Level1/FXVarietyPack/Textures/T_ky_smoke03.uasset" 370
"../../../../../../Users/Admin/Documents/Unreal Projects/VR-Funhouse-Christmas-Edition/Content/ExternalAssets/Level1/FXVarietyPack/Materials/M_ky_auraWall02.uasset" 371
"../../../../../../Users/Admin/Documents/Unreal Projects/VR-Funhouse-Christmas-Edition/Content/ExternalAssets/Level1/FXVarietyPack/Materials/MI_ky_auraWall02_two.uasset" 372
"../../../../../../Users/Admin/Documents/Unreal Projects/VR-Funhouse-Christmas-Edition/Content/ExternalAssets/Level1/FXVarietyPack/Textures/T_ky_auraWallWhite_4x4.uasset" 373
"../../../../../../Users/Admin/Documents/Unreal Projects/VR-Funhouse-Christmas-Edition/Content/ExternalAssets/Level1/FXVarietyPack/Textures/T_ky_maskCircle.uasset" 374
"../../../../../../Users/Admin/Documents/Unreal Projects/VR-Funhouse-Christmas-Edition/Content/ExternalAssets/Level1/FXVarietyPack/Materials/M_ky_base_anime.uasset" 375
"../../../../../../Users/Admin/Documents/Unreal Projects/VR-Funhouse-Christmas-Edition/Content/ExternalAssets/Level1/FXVarietyPack/Textures/T_ky_circle9_4x4.uasset" 376
"../../../../../../Users/Admin/Documents/Unreal Projects/VR-Funhouse-Christmas-Edition/Content/ExternalAssets/Level1/FXVarietyPack/Materials/MI_ky_circle9_4x4c2.uasset" 377
"../../../../../../Users/Admin/Documents/Unreal Projects/VR-Funhouse-Christmas-Edition/Content/ExternalAssets/Level1/FXVarietyPack/Materials/MI_ky_primitive_dynB_nonD.uasset" 378
"../../../Engine/Content/Functions/Engine_MaterialFunctions01/Gradient/DiamondGradient.uasset" 379
"../../../Engine/Content/Functions/Engine_MaterialFunctions03/Blends/Blend_Screen.uasset" 380
"../../../../../../Users/Admin/Documents/Unreal Projects/VR-Funhouse-Christmas-Edition/Content/ExternalAssets/Level1/FXVarietyPack/Textures/T_ky_dust_longStar.uasset" 381
"../../../../../../Users/Admin/Documents/Unreal Projects/VR-Funhouse-Christmas-Edition/Content/ExternalAssets/Level1/FXVarietyPack/Materials/M_ky_starDust.uasset" 382
"../../../../../../Users/Admin/Documents/Unreal Projects/VR-Funhouse-Christmas-Edition/Content/ExternalAssets/Level1/FXVarietyPack/Materials/MI_ky_starDust_dis.uasset" 383
"../../../../../../Users/Admin/Documents/Unreal Projects/VR-Funhouse-Christmas-Edition/Content/ExternalAssets/Level1/FXVarietyPack/Meshes/SM_ky_auraWall_distB_kai.uasset" 384
"../../../../../../Users/Admin/Documents/Unreal Projects/VR-Funhouse-Christmas-Edition/Content/ExternalAssets/Level1/FXVarietyPack/Meshes/SM_ky_cylinder_lowPoly_dist.uasset" 385
"../../../../../../Users/Admin/Documents/Unreal Projects/VR-Funhouse-Christmas-Edition/Content/ExternalAssets/Level1/FXVarietyPack/Meshes/SM_ky_cylinder_superLow.uasset" 386
"../../../../../../Users/Admin/Documents/Unreal Projects/VR-Funhouse-Christmas-Edition/Content/ExternalAssets/Level1/FXVarietyPack/Particles/P_ky_healAura.uasset" 387
"../../../../../../Users/Admin/Documents/Unreal Projects/VR-Funhouse-Christmas-Edition/Content/ExternalAssets/Level1/FXVarietyPack/Blueprints/BP_ky_healAura.uasset" 388
"../../../../../../Users/Admin/Documents/Unreal Projects/VR-Funhouse-Christmas-Edition/Content/ExternalAssets/Level1/FXVarietyPack/Textures/T_ky_bg_LC.uasset" 389
"../../../../../../Users/Admin/Documents/Unreal Projects/VR-Funhouse-Christmas-Edition/Content/ExternalAssets/Level1/FXVarietyPack/Materials/M_ky_subUV_dynRGB.uasset" 390
"../../../../../../Users/Admin/Documents/Unreal Projects/VR-Funhouse-Christmas-Edition/Content/ExternalAssets/Level1/FXVarietyPack/Textures/T_ky_lightning02_4x4.uasset" 391
"../../../../../../Users/Admin/Documents/Unreal Projects/VR-Funhouse-Christmas-Edition/Content/ExternalAssets/Level1/FXVarietyPack/Materials/MI_ky_lightning02_4x4.uasset" 392
"../../../../../../Users/Admin/Documents/Unreal Projects/VR-Funhouse-Christmas-Edition/Content/ExternalAssets/Level1/FXVarietyPack/Textures/T_ky_lightningDust01_4x4.uasset" 393
"../../../../../../Users/Admin/Documents/Unreal Projects/VR-Funhouse-Christmas-Edition/Content/ExternalAssets/Level1/FXVarietyPack/Materials/MI_ky_lightningDust01_4x4_nonD.uasset" 394
"../../../../../../Users/Admin/Documents/Unreal Projects/VR-Funhouse-Christmas-Edition/Content/ExternalAssets/Level1/FXVarietyPack/Textures/T_ky_flareVertical02.uasset" 395
"../../../../../../Users/Admin/Documents/Unreal Projects/VR-Funhouse-Christmas-Edition/Content/ExternalAssets/Level1/FXVarietyPack/Materials/M_ky_flare01_primitive.uasset" 396
"../../../../../../Users/Admin/Documents/Unreal Projects/VR-Funhouse-Christmas-Edition/Content/ExternalAssets/Level1/FXVarietyPack/Textures/T_ky_shine01_4x4.uasset" 397
"../../../../../../Users/Admin/Documents/Unreal Projects/VR-Funhouse-Christmas-Edition/Content/ExternalAssets/Level1/FXVarietyPack/Materials/MI_ky_shine01R_nonD.uasset" 398
"../../../../../../Users/Admin/Documents/Unreal Projects/VR-Funhouse-Christmas-Edition/Content/ExternalAssets/Level1/FXVarietyPack/Particles/P_ky_lightning1.uasset" 399
"../../../../../../Users/Admin/Documents/Unreal Projects/VR-Funhouse-Christmas-Edition/Content/ExternalAssets/Level1/FXVarietyPack/Blueprints/BP_ky_lightning1.uasset" 400
"../../../../../../Users/Admin/Documents/Unreal Projects/VR-Funhouse-Christmas-Edition/Content/ExternalAssets/Level1/FXVarietyPack/Textures/T_ky_flare25_4x4.uasset" 401
"../../../../../../Users/Admin/Documents/Unreal Projects/VR-Funhouse-Christmas-Edition/Content/ExternalAssets/Level1/FXVarietyPack/Materials/MI_ky_flare25_4x4.uasset" 402
"../../../../../../Users/Admin/Documents/Unreal Projects/VR-Funhouse-Christmas-Edition/Content/ExternalAssets/Level1/FXVarietyPack/Particles/P_ky_hit1.uasset" 403
"../../../../../../Users/Admin/Documents/Unreal Projects/VR-Funhouse-Christmas-Edition/Content/ExternalAssets/Level1/FXVarietyPack/Blueprints/BP_ky_hit1.uasset" 404
"../../../../../../Users/Admin/Documents/Unreal Projects/VR-Funhouse-Christmas-Edition/Content/ExternalAssets/Level1/FXVarietyPack/Textures/T_ky_deco_doom.uasset" 405
"../../../../../../Users/Admin/Documents/Unreal Projects/VR-Funhouse-Christmas-Edition/Content/ExternalAssets/Level1/FXVarietyPack/Materials/M_ky_laser01.uasset" 406
"../../../../../../Users/Admin/Documents/Unreal Projects/VR-Funhouse-Christmas-Edition/Content/ExternalAssets/Level1/FXVarietyPack/Materials/MI_ky_shine01R.uasset" 407
"../../../../../../Users/Admin/Documents/Unreal Projects/VR-Funhouse-Christmas-Edition/Content/ExternalAssets/Level1/FXVarietyPack/Materials/MI_ky_starDust_sq.uasset" 408
"../../../../../../Users/Admin/Documents/Unreal Projects/VR-Funhouse-Christmas-Edition/Content/ExternalAssets/Level1/FXVarietyPack/Particles/P_ky_laser01.uasset" 409
"../../../../../../Users/Admin/Documents/Unreal Projects/VR-Funhouse-Christmas-Edition/Content/ExternalAssets/Level1/FXVarietyPack/Blueprints/BP_ky_laser01.uasset" 410
"../../../../../../Users/Admin/Documents/Unreal Projects/VR-Funhouse-Christmas-Edition/Content/ExternalAssets/Level1/FXVarietyPack/Particles/P_ky_lightning2.uasset" 411
"../../../../../../Users/Admin/Documents/Unreal Projects/VR-Funhouse-Christmas-Edition/Content/ExternalAssets/Level1/FXVarietyPack/Blueprints/BP_ky_lightning2.uasset" 412
"../../../../../../Users/Admin/Documents/Unreal Projects/VR-Funhouse-Christmas-Edition/Content/ExternalAssets/Level1/FXVarietyPack/Materials/MI_ky_dynDust2.uasset" 413
"../../../../../../Users/Admin/Documents/Unreal Projects/VR-Funhouse-Christmas-Edition/Content/ExternalAssets/Level1/FXVarietyPack/Particles/P_ky_lightning3.uasset" 414
"../../../../../../Users/Admin/Documents/Unreal Projects/VR-Funhouse-Christmas-Edition/Content/ExternalAssets/Level1/FXVarietyPack/Blueprints/BP_ky_lightning3.uasset" 415
"../../../../../../Users/Admin/Documents/Unreal Projects/VR-Funhouse-Christmas-Edition/Content/ExternalAssets/Level1/FXVarietyPack/Textures/T_ky_circle01_4x4.uasset" 416
"../../../../../../Users/Admin/Documents/Unreal Projects/VR-Funhouse-Christmas-Edition/Content/ExternalAssets/Level1/FXVarietyPack/Materials/M_ky_circle01_4x4G_nonD.uasset" 417
"../../../../../../Users/Admin/Documents/Unreal Projects/VR-Funhouse-Christmas-Edition/Content/ExternalAssets/Level1/FXVarietyPack/Textures/T_ky_noise.uasset" 418
"../../../../../../Users/Admin/Documents/Unreal Projects/VR-Funhouse-Christmas-Edition/Content/ExternalAssets/Level1/FXVarietyPack/Materials/M_ky_Fresnel.uasset" 419
"../../../../../../Users/Admin/Documents/Unreal Projects/VR-Funhouse-Christmas-Edition/Content/ExternalAssets/Level1/FXVarietyPack/Textures/T_ky_magicCircle020.uasset" 420
"../../../../../../Users/Admin/Documents/Unreal Projects/VR-Funhouse-Christmas-Edition/Content/ExternalAssets/Level1/FXVarietyPack/Materials/M_ky_magicCircle020.uasset" 421
"../../../../../../Users/Admin/Documents/Unreal Projects/VR-Funhouse-Christmas-Edition/Content/ExternalAssets/Level1/FXVarietyPack/Textures/T_ky_chantDecoC.uasset" 422
"../../../../../../Users/Admin/Documents/Unreal Projects/VR-Funhouse-Christmas-Edition/Content/ExternalAssets/Level1/FXVarietyPack/Materials/M_ky_chantDecoA.uasset" 423
"../../../../../../Users/Admin/Documents/Unreal Projects/VR-Funhouse-Christmas-Edition/Content/ExternalAssets/Level1/FXVarietyPack/Materials/MI_ky_chantDecoAc.uasset" 424
"../../../../../../Users/Admin/Documents/Unreal Projects/VR-Funhouse-Christmas-Edition/Content/ExternalAssets/Level1/FXVarietyPack/Materials/M_ky_base.uasset" 425
"../../../../../../Users/Admin/Documents/Unreal Projects/VR-Funhouse-Christmas-Edition/Content/ExternalAssets/Level1/FXVarietyPack/Textures/T_ky_circleDust.uasset" 426
"../../../../../../Users/Admin/Documents/Unreal Projects/VR-Funhouse-Christmas-Edition/Content/ExternalAssets/Level1/FXVarietyPack/Materials/MI_ky_circleDust.uasset" 427
"../../../../../../Users/Admin/Documents/Unreal Projects/VR-Funhouse-Christmas-Edition/Content/ExternalAssets/Level1/FXVarietyPack/Meshes/SM_ky_cylinderBend07.uasset" 428
"../../../../../../Users/Admin/Documents/Unreal Projects/VR-Funhouse-Christmas-Edition/Content/ExternalAssets/Level1/FXVarietyPack/Particles/P_ky_magicCircle1.uasset" 429
"../../../../../../Users/Admin/Documents/Unreal Projects/VR-Funhouse-Christmas-Edition/Content/ExternalAssets/Level1/FXVarietyPack/Blueprints/BP_ky_magicCircle1.uasset" 430
"../../../../../../Users/Admin/Documents/Unreal Projects/VR-Funhouse-Christmas-Edition/Content/ExternalAssets/Level1/FXVarietyPack/Materials/M_ky_polar_primitive.uasset" 431
"../../../../../../Users/Admin/Documents/Unreal Projects/VR-Funhouse-Christmas-Edition/Content/ExternalAssets/Level1/FXVarietyPack/Textures/T_ky_deco_rainbow.uasset" 432
"../../../../../../Users/Admin/Documents/Unreal Projects/VR-Funhouse-Christmas-Edition/Content/ExternalAssets/Level1/FXVarietyPack/Materials/M_ky_trail_primitive.uasset" 433
"../../../../../../Users/Admin/Documents/Unreal Projects/VR-Funhouse-Christmas-Edition/Content/ExternalAssets/Level1/FXVarietyPack/Materials/M_ky_subUV03.uasset" 434
"../../../../../../Users/Admin/Documents/Unreal Projects/VR-Funhouse-Christmas-Edition/Content/ExternalAssets/Level1/FXVarietyPack/Textures/T_ky_flareVertical03_4x4.uasset" 435
"../../../../../../Users/Admin/Documents/Unreal Projects/VR-Funhouse-Christmas-Edition/Content/ExternalAssets/Level1/FXVarietyPack/Materials/MI_ky_flareVertical03b_4x4.uasset" 436
"../../../../../../Users/Admin/Documents/Unreal Projects/VR-Funhouse-Christmas-Edition/Content/ExternalAssets/Level1/FXVarietyPack/Materials/MI_ky_shine01B.uasset" 437
"../../../../../../Users/Admin/Documents/Unreal Projects/VR-Funhouse-Christmas-Edition/Content/ExternalAssets/Level1/FXVarietyPack/Textures/T_ky_shockwave10_4x4.uasset" 438
"../../../../../../Users/Admin/Documents/Unreal Projects/VR-Funhouse-Christmas-Edition/Content/ExternalAssets/Level1/FXVarietyPack/Materials/MI_ky_shockwave10R_4x4_nonD.uasset" 439
"../../../../../../Users/Admin/Documents/Unreal Projects/VR-Funhouse-Christmas-Edition/Content/ExternalAssets/Level1/FXVarietyPack/Particles/P_ky_shootingStar1.uasset" 440
"../../../../../../Users/Admin/Documents/Unreal Projects/VR-Funhouse-Christmas-Edition/Content/ExternalAssets/Level1/FXVarietyPack/Blueprints/BP_ky_shootingStar1.uasset" 441
"../../../../../../Users/Admin/Documents/Unreal Projects/VR-Funhouse-Christmas-Edition/Content/ExternalAssets/Level1/FXVarietyPack/Particles/P_ky_fireBall.uasset" 442
"../../../../../../Users/Admin/Documents/Unreal Projects/VR-Funhouse-Christmas-Edition/Content/ExternalAssets/Level1/FXVarietyPack/Textures/T_ky_flare3.uasset" 443
"../../../../../../Users/Admin/Documents/Unreal Projects/VR-Funhouse-Christmas-Edition/Content/ExternalAssets/Level1/FXVarietyPack/Textures/T_ky_maskRGB5.uasset" 444
"../../../../../../Users/Admin/Documents/Unreal Projects/VR-Funhouse-Christmas-Edition/Content/ExternalAssets/Level1/FXVarietyPack/Materials/M_ky_flarePillar.uasset" 445
"../../../../../../Users/Admin/Documents/Unreal Projects/VR-Funhouse-Christmas-Edition/Content/ExternalAssets/Level1/FXVarietyPack/Textures/T_ky_flareVert.uasset" 446
"../../../../../../Users/Admin/Documents/Unreal Projects/VR-Funhouse-Christmas-Edition/Content/ExternalAssets/Level1/FXVarietyPack/Materials/M_ky_flareVert.uasset" 447
"../../../../../../Users/Admin/Documents/Unreal Projects/VR-Funhouse-Christmas-Edition/Content/ExternalAssets/Level1/FXVarietyPack/Materials/M_ky_aura9.uasset" 448
"../../../../../../Users/Admin/Documents/Unreal Projects/VR-Funhouse-Christmas-Edition/Content/ExternalAssets/Level1/FXVarietyPack/Materials/MI_ky_aura9.uasset" 449
"../../../../../../Users/Admin/Documents/Unreal Projects/VR-Funhouse-Christmas-Edition/Content/ExternalAssets/Level1/FXVarietyPack/Materials/MI_ky_polarC_two.uasset" 450
"../../../../../../Users/Admin/Documents/Unreal Projects/VR-Funhouse-Christmas-Edition/Content/ExternalAssets/Level1/FXVarietyPack/Meshes/SM_ky_planeBend.uasset" 451
"../../../../../../Users/Admin/Documents/Unreal Projects/VR-Funhouse-Christmas-Edition/Content/ExternalAssets/Level1/FXVarietyPack/Meshes/SM_ky_quads.uasset" 452
"../../../../../../Users/Admin/Documents/Unreal Projects/VR-Funhouse-Christmas-Edition/Content/ExternalAssets/Level1/FXVarietyPack/Meshes/SM_ky_windSmokeVertRot.uasset" 453
"../../../../../../Users/Admin/Documents/Unreal Projects/VR-Funhouse-Christmas-Edition/Content/ExternalAssets/Level1/FXVarietyPack/Particles/P_ky_shotShockwave.uasset" 454
"../../../../../../Users/Admin/Documents/Unreal Projects/VR-Funhouse-Christmas-Edition/Content/ExternalAssets/Level1/FXVarietyPack/Blueprints/BP_ky_fireBall.uasset" 455
"../../../../../../Users/Admin/Documents/Unreal Projects/VR-Funhouse-Christmas-Edition/Content/ExternalAssets/Level1/FXVarietyPack/Blueprints/BP_ky_shotSpawn.uasset" 456
"../../../../../../Users/Admin/Documents/Unreal Projects/VR-Funhouse-Christmas-Edition/Content/ExternalAssets/Level1/FXVarietyPack/Materials/MI_ky_smoke01.uasset" 457
"../../../../../../Users/Admin/Documents/Unreal Projects/VR-Funhouse-Christmas-Edition/Content/ExternalAssets/Level1/FXVarietyPack/Materials/MI_ky_smoke01b.uasset" 458
"../../../../../../Users/Admin/Documents/Unreal Projects/VR-Funhouse-Christmas-Edition/Content/ExternalAssets/Level1/FXVarietyPack/Particles/P_ky_thunderBall.uasset" 459
"../../../../../../Users/Admin/Documents/Unreal Projects/VR-Funhouse-Christmas-Edition/Content/ExternalAssets/Level1/FXVarietyPack/Particles/P_ky_ThunderBallHit.uasset" 460
"../../../../../../Users/Admin/Documents/Unreal Projects/VR-Funhouse-Christmas-Edition/Content/ExternalAssets/Level1/FXVarietyPack/Blueprints/BP_ky_thunderBall.uasset" 461
"../../../../../../Users/Admin/Documents/Unreal Projects/VR-Funhouse-Christmas-Edition/Content/ExternalAssets/Level1/FXVarietyPack/Blueprints/BP_ky_ThunderBallHit.uasset" 462
"../../../../../../Users/Admin/Documents/Unreal Projects/VR-Funhouse-Christmas-Edition/Content/ExternalAssets/Level1/FXVarietyPack/Materials/M_ky_thunderForBeam.uasset" 463
"../../../../../../Users/Admin/Documents/Unreal Projects/VR-Funhouse-Christmas-Edition/Content/ExternalAssets/Level1/FXVarietyPack/Textures/T_ky_shockWave03_4x4.uasset" 464
"../../../../../../Users/Admin/Documents/Unreal Projects/VR-Funhouse-Christmas-Edition/Content/ExternalAssets/Level1/FXVarietyPack/Materials/M_ky_shockWave03_4x4.uasset" 465
"../../../../../../Users/Admin/Documents/Unreal Projects/VR-Funhouse-Christmas-Edition/Content/ExternalAssets/Level1/FXVarietyPack/Materials/MI_ky_shockWave03g_4x4.uasset" 466
"../../../../../../Users/Admin/Documents/Unreal Projects/VR-Funhouse-Christmas-Edition/Content/ExternalAssets/Level1/FXVarietyPack/Materials/MI_ky_storm01_thunder.uasset" 467
"../../../../../../Users/Admin/Documents/Unreal Projects/VR-Funhouse-Christmas-Edition/Content/ExternalAssets/Level1/FXVarietyPack/Materials/MI_ky_storm01_thunder_nonD.uasset" 468
"../../../../../../Users/Admin/Documents/Unreal Projects/VR-Funhouse-Christmas-Edition/Content/ExternalAssets/Level1/FXVarietyPack/Particles/P_ky_thunderStorm.uasset" 469
"../../../../../../Users/Admin/Documents/Unreal Projects/VR-Funhouse-Christmas-Edition/Content/ExternalAssets/Level1/FXVarietyPack/Blueprints/BP_ky_thunderStorm.uasset" 470
"../../../../../../Users/Admin/Documents/Unreal Projects/VR-Funhouse-Christmas-Edition/Content/ExternalAssets/Level1/FXVarietyPack/Materials/MI_ky_smoke01c.uasset" 471
"../../../../../../Users/Admin/Documents/Unreal Projects/VR-Funhouse-Christmas-Edition/Content/ExternalAssets/Level1/FXVarietyPack/Particles/P_ky_waterBall.uasset" 472
"../../../../../../Users/Admin/Documents/Unreal Projects/VR-Funhouse-Christmas-Edition/Content/ExternalAssets/Level1/FXVarietyPack/Particles/P_ky_waterBallHit.uasset" 473
"../../../../../../Users/Admin/Documents/Unreal Projects/VR-Funhouse-Christmas-Edition/Content/ExternalAssets/Level1/FXVarietyPack/Blueprints/BP_ky_waterBall.uasset" 474
"../../../../../../Users/Admin/Documents/Unreal Projects/VR-Funhouse-Christmas-Edition/Content/ExternalAssets/Level1/FXVarietyPack/Blueprints/BP_ky_waterBallHit.uasset" 475
"../../../../../../Users/Admin/Documents/Unreal Projects/VR-Funhouse-Christmas-Edition/Content/ExternalAssets/Level1/FXVarietyPack/EpicContent/Materials/M_DefaultTextMaterialTranslucentUnlit.uasset" 476
"../../../../../../Users/Admin/Documents/Unreal Projects/VR-Funhouse-Christmas-Edition/Content/ExternalAssets/Level1/FXVarietyPack/EpicContent/Materials/M_DemoWall.uasset" 477
"../../../../../../Users/Admin/Documents/Unreal Projects/VR-Funhouse-Christmas-Edition/Content/ExternalAssets/Level1/FXVarietyPack/EpicContent/Physical_Materials/Rubber.uasset" 478
"../../../../../../Users/Admin/Documents/Unreal Projects/VR-Funhouse-Christmas-Edition/Content/ExternalAssets/Level1/FXVarietyPack/EpicContent/Materials/MI_DemoWall.uasset" 479
"../../../../../../Users/Admin/Documents/Unreal Projects/VR-Funhouse-Christmas-Edition/Content/ExternalAssets/Level1/FXVarietyPack/EpicContent/Physical_Materials/Metal.uasset" 480
"../../../../../../Users/Admin/Documents/Unreal Projects/VR-Funhouse-Christmas-Edition/Content/ExternalAssets/Level1/FXVarietyPack/EpicContent/Materials/MI_DemoWall3.uasset" 481
"../../../../../../Users/Admin/Documents/Unreal Projects/VR-Funhouse-Christmas-Edition/Content/ExternalAssets/Level1/FXVarietyPack/EpicContent/Materials/M_DemoWall_Inst_NamePlate.uasset" 482
"../../../../../../Users/Admin/Documents/Unreal Projects/VR-Funhouse-Christmas-Edition/Content/ExternalAssets/Level1/FXVarietyPack/EpicContent/Materials/MI_DemoWall_Inst_BaseFloor.uasset" 483
"../../../../../../Users/Admin/Documents/Unreal Projects/VR-Funhouse-Christmas-Edition/Content/ExternalAssets/Level1/FXVarietyPack/EpicContent/Blueprints/BP_DemoDisplay_Enum.uasset" 484
"../../../../../../Users/Admin/Documents/Unreal Projects/VR-Funhouse-Christmas-Edition/Content/ExternalAssets/Level1/FXVarietyPack/EpicContent/Materials/MI_DemoWall2.uasset" 485
"../../../../../../Users/Admin/Documents/Unreal Projects/VR-Funhouse-Christmas-Edition/Content/ExternalAssets/Level1/FXVarietyPack/EpicContent/Meshes/SM_Base.uasset" 486
"../../../../../../Users/Admin/Documents/Unreal Projects/VR-Funhouse-Christmas-Edition/Content/ExternalAssets/Level1/FXVarietyPack/EpicContent/Meshes/SM_Base2.uasset" 487
"../../../../../../Users/Admin/Documents/Unreal Projects/VR-Funhouse-Christmas-Edition/Content/ExternalAssets/Level1/FXVarietyPack/EpicContent/Meshes/SM_Base_FlatWall.uasset" 488
"../../../../../../Users/Admin/Documents/Unreal Projects/VR-Funhouse-Christmas-Edition/Content/ExternalAssets/Level1/FXVarietyPack/EpicContent/Meshes/SM_BaseRoom.uasset" 489
"../../../../../../Users/Admin/Documents/Unreal Projects/VR-Funhouse-Christmas-Edition/Content/ExternalAssets/Level1/FXVarietyPack/EpicContent/Meshes/SM_NamePlate.uasset" 490
"../../../../../../Users/Admin/Documents/Unreal Projects/VR-Funhouse-Christmas-Edition/Content/ExternalAssets/Level1/FXVarietyPack/EpicContent/Blueprints/BP_DemoDisplay.uasset" 491
"../../../../../../Users/Admin/Documents/Unreal Projects/VR-Funhouse-Christmas-Edition/Content/ExternalAssets/Level1/FXVarietyPack/EpicContent/Textures/T_UnrealEngineDecal.uasset" 492
"../../../../../../Users/Admin/Documents/Unreal Projects/VR-Funhouse-Christmas-Edition/Content/ExternalAssets/Level1/FXVarietyPack/EpicContent/Materials/M_Glass.uasset" 493
"../../../../../../Users/Admin/Documents/Unreal Projects/VR-Funhouse-Christmas-Edition/Content/ExternalAssets/Level1/FXVarietyPack/EpicContent/Textures/T_Pattern_M.uasset" 494
"../../../../../../Users/Admin/Documents/Unreal Projects/VR-Funhouse-Christmas-Edition/Content/ExternalAssets/Level1/FXVarietyPack/EpicContent/Materials/M_DemoWallPattern.uasset" 495
"../../../../../../Users/Admin/Documents/Unreal Projects/VR-Funhouse-Christmas-Edition/Content/ExternalAssets/Level1/FXVarietyPack/EpicContent/Materials/MI_DemoWallPattern.uasset" 496
"../../../../../../Users/Admin/Documents/Unreal Projects/VR-Funhouse-Christmas-Edition/Content/ExternalAssets/Level1/FXVarietyPack/EpicContent/Materials/M_DemoWallPattern_Inst_Mirrored.uasset" 497
"../../../../../../Users/Admin/Documents/Unreal Projects/VR-Funhouse-Christmas-Edition/Content/ExternalAssets/Level1/FXVarietyPack/EpicContent/Materials/M_DemoWallPattern_NoText.uasset" 498
"../../../../../../Users/Admin/Documents/Unreal Projects/VR-Funhouse-Christmas-Edition/Content/ExternalAssets/Level1/FXVarietyPack/EpicContent/Textures/T_RoomTiles_M.uasset" 499
"../../../../../../Users/Admin/Documents/Unreal Projects/VR-Funhouse-Christmas-Edition/Content/ExternalAssets/Level1/FXVarietyPack/EpicContent/Textures/T_RoomTiles_N.uasset" 500
"../../../../../../Users/Admin/Documents/Unreal Projects/VR-Funhouse-Christmas-Edition/Content/ExternalAssets/Level1/FXVarietyPack/EpicContent/Materials/M_DemoRoomTiles.uasset" 501
"../../../../../../Users/Admin/Documents/Unreal Projects/VR-Funhouse-Christmas-Edition/Content/ExternalAssets/Level1/FXVarietyPack/EpicContent/Physical_Materials/Concrete.uasset" 502
"../../../../../../Users/Admin/Documents/Unreal Projects/VR-Funhouse-Christmas-Edition/Content/ExternalAssets/Level1/FXVarietyPack/EpicContent/Materials/MI_DemoRoomTiles.uasset" 503
"../../../../../../Users/Admin/Documents/Unreal Projects/VR-Funhouse-Christmas-Edition/Content/ExternalAssets/Level1/FXVarietyPack/EpicContent/Materials/MI_Glass.uasset" 504
"../../../../../../Users/Admin/Documents/Unreal Projects/VR-Funhouse-Christmas-Edition/Content/ExternalAssets/Level1/FXVarietyPack/EpicContent/Blueprints/BP_DemoRoom_Enum.uasset" 505
"../../../../../../Users/Admin/Documents/Unreal Projects/VR-Funhouse-Christmas-Edition/Content/ExternalAssets/Level1/FXVarietyPack/EpicContent/Meshes/SM_DemoDivider1.uasset" 506
"../../../../../../Users/Admin/Documents/Unreal Projects/VR-Funhouse-Christmas-Edition/Content/ExternalAssets/Level1/FXVarietyPack/EpicContent/Meshes/SM_DemoDivider2.uasset" 507
"../../../../../../Users/Admin/Documents/Unreal Projects/VR-Funhouse-Christmas-Edition/Content/ExternalAssets/Level1/FXVarietyPack/EpicContent/Meshes/SM_DemoRoomBackWall.uasset" 508
"../../../../../../Users/Admin/Documents/Unreal Projects/VR-Funhouse-Christmas-Edition/Content/ExternalAssets/Level1/FXVarietyPack/EpicContent/Materials/M_DemoWall_MattPlastic.uasset" 509
"../../../../../../Users/Admin/Documents/Unreal Projects/VR-Funhouse-Christmas-Edition/Content/ExternalAssets/Level1/FXVarietyPack/EpicContent/Meshes/SM_DemoRoomBackWall2.uasset" 510
"../../../../../../Users/Admin/Documents/Unreal Projects/VR-Funhouse-Christmas-Edition/Content/ExternalAssets/Level1/FXVarietyPack/EpicContent/Materials/M_LightTube.uasset" 511
"../../../../../../Users/Admin/Documents/Unreal Projects/VR-Funhouse-Christmas-Edition/Content/ExternalAssets/Level1/FXVarietyPack/EpicContent/Materials/MI_LightTube.uasset" 512
"../../../../../../Users/Admin/Documents/Unreal Projects/VR-Funhouse-Christmas-Edition/Content/ExternalAssets/Level1/FXVarietyPack/EpicContent/Meshes/SM_DemoRoomClamp.uasset" 513
"../../../../../../Users/Admin/Documents/Unreal Projects/VR-Funhouse-Christmas-Edition/Content/ExternalAssets/Level1/FXVarietyPack/EpicContent/Meshes/SM_DemoRoomClamp2.uasset" 514
"../../../../../../Users/Admin/Documents/Unreal Projects/VR-Funhouse-Christmas-Edition/Content/ExternalAssets/Level1/FXVarietyPack/EpicContent/Meshes/SM_DemoRoomL.uasset" 515
"../../../../../../Users/Admin/Documents/Unreal Projects/VR-Funhouse-Christmas-Edition/Content/ExternalAssets/Level1/FXVarietyPack/EpicContent/Meshes/SM_DemoRoomLTrim.uasset" 516
"../../../../../../Users/Admin/Documents/Unreal Projects/VR-Funhouse-Christmas-Edition/Content/ExternalAssets/Level1/FXVarietyPack/EpicContent/Meshes/SM_DemoRoomTrim.uasset" 517
"../../../../../../Users/Admin/Documents/Unreal Projects/VR-Funhouse-Christmas-Edition/Content/ExternalAssets/Level1/FXVarietyPack/EpicContent/Meshes/SM_DemoRoomTrim2.uasset" 518
"../../../../../../Users/Admin/Documents/Unreal Projects/VR-Funhouse-Christmas-Edition/Content/ExternalAssets/Level1/FXVarietyPack/EpicContent/Meshes/SM_DemoRoomTrimAdd.uasset" 519
"../../../../../../Users/Admin/Documents/Unreal Projects/VR-Funhouse-Christmas-Edition/Content/ExternalAssets/Level1/FXVarietyPack/EpicContent/Meshes/SM_DemoRoomU.uasset" 520
"../../../../../../Users/Admin/Documents/Unreal Projects/VR-Funhouse-Christmas-Edition/Content/ExternalAssets/Level1/FXVarietyPack/EpicContent/Meshes/SM_DemoRoomU2.uasset" 521
"../../../../../../Users/Admin/Documents/Unreal Projects/VR-Funhouse-Christmas-Edition/Content/ExternalAssets/Level1/FXVarietyPack/EpicContent/Meshes/SM_DemoRoomU_Hole.uasset" 522
"../../../../../../Users/Admin/Documents/Unreal Projects/VR-Funhouse-Christmas-Edition/Content/ExternalAssets/Level1/FXVarietyPack/EpicContent/Meshes/SM_URoom_Wall.uasset" 523
"../../../../../../Users/Admin/Documents/Unreal Projects/VR-Funhouse-Christmas-Edition/Content/ExternalAssets/Level1/FXVarietyPack/EpicContent/Meshes/SM_URoom_Wall2.uasset" 524
"../../../../../../Users/Admin/Documents/Unreal Projects/VR-Funhouse-Christmas-Edition/Content/ExternalAssets/Level1/FXVarietyPack/EpicContent/Blueprints/BP_DemoRoom.uasset" 525
"../../../Engine/Content/BasicShapes/BasicShapeMaterial.uasset" 526
"../../../Engine/Content/BasicShapes/Cube.uasset" 527
"../../../../../../Users/Admin/Documents/Unreal Projects/VR-Funhouse-Christmas-Edition/Content/ExternalAssets/Level1/FXVarietyPack/Map/Overview.umap" 528
"../../../Engine/Content/EngineSky/C_Sky_Cloud_Color.uasset" 529
"../../../Engine/Content/EngineSky/C_Sky_Horizon_Color.uasset" 530
"../../../Engine/Content/EngineSky/C_Sky_Zenith_Color.uasset" 531
"../../../Engine/Content/EngineSky/T_Sky_Blue.uasset" 532
"../../../Engine/Content/EngineSky/T_Sky_Clouds_M.uasset" 533
"../../../Engine/Content/EngineSky/T_Sky_Stars.uasset" 534
"../../../Engine/Content/EngineSky/M_Sky_Panning_Clouds2.uasset" 535
"../../../Engine/Content/EngineSky/SM_SkySphere.uasset" 536
"../../../Engine/Content/EngineSky/BP_Sky_Sphere.uasset" 537
"../../../../../../Users/Admin/Documents/Unreal Projects/VR-Funhouse-Christmas-Edition/Content/LEAssets/Blueprints/BP_PickupObject.uasset" 538
"../../../../../../Users/Admin/Documents/Unreal Projects/VR-Funhouse-Christmas-Edition/Content/ExternalAssets/Level1/CandyCane/candy_cane.uasset" 539
"../../../../../../Users/Admin/Documents/Unreal Projects/VR-Funhouse-Christmas-Edition/Content/ExternalAssets/Level1/CandyCane/kandy_kane_wellbended.uasset" 540
"../../../../../../Users/Admin/Documents/Unreal Projects/VR-Funhouse-Christmas-Edition/Content/LEAssets/Blueprints/BP_CandyCane.uasset" 541
"../../../../../../Users/Admin/Documents/Unreal Projects/VR-Funhouse-Christmas-Edition/Content/ExternalAssets/Level1/Candy/Candy_DoubleChoco_0.uasset" 542
"../../../../../../Users/Admin/Documents/Unreal Projects/VR-Funhouse-Christmas-Edition/Content/LEAssets/Blueprints/BP_ChocolateBar.uasset" 543
"../../../Engine/Content/EditorSounds/Notifications/CompileSuccess_Cue.uasset" 544
"../../../../../../Users/Admin/Documents/Unreal Projects/VR-Funhouse-Christmas-Edition/Content/LEAssets/Blueprints/BP_PeanutButterCup.uasset" 545
"../../../../../../Users/Admin/Documents/Unreal Projects/VR-Funhouse-Christmas-Edition/Content/ExternalAssets/Level1/Gifts/01/prezent_box_color.uasset" 546
"../../../../../../Users/Admin/Documents/Unreal Projects/VR-Funhouse-Christmas-Edition/Content/ExternalAssets/Level1/Gifts/01/prezent_box.uasset" 547
"../../../../../../Users/Admin/Documents/Unreal Projects/VR-Funhouse-Christmas-Edition/Content/ExternalAssets/Level1/Gifts/01/prezentBOX.uasset" 548
"../../../../../../Users/Admin/Documents/Unreal Projects/VR-Funhouse-Christmas-Edition/Content/LEAssets/Blueprints/BP_Present.uasset" 549
"../../../../../../Users/Admin/Documents/Unreal Projects/VR-Funhouse-Christmas-Edition/Content/LEAssets/Blueprints/BP_Present2.uasset" 550
"../../../../../../Users/Admin/Documents/Unreal Projects/VR-Funhouse-Christmas-Edition/Content/LEAssets/Materials/Red.uasset" 551
"../../../../../../Users/Admin/Documents/Unreal Projects/VR-Funhouse-Christmas-Edition/Content/LEAssets/Materials/White.uasset" 552
"../../../../../../Users/Admin/Documents/Unreal Projects/VR-Funhouse-Christmas-Edition/Content/LEAssets/MergedModels/SM_MERGED_RedLollipop.uasset" 553
"../../../../../../Users/Admin/Documents/Unreal Projects/VR-Funhouse-Christmas-Edition/Content/LEAssets/Blueprints/BP_RedLollipop.uasset" 554
"../../../../../../Users/Admin/Documents/Unreal Projects/VR-Funhouse-Christmas-Edition/Content/ExternalAssets/Level1/MS_SnowEss/Surface/09_Deep_Dirty_Trampled_Snow_2x2_M_sfdsbdba/sfdsbdba_8K_Albedo.uasset" 555
"../../../../../../Users/Admin/Documents/Unreal Projects/VR-Funhouse-Christmas-Edition/Content/ExternalAssets/Level1/MS_SnowEss/Surface/09_Deep_Dirty_Trampled_Snow_2x2_M_sfdsbdba/sfdsbdba_8K_Displacement.uasset" 556
"../../../../../../Users/Admin/Documents/Unreal Projects/VR-Funhouse-Christmas-Edition/Content/ExternalAssets/Level1/MS_SnowEss/Surface/09_Deep_Dirty_Trampled_Snow_2x2_M_sfdsbdba/sfdsbdba_8K_Normal.uasset" 557
"../../../../../../Users/Admin/Documents/Unreal Projects/VR-Funhouse-Christmas-Edition/Content/ExternalAssets/Level1/MS_SnowEss/Surface/09_Deep_Dirty_Trampled_Snow_2x2_M_sfdsbdba/sfdsbdba_8K_Roughness.uasset" 558
"../../../../../../Users/Admin/Documents/Unreal Projects/VR-Funhouse-Christmas-Edition/Content/ExternalAssets/Level1/MS_SnowEss/Surface/09_Deep_Dirty_Trampled_Snow_2x2_M_sfdsbdba/sfdsbdba_8K_Translucency.uasset" 559
"../../../../../../Users/Admin/Documents/Unreal Projects/VR-Funhouse-Christmas-Edition/Content/ExternalAssets/Level1/MS_SnowEss/Surface/09_Deep_Dirty_Trampled_Snow_2x2_M_sfdsbdba/09_Deep_Dirty_Trampled_Snow_2x2.uasset" 560
"../../../../../../Users/Admin/Documents/Unreal Projects/VR-Funhouse-Christmas-Edition/Content/ExternalAssets/Level1/Snowball/lambert1.uasset" 561
"../../../../../../Users/Admin/Documents/Unreal Projects/VR-Funhouse-Christmas-Edition/Content/ExternalAssets/Level1/Snowball/Cliff_Rock_One_FBX.uasset" 562
"../../../../../../Users/Admin/Documents/Unreal Projects/VR-Funhouse-Christmas-Edition/Content/LEAssets/Blueprints/BP_Snowball.uasset" 563
"../../../../../../Users/Admin/Documents/Unreal Projects/VR-Funhouse-Christmas-Edition/Content/LEAssets/FX/Audio/SnowmanHit.uasset" 564
"../../../../../../Users/Admin/Documents/Unreal Projects/VR-Funhouse-Christmas-Edition/Content/LEAssets/Materials/Black.uasset" 565
"../../../../../../Users/Admin/Documents/Unreal Projects/VR-Funhouse-Christmas-Edition/Content/LEAssets/Materials/Orange_Carrot.uasset" 566
"../../../../../../Users/Admin/Documents/Unreal Projects/VR-Funhouse-Christmas-Edition/Content/LEAssets/MergedModels/SM_MERGED_Snowman.uasset" 567
"../../../../../../Users/Admin/Documents/Unreal Projects/VR-Funhouse-Christmas-Edition/Content/LEAssets/Blueprints/BP_Snowman.uasset" 568
"../../../../../../Users/Admin/Documents/Unreal Projects/VR-Funhouse-Christmas-Edition/Content/LEAssets/Materials/Gold_Metallic.uasset" 569
"../../../../../../Users/Admin/Documents/Unreal Projects/VR-Funhouse-Christmas-Edition/Content/ExternalAssets/Level1/Star/star.uasset" 570
"../../../../../../Users/Admin/Documents/Unreal Projects/VR-Funhouse-Christmas-Edition/Content/LEAssets/Blueprints/BP_Star.uasset" 571
"../../../Engine/Content/BasicShapes/Plane.uasset" 572
"../../../../../../Users/Admin/Documents/Unreal Projects/VR-Funhouse-Christmas-Edition/Content/ExternalAssets/Level1/Audio/glass-break.uasset" 573
"../../../../../../Users/Admin/Documents/Unreal Projects/VR-Funhouse-Christmas-Edition/Content/LEAssets/FX/Audio/HeyYouBrokeSantasWindow.uasset" 574
"../../../../../../Users/Admin/Documents/Unreal Projects/VR-Funhouse-Christmas-Edition/Content/LEAssets/Blueprints/BP_Window.uasset" 575
"../../../../../../Users/Admin/Documents/Unreal Projects/VR-Funhouse-Christmas-Edition/Content/LEAssets/Materials/Blue_DeepSky.uasset" 576
"../../../../../../Users/Admin/Documents/Unreal Projects/VR-Funhouse-Christmas-Edition/Content/LEAssets/MergedModels/SM_MERGED_SnowmanHat.uasset" 577
"../../../../../../Users/Admin/Documents/Unreal Projects/VR-Funhouse-Christmas-Edition/Content/LEAssets/Blueprints/SnowmanHat.uasset" 578
"../../../../../../Users/Admin/Documents/Unreal Projects/VR-Funhouse-Christmas-Edition/Content/VirtualReality/Mannequin/Character/Mesh/MannequinHand_Right_Skeleton.uasset" 579
"../../../../../../Users/Admin/Documents/Unreal Projects/VR-Funhouse-Christmas-Edition/Content/VirtualReality/Mannequin/Animations/MannequinHand_Right_CanGrab.uasset" 580
"../../../../../../Users/Admin/Documents/Unreal Projects/VR-Funhouse-Christmas-Edition/Content/VirtualReality/Mannequin/Animations/MannequinHand_Right_Grab.uasset" 581
"../../../../../../Users/Admin/Documents/Unreal Projects/VR-Funhouse-Christmas-Edition/Content/VirtualReality/Mannequin/Animations/MannequinHand_Right_Open.uasset" 582
"../../../../../../Users/Admin/Documents/Unreal Projects/VR-Funhouse-Christmas-Edition/Content/VirtualReality/Mannequin/Animations/RightGrip_BS.uasset" 583
"../../../../../../Users/Admin/Documents/Unreal Projects/VR-Funhouse-Christmas-Edition/Content/VirtualRealityBP/Blueprints/GripEnum.uasset" 584
"../../../../../../Users/Admin/Documents/Unreal Projects/VR-Funhouse-Christmas-Edition/Content/VirtualReality/Mannequin/Animations/RightHand_AnimBP.uasset" 585
"../../../../../../Users/Admin/Documents/Unreal Projects/VR-Funhouse-Christmas-Edition/Content/VirtualRealityBP/Blueprints/MotionControllerHaptics.uasset" 586
"../../../../../../Users/Admin/Documents/Unreal Projects/VR-Funhouse-Christmas-Edition/Content/VirtualReality/Materials/M_SplineArcMat.uasset" 587
"../../../../../../Users/Admin/Documents/Unreal Projects/VR-Funhouse-Christmas-Edition/Content/VirtualReality/Materials/MI_ChaperoneOutline.uasset" 588
"../../../Engine/Content/BasicShapes/Sphere.uasset" 589
"../../../../../../Users/Admin/Documents/Unreal Projects/VR-Funhouse-Christmas-Edition/Content/VirtualReality/Mannequin/Character/Textures/UE4_Mannequin__normals.uasset" 590
"../../../../../../Users/Admin/Documents/Unreal Projects/VR-Funhouse-Christmas-Edition/Content/VirtualReality/Mannequin/Character/Textures/UE4_Mannequin_MAT_MASKA.uasset" 591
"../../../../../../Users/Admin/Documents/Unreal Projects/VR-Funhouse-Christmas-Edition/Content/VirtualReality/Mannequin/Character/Materials/M_HandMat.uasset" 592
"../../../../../../Users/Admin/Documents/Unreal Projects/VR-Funhouse-Christmas-Edition/Content/VirtualReality/Mannequin/Character/Mesh/MannequinHand_Right_PhysicsAsset.uasset" 593
"../../../../../../Users/Admin/Documents/Unreal Projects/VR-Funhouse-Christmas-Edition/Content/VirtualReality/Mannequin/Character/Mesh/MannequinHand_Right.uasset" 594
"../../../../../../Users/Admin/Documents/Unreal Projects/VR-Funhouse-Christmas-Edition/Content/VirtualReality/Meshes/1x1_cube.uasset" 595
"../../../../../../Users/Admin/Documents/Unreal Projects/VR-Funhouse-Christmas-Edition/Content/VirtualReality/Meshes/BeamMesh.uasset" 596
"../../../../../../Users/Admin/Documents/Unreal Projects/VR-Funhouse-Christmas-Edition/Content/VirtualRealityBP/Blueprints/BP_MotionController.uasset" 597
"../../../../../../Users/Admin/Documents/Unreal Projects/VR-Funhouse-Christmas-Edition/Content/VirtualRealityBP/Blueprints/MotionControllerPawn.uasset" 598
"../../../../../../Users/Admin/Documents/Unreal Projects/VR-Funhouse-Christmas-Edition/Content/LEAssets/Maps/Level1_BuiltData.uasset" 599
"../../../../../../Users/Admin/Documents/Unreal Projects/VR-Funhouse-Christmas-Edition/Content/ExternalAssets/Level1/Bookcase/BOOKS_TEXTURE.uasset" 600
"../../../../../../Users/Admin/Documents/Unreal Projects/VR-Funhouse-Christmas-Edition/Content/ExternalAssets/Level1/Bookcase/BOOKS_TEXTURE_Mat.uasset" 601
"../../../../../../Users/Admin/Documents/Unreal Projects/VR-Funhouse-Christmas-Edition/Content/ExternalAssets/Level1/Bookcase/SHELF_TEXTURE.uasset" 602
"../../../../../../Users/Admin/Documents/Unreal Projects/VR-Funhouse-Christmas-Edition/Content/ExternalAssets/Level1/Bookcase/SHELF_TEXTURE_Mat.uasset" 603
"../../../../../../Users/Admin/Documents/Unreal Projects/VR-Funhouse-Christmas-Edition/Content/ExternalAssets/Level1/Grill/Textures/Grill_COL.uasset" 604
"../../../../../../Users/Admin/Documents/Unreal Projects/VR-Funhouse-Christmas-Edition/Content/ExternalAssets/Level1/Grill/Textures/Grill_COL_Mat.uasset" 605
"../../../../../../Users/Admin/Documents/Unreal Projects/VR-Funhouse-Christmas-Edition/Content/ExternalAssets/Level1/PicnicTable1/picnicTable_Ptable_AlbedoTransparency.uasset" 606
"../../../../../../Users/Admin/Documents/Unreal Projects/VR-Funhouse-Christmas-Edition/Content/ExternalAssets/Level1/PicnicTable1/picnicTable_Ptable_AlbedoTransparency_Mat.uasset" 607
"../../../../../../Users/Admin/Documents/Unreal Projects/VR-Funhouse-Christmas-Edition/Content/LEAssets/Materials/DarkGray.uasset" 608
"../../../../../../Users/Admin/Documents/Unreal Projects/VR-Funhouse-Christmas-Edition/Content/ExternalAssets/Level1/MS_SnowEss/Surface/13_Dirty_Snow_2x2_M_sd5rff1a/sd5rff1a_8K_Albedo.uasset" 609
"../../../../../../Users/Admin/Documents/Unreal Projects/VR-Funhouse-Christmas-Edition/Content/ExternalAssets/Level1/MS_SnowEss/Surface/13_Dirty_Snow_2x2_M_sd5rff1a/sd5rff1a_8K_Displacement.uasset" 610
"../../../../../../Users/Admin/Documents/Unreal Projects/VR-Funhouse-Christmas-Edition/Content/ExternalAssets/Level1/MS_SnowEss/Surface/13_Dirty_Snow_2x2_M_sd5rff1a/sd5rff1a_8K_Normal.uasset" 611
"../../../../../../Users/Admin/Documents/Unreal Projects/VR-Funhouse-Christmas-Edition/Content/ExternalAssets/Level1/MS_SnowEss/Surface/13_Dirty_Snow_2x2_M_sd5rff1a/sd5rff1a_8K_Roughness.uasset" 612
"../../../../../../Users/Admin/Documents/Unreal Projects/VR-Funhouse-Christmas-Edition/Content/ExternalAssets/Level1/MS_SnowEss/Surface/13_Dirty_Snow_2x2_M_sd5rff1a/sd5rff1a_8K_Translucency.uasset" 613
"../../../../../../Users/Admin/Documents/Unreal Projects/VR-Funhouse-Christmas-Edition/Content/ExternalAssets/Level1/MS_SnowEss/Surface/13_Dirty_Snow_2x2_M_sd5rff1a/13_Dirty_Snow.uasset" 614
"../../../Engine/Content/EngineMaterials/DefaultPhysicalMaterial.uasset" 615
"../../../../../../Users/Admin/Documents/Unreal Projects/VR-Funhouse-Christmas-Edition/Content/ExternalAssets/Level1/Bookcase/Object007Mat.uasset" 616
"../../../../../../Users/Admin/Documents/Unreal Projects/VR-Funhouse-Christmas-Edition/Content/ExternalAssets/Level1/Bookcase/BOOKS_OBJ.uasset" 617
"../../../../../../Users/Admin/Documents/Unreal Projects/VR-Funhouse-Christmas-Edition/Content/ExternalAssets/Level1/Bookcase/SHELFMat.uasset" 618
"../../../../../../Users/Admin/Documents/Unreal Projects/VR-Funhouse-Christmas-Edition/Content/ExternalAssets/Level1/Bookcase/SHELF_OBJ.uasset" 619
"../../../../../../Users/Admin/Documents/Unreal Projects/VR-Funhouse-Christmas-Edition/Content/ExternalAssets/Level1/Grill/Grill1.uasset" 620
"../../../../../../Users/Admin/Documents/Unreal Projects/VR-Funhouse-Christmas-Edition/Content/ExternalAssets/Level1/Grill/Grill.uasset" 621
"../../../../../../Users/Admin/Documents/Unreal Projects/VR-Funhouse-Christmas-Edition/Content/ExternalAssets/Level1/Painting/blinn1.uasset" 622
"../../../../../../Users/Admin/Documents/Unreal Projects/VR-Funhouse-Christmas-Edition/Content/ExternalAssets/Level1/Painting/blinn2.uasset" 623
"../../../../../../Users/Admin/Documents/Unreal Projects/VR-Funhouse-Christmas-Edition/Content/ExternalAssets/Level1/Painting/painting.uasset" 624
"../../../../../../Users/Admin/Documents/Unreal Projects/VR-Funhouse-Christmas-Edition/Content/ExternalAssets/Level1/Painting/paintingbump.uasset" 625
"../../../../../../Users/Admin/Documents/Unreal Projects/VR-Funhouse-Christmas-Edition/Content/ExternalAssets/Level1/Painting/lambert2.uasset" 626
"../../../../../../Users/Admin/Documents/Unreal Projects/VR-Funhouse-Christmas-Edition/Content/ExternalAssets/Level1/Painting/fbxPainting.uasset" 627
"../../../../../../Users/Admin/Documents/Unreal Projects/VR-Funhouse-Christmas-Edition/Content/ExternalAssets/Level1/Pedestal/001_Pedestal_low_poly.uasset" 628
"../../../../../../Users/Admin/Documents/Unreal Projects/VR-Funhouse-Christmas-Edition/Content/ExternalAssets/Level1/PicnicTable1/Ptable.uasset" 629
"../../../../../../Users/Admin/Documents/Unreal Projects/VR-Funhouse-Christmas-Edition/Content/ExternalAssets/Level1/PicnicTable1/picnicTable.uasset" 630
"../../../../../../Users/Admin/Documents/Unreal Projects/VR-Funhouse-Christmas-Edition/Content/LEAssets/FX/Audio/WinterWonderlandIntro.uasset" 631
"../../../../../../Users/Admin/Documents/Unreal Projects/VR-Funhouse-Christmas-Edition/Content/LEAssets/Maps/Level1.umap" 632
"../../../Engine/Content/Maps/Entry_BuiltData.uasset" 633
"../../../Engine/Content/Maps/Entry.umap" 634
