Log file open, 11/11/20 02:36:39
LogInit: Display: Running engine for game: VRFunhouseChristmas
LogPlatformFile: Not using cached read wrapper
LogTaskGraph: Started task graph with 5 named threads and 47 total threads with 3 sets of task threads.
LogStats: Stats thread started at 0.189834
LogD3D11RHI: Loaded GFSDK_Aftermath_Lib.x64.dll
LogICUInternationalization: ICU TimeZone Detection - Raw Offset: -6:00, Platform Override: ''
LogPluginManager: Mounting plugin Paper2D
LogPluginManager: Mounting plugin AISupport
LogPluginManager: Mounting plugin LightPropagationVolume
LogPluginManager: Mounting plugin CameraShakePreviewer
LogPluginManager: Mounting plugin ActorLayerUtilities
LogPluginManager: Mounting plugin AnimationSharing
LogPluginManager: Mounting plugin CLionSourceCodeAccess
LogPluginManager: Mounting plugin CodeLiteSourceCodeAccess
LogPluginManager: Mounting plugin GitSourceControl
LogPluginManager: Mounting plugin KDevelopSourceCodeAccess
LogPluginManager: Mounting plugin NullSourceCodeAccess
LogPluginManager: Mounting plugin PerforceSourceControl
LogPluginManager: Mounting plugin PlasticSourceControl
LogPluginManager: Mounting plugin RiderSourceCodeAccess
LogPluginManager: Mounting plugin SubversionSourceControl
LogPluginManager: Mounting plugin UObjectPlugin
LogPluginManager: Mounting plugin VisualStudioCodeSourceCodeAccess
LogPluginManager: Mounting plugin VisualStudioSourceCodeAccess
LogPluginManager: Mounting plugin XCodeSourceCodeAccess
LogPluginManager: Mounting plugin AssetManagerEditor
LogPluginManager: Mounting plugin CryptoKeys
LogPluginManager: Mounting plugin CurveEditorTools
LogPluginManager: Mounting plugin DataValidation
LogPluginManager: Mounting plugin EditorScriptingUtilities
LogPluginManager: Mounting plugin FacialAnimation
LogPluginManager: Mounting plugin GameplayTagsEditor
LogPluginManager: Mounting plugin GeometryMode
LogPluginManager: Mounting plugin MacGraphicsSwitching
LogPluginManager: Mounting plugin MaterialAnalyzer
LogPluginManager: Mounting plugin MobileLauncherProfileWizard
LogPluginManager: Mounting plugin PluginBrowser
LogPluginManager: Mounting plugin SpeedTreeImporter
LogPluginManager: Mounting plugin DatasmithContent
LogPluginManager: Mounting plugin VariantManagerContent
LogPluginManager: Mounting plugin AlembicImporter
LogPluginManager: Mounting plugin AutomationUtils
LogPluginManager: Mounting plugin BackChannel
LogPluginManager: Mounting plugin ChaosCloth
LogPluginManager: Mounting plugin ChaosClothEditor
LogPluginManager: Mounting plugin ChaosEditor
LogPluginManager: Mounting plugin ChaosNiagara
LogPluginManager: Mounting plugin ChaosSolverPlugin
LogPluginManager: Mounting plugin CharacterAI
LogPluginManager: Mounting plugin GeometryCache
LogPluginManager: Mounting plugin GeometryCollectionPlugin
LogPluginManager: Mounting plugin GeometryProcessing
LogPluginManager: Mounting plugin PlanarCut
LogPluginManager: Mounting plugin PlatformCrypto
LogPluginManager: Mounting plugin ProxyLODPlugin
LogPluginManager: Mounting plugin SkeletalReduction
LogPluginManager: Mounting plugin Niagara
LogPluginManager: Mounting plugin MagicLeap
LogPluginManager: Mounting plugin MagicLeapLightEstimation
LogPluginManager: Mounting plugin MagicLeapMedia
LogPluginManager: Mounting plugin MagicLeapPassableWorld
LogPluginManager: Mounting plugin MLSDK
LogPluginManager: Mounting plugin AndroidMedia
LogPluginManager: Mounting plugin AvfMedia
LogPluginManager: Mounting plugin ImgMedia
LogPluginManager: Mounting plugin MediaCompositing
LogPluginManager: Mounting plugin MediaPlayerEditor
LogPluginManager: Mounting plugin WebMMedia
LogPluginManager: Mounting plugin WmfMedia
LogPluginManager: Mounting plugin MeshPainting
LogPluginManager: Mounting plugin TcpMessaging
LogPluginManager: Mounting plugin UdpMessaging
LogPluginManager: Mounting plugin ActorSequence
LogPluginManager: Mounting plugin LevelSequenceEditor
LogPluginManager: Mounting plugin MatineeToLevelSequence
LogPluginManager: Mounting plugin MovieRenderPipeline
LogPluginManager: Mounting plugin TemplateSequence
LogPluginManager: Mounting plugin NetcodeUnitTest
LogPluginManager: Mounting plugin NUTUnrealEngine4
LogPluginManager: Mounting plugin OnlineSubsystemGooglePlay
LogPluginManager: Mounting plugin OnlineSubsystemIOS
LogPluginManager: Mounting plugin OnlineSubsystem
LogPluginManager: Mounting plugin OnlineSubsystemNull
LogPluginManager: Mounting plugin OnlineSubsystemUtils
LogPluginManager: Mounting plugin LauncherChunkInstaller
LogPluginManager: Mounting plugin AndroidDeviceProfileSelector
LogPluginManager: Mounting plugin AndroidMoviePlayer
LogPluginManager: Mounting plugin AndroidPermission
LogPluginManager: Mounting plugin AppleImageUtils
LogPluginManager: Mounting plugin AppleMoviePlayer
LogPluginManager: Mounting plugin ArchVisCharacter
LogPluginManager: Mounting plugin AssetTags
LogPluginManager: Mounting plugin AudioCapture
LogPluginManager: Mounting plugin CableComponent
LogPluginManager: Mounting plugin CustomMeshComponent
LogPluginManager: Mounting plugin EditableMesh
LogPluginManager: Mounting plugin ExampleDeviceProfileSelector
LogPluginManager: Mounting plugin GoogleCloudMessaging
LogPluginManager: Mounting plugin GooglePAD
LogPluginManager: Mounting plugin IOSDeviceProfileSelector
LogPluginManager: Mounting plugin LinuxDeviceProfileSelector
LogPluginManager: Mounting plugin LocationServicesBPLibrary
LogPluginManager: Mounting plugin MobilePatchingUtils
LogPluginManager: Mounting plugin OculusVR
LogPluginManager: Mounting plugin PhysXVehicles
LogPluginManager: Mounting plugin PostSplashScreen
LogPluginManager: Mounting plugin ProceduralMeshComponent
LogPluginManager: Mounting plugin RuntimePhysXCooking
LogPluginManager: Mounting plugin SignificanceManager
LogPluginManager: Mounting plugin SoundFields
LogPluginManager: Mounting plugin SteamVR
LogPluginManager: Mounting plugin Synthesis
LogPluginManager: Mounting plugin WebMMoviePlayer
LogPluginManager: Mounting plugin WindowsMoviePlayer
LogPluginManager: Mounting plugin ScreenshotTools
LogInit: Using libcurl 7.55.1-DEV
LogInit:  - built for x86_64-pc-win32
LogInit:  - supports SSL with OpenSSL/1.1.1
LogInit:  - supports HTTP deflate (compression) using libz 1.2.8
LogInit:  - other features:
LogInit:      CURL_VERSION_SSL
LogInit:      CURL_VERSION_LIBZ
LogInit:      CURL_VERSION_IPV6
LogInit:      CURL_VERSION_ASYNCHDNS
LogInit:      CURL_VERSION_LARGEFILE
LogInit:      CURL_VERSION_IDN
LogInit:  CurlRequestOptions (configurable via config and command line):
LogInit:  - bVerifyPeer = true  - Libcurl will verify peer certificate
LogInit:  - bUseHttpProxy = false  - Libcurl will NOT use HTTP proxy
LogInit:  - bDontReuseConnections = false  - Libcurl will reuse connections
LogInit:  - MaxHostConnections = 16  - Libcurl will limit the number of connections to a host
LogInit:  - LocalHostAddr = Default
LogInit:  - BufferSize = 65536
LogOnline: OSS: Creating online subsystem instance for: NULL
LogInit: WinSock: version 1.1 (2.2), MaxSocks=32767, MaxUdp=65467
LogOnline: OSS: TryLoadSubsystemAndSetDefault: Loaded subsystem for module [NULL]
LogInit: Build: ++UE4+Release-4.25-CL-14469661
LogInit: Engine Version: 4.25.4-14469661+++UE4+Release-4.25
LogInit: Compatible Engine Version: 4.25.0-13144385+++UE4+Release-4.25
LogInit: Net CL: 13144385
LogInit: OS: Windows 10 (Release 2004) (), CPU: AMD Ryzen 7 2700X Eight-Core Processor         , GPU: NVIDIA GeForce GTX 1660 Ti
LogInit: Compiled (64-bit): Oct 11 2020 08:10:49
LogInit: Compiled with Visual C++: 19.24.28315.00
LogInit: Build Configuration: Development
LogInit: Branch Name: ++UE4+Release-4.25
LogInit: Command Line: 
LogInit: Base Directory: C:/Program Files/Epic Games/UE_4.25/Engine/Binaries/Win64/
LogInit: Allocator: TBB
LogInit: Installed Engine Build: 1
LogDevObjectVersion: Number of dev versions registered: 26
LogDevObjectVersion:   Dev-Blueprints (B0D832E4-1F89-4F0D-ACCF-7EB736FD4AA2): 10
LogDevObjectVersion:   Dev-Build (E1C64328-A22C-4D53-A36C-8E866417BD8C): 0
LogDevObjectVersion:   Dev-Core (375EC13C-06E4-48FB-B500-84F0262A717E): 4
LogDevObjectVersion:   Dev-Editor (E4B068ED-F494-42E9-A231-DA0B2E46BB41): 38
LogDevObjectVersion:   Dev-Framework (CFFC743F-43B0-4480-9391-14DF171D2073): 37
LogDevObjectVersion:   Dev-Mobile (B02B49B5-BB20-44E9-A304-32B752E40360): 2
LogDevObjectVersion:   Dev-Networking (A4E4105C-59A1-49B5-A7C5-40C4547EDFEE): 0
LogDevObjectVersion:   Dev-Online (39C831C9-5AE6-47DC-9A44-9C173E1C8E7C): 0
LogDevObjectVersion:   Dev-Physics (78F01B33-EBEA-4F98-B9B4-84EACCB95AA2): 4
LogDevObjectVersion:   Dev-Platform (6631380F-2D4D-43E0-8009-CF276956A95A): 0
LogDevObjectVersion:   Dev-Rendering (12F88B9F-8875-4AFC-A67C-D90C383ABD29): 43
LogDevObjectVersion:   Dev-Sequencer (7B5AE74C-D270-4C10-A958-57980B212A5A): 12
LogDevObjectVersion:   Dev-VR (D7296918-1DD6-4BDD-9DE2-64A83CC13884): 3
LogDevObjectVersion:   Dev-LoadTimes (C2A15278-BFE7-4AFE-6C17-90FF531DF755): 1
LogDevObjectVersion:   Private-Geometry (6EACA3D4-40EC-4CC1-B786-8BED09428FC5): 3
LogDevObjectVersion:   Dev-AnimPhys (29E575DD-E0A3-4627-9D10-D276232CDCEA): 17
LogDevObjectVersion:   Dev-Anim (AF43A65D-7FD3-4947-9873-3E8ED9C1BB05): 7
LogDevObjectVersion:   Dev-ReflectionCapture (6B266CEC-1EC7-4B8F-A30B-E4D90942FC07): 1
LogDevObjectVersion:   Dev-Automation (0DF73D61-A23F-47EA-B727-89E90C41499A): 1
LogDevObjectVersion:   FortniteMain (601D1886-AC64-4F84-AA16-D3DE0DEAC7D6): 31
LogDevObjectVersion:   Dev-Enterprise (9DFFBCD6-494F-0158-E221-12823C92A888): 10
LogDevObjectVersion:   Dev-Niagara (F2AED0AC-9AFE-416F-8664-AA7FFA26D6FC): 1
LogDevObjectVersion:   Dev-Destruction (174F1F0B-B4C6-45A5-B13F-2EE8D0FB917D): 10
LogDevObjectVersion:   Dev-Physics-Ext (35F94A83-E258-406C-A318-09F59610247C): 37
LogDevObjectVersion:   Dev-PhysicsMaterial-Chaos (B68FC16E-8B1B-42E2-B453-215C058844FE): 1
LogDevObjectVersion:   Dev-CineCamera (B2E18506-4273-CFC2-A54E-F4BB758BBA07): 1
LogInit: Presizing for max 25165824 objects, including 0 objects not considered by GC, pre-allocating 0 bytes for permanent pool.
LogConfig: Applying CVar settings from Section [/Script/Engine.StreamingSettings] File [C:/Users/Admin/Documents/Unreal Projects/VRFunhouseChristmas/Saved/Config/Windows/Engine.ini]
LogConfig: Setting CVar [[s.MinBulkDataSizeForAsyncLoading:131072]]
LogConfig: Setting CVar [[s.AsyncLoadingThreadEnabled:0]]
LogConfig: Setting CVar [[s.EventDrivenLoaderEnabled:1]]
LogConfig: Setting CVar [[s.WarnIfTimeLimitExceeded:0]]
LogConfig: Setting CVar [[s.TimeLimitExceededMultiplier:1.5]]
LogConfig: Setting CVar [[s.TimeLimitExceededMinTime:0.005]]
LogConfig: Setting CVar [[s.UseBackgroundLevelStreaming:1]]
LogConfig: Setting CVar [[s.PriorityAsyncLoadingExtraTime:15.0]]
LogConfig: Setting CVar [[s.LevelStreamingActorsUpdateTimeLimit:5.0]]
LogConfig: Setting CVar [[s.PriorityLevelStreamingActorsUpdateExtraTime:5.0]]
LogConfig: Setting CVar [[s.LevelStreamingComponentsRegistrationGranularity:10]]
LogConfig: Setting CVar [[s.UnregisterComponentsTimeLimit:1.0]]
LogConfig: Setting CVar [[s.LevelStreamingComponentsUnregistrationGranularity:5]]
LogConfig: Setting CVar [[s.FlushStreamingOnExit:1]]
LogInit: Object subsystem initialized
LogConfig: Setting CVar [[con.DebugEarlyDefault:1]]
LogConfig: Setting CVar [[r.setres:1280x720]]
[2020.11.11-08.36.40:197][  0]LogConfig: Setting CVar [[r.VSync:0]]
[2020.11.11-08.36.40:197][  0]LogConfig: Setting CVar [[r.RHICmdBypass:0]]
[2020.11.11-08.36.40:197][  0]LogConfig: Applying CVar settings from Section [/Script/Engine.RendererSettings] File [C:/Users/Admin/Documents/Unreal Projects/VRFunhouseChristmas/Saved/Config/Windows/Engine.ini]
[2020.11.11-08.36.40:197][  0]LogConfig: Setting CVar [[r.GPUCrashDebugging:0]]
[2020.11.11-08.36.40:197][  0]LogConfig: Setting CVar [[r.DefaultFeature.AmbientOcclusion:0]]
[2020.11.11-08.36.40:197][  0]LogConfig: Setting CVar [[r.DefaultFeature.AmbientOcclusionStaticFraction:0]]
[2020.11.11-08.36.40:197][  0]LogConfig: Setting CVar [[vr.InstancedStereo:1]]
[2020.11.11-08.36.40:197][  0]LogConfig: Setting CVar [[r.SeparateTranslucency:0]]
[2020.11.11-08.36.40:197][  0]LogConfig: Setting CVar [[r.HZBOcclusion:0]]
[2020.11.11-08.36.40:197][  0]LogConfig: Setting CVar [[r.SSR.MaxRoughness:0]]
[2020.11.11-08.36.40:197][  0]LogConfig: Setting CVar [[r.rhicmdbypass:0]]
[2020.11.11-08.36.40:197][  0]LogConfig: Applying CVar settings from Section [/Script/Engine.RendererOverrideSettings] File [C:/Users/Admin/Documents/Unreal Projects/VRFunhouseChristmas/Saved/Config/Windows/Engine.ini]
[2020.11.11-08.36.40:197][  0]LogConfig: Applying CVar settings from Section [/Script/Engine.StreamingSettings] File [C:/Users/Admin/Documents/Unreal Projects/VRFunhouseChristmas/Saved/Config/Windows/Engine.ini]
[2020.11.11-08.36.40:197][  0]LogConfig: Setting CVar [[s.MinBulkDataSizeForAsyncLoading:131072]]
[2020.11.11-08.36.40:197][  0]LogConfig: Setting CVar [[s.AsyncLoadingThreadEnabled:0]]
[2020.11.11-08.36.40:197][  0]LogConfig: Setting CVar [[s.EventDrivenLoaderEnabled:1]]
[2020.11.11-08.36.40:197][  0]LogConfig: Setting CVar [[s.WarnIfTimeLimitExceeded:0]]
[2020.11.11-08.36.40:197][  0]LogConfig: Setting CVar [[s.TimeLimitExceededMultiplier:1.5]]
[2020.11.11-08.36.40:197][  0]LogConfig: Setting CVar [[s.TimeLimitExceededMinTime:0.005]]
[2020.11.11-08.36.40:197][  0]LogConfig: Setting CVar [[s.UseBackgroundLevelStreaming:1]]
[2020.11.11-08.36.40:197][  0]LogConfig: Setting CVar [[s.PriorityAsyncLoadingExtraTime:15.0]]
[2020.11.11-08.36.40:197][  0]LogConfig: Setting CVar [[s.LevelStreamingActorsUpdateTimeLimit:5.0]]
[2020.11.11-08.36.40:197][  0]LogConfig: Setting CVar [[s.PriorityLevelStreamingActorsUpdateExtraTime:5.0]]
[2020.11.11-08.36.40:197][  0]LogConfig: Setting CVar [[s.LevelStreamingComponentsRegistrationGranularity:10]]
[2020.11.11-08.36.40:197][  0]LogConfig: Setting CVar [[s.UnregisterComponentsTimeLimit:1.0]]
[2020.11.11-08.36.40:197][  0]LogConfig: Setting CVar [[s.LevelStreamingComponentsUnregistrationGranularity:5]]
[2020.11.11-08.36.40:197][  0]LogConfig: Setting CVar [[s.FlushStreamingOnExit:1]]
[2020.11.11-08.36.40:197][  0]LogConfig: Applying CVar settings from Section [/Script/Engine.GarbageCollectionSettings] File [C:/Users/Admin/Documents/Unreal Projects/VRFunhouseChristmas/Saved/Config/Windows/Engine.ini]
[2020.11.11-08.36.40:197][  0]LogConfig: Setting CVar [[gc.MaxObjectsNotConsideredByGC:1]]
[2020.11.11-08.36.40:197][  0]LogConfig: Setting CVar [[gc.SizeOfPermanentObjectPool:0]]
[2020.11.11-08.36.40:197][  0]LogConfig: Setting CVar [[gc.FlushStreamingOnGC:0]]
[2020.11.11-08.36.40:197][  0]LogConfig: Setting CVar [[gc.NumRetriesBeforeForcingGC:10]]
[2020.11.11-08.36.40:197][  0]LogConfig: Setting CVar [[gc.AllowParallelGC:1]]
[2020.11.11-08.36.40:197][  0]LogConfig: Setting CVar [[gc.TimeBetweenPurgingPendingKillObjects:61.1]]
[2020.11.11-08.36.40:197][  0]LogConfig: Setting CVar [[gc.MaxObjectsInEditor:25165824]]
[2020.11.11-08.36.40:197][  0]LogConfig: Setting CVar [[gc.IncrementalBeginDestroyEnabled:1]]
[2020.11.11-08.36.40:197][  0]LogConfig: Setting CVar [[gc.CreateGCClusters:1]]
[2020.11.11-08.36.40:197][  0]LogConfig: Setting CVar [[gc.MinGCClusterSize:5]]
[2020.11.11-08.36.40:198][  0]LogConfig: Setting CVar [[gc.ActorClusteringEnabled:0]]
[2020.11.11-08.36.40:198][  0]LogConfig: Setting CVar [[gc.BlueprintClusteringEnabled:0]]
[2020.11.11-08.36.40:198][  0]LogConfig: Setting CVar [[gc.UseDisregardForGCOnDedicatedServers:0]]
[2020.11.11-08.36.40:198][  0]LogConfig: Applying CVar settings from Section [/Script/Engine.NetworkSettings] File [C:/Users/Admin/Documents/Unreal Projects/VRFunhouseChristmas/Saved/Config/Windows/Engine.ini]
[2020.11.11-08.36.40:198][  0]LogConfig: Applying CVar settings from Section [/Script/UnrealEd.CookerSettings] File [C:/Users/Admin/Documents/Unreal Projects/VRFunhouseChristmas/Saved/Config/Windows/Engine.ini]
[2020.11.11-08.36.40:214][  0]LogConfig: Applying CVar settings from Section [ViewDistanceQuality@3] File [C:/Users/Admin/Documents/Unreal Projects/VRFunhouseChristmas/Saved/Config/Windows/Scalability.ini]
[2020.11.11-08.36.40:214][  0]LogConfig: Setting CVar [[r.SkeletalMeshLODBias:0]]
[2020.11.11-08.36.40:214][  0]LogConfig: Setting CVar [[r.ViewDistanceScale:1.0]]
[2020.11.11-08.36.40:214][  0]LogConfig: Applying CVar settings from Section [AntiAliasingQuality@3] File [C:/Users/Admin/Documents/Unreal Projects/VRFunhouseChristmas/Saved/Config/Windows/Scalability.ini]
[2020.11.11-08.36.40:214][  0]LogConfig: Setting CVar [[r.PostProcessAAQuality:3]]
[2020.11.11-08.36.40:214][  0]LogConfig: Applying CVar settings from Section [ShadowQuality@3] File [C:/Users/Admin/Documents/Unreal Projects/VRFunhouseChristmas/Saved/Config/Windows/Scalability.ini]
[2020.11.11-08.36.40:214][  0]LogConfig: Setting CVar [[r.LightFunctionQuality:1]]
[2020.11.11-08.36.40:214][  0]LogConfig: Setting CVar [[r.ShadowQuality:5]]
[2020.11.11-08.36.40:214][  0]LogConfig: Setting CVar [[r.Shadow.CSM.MaxCascades:10]]
[2020.11.11-08.36.40:214][  0]LogConfig: Setting CVar [[r.Shadow.MaxResolution:2048]]
[2020.11.11-08.36.40:214][  0]LogConfig: Setting CVar [[r.Shadow.MaxCSMResolution:2048]]
[2020.11.11-08.36.40:214][  0]LogConfig: Setting CVar [[r.Shadow.RadiusThreshold:0.01]]
[2020.11.11-08.36.40:214][  0]LogConfig: Setting CVar [[r.Shadow.DistanceScale:1.0]]
[2020.11.11-08.36.40:215][  0]LogConfig: Setting CVar [[r.Shadow.CSM.TransitionScale:1.0]]
[2020.11.11-08.36.40:215][  0]LogConfig: Setting CVar [[r.Shadow.PreShadowResolutionFactor:1.0]]
[2020.11.11-08.36.40:215][  0]LogConfig: Setting CVar [[r.DistanceFieldShadowing:1]]
[2020.11.11-08.36.40:215][  0]LogConfig: Setting CVar [[r.DistanceFieldAO:1]]
[2020.11.11-08.36.40:215][  0]LogConfig: Setting CVar [[r.AOQuality:2]]
[2020.11.11-08.36.40:215][  0]LogConfig: Setting CVar [[r.VolumetricFog:1]]
[2020.11.11-08.36.40:215][  0]LogConfig: Setting CVar [[r.VolumetricFog.GridPixelSize:8]]
[2020.11.11-08.36.40:215][  0]LogConfig: Setting CVar [[r.VolumetricFog.GridSizeZ:128]]
[2020.11.11-08.36.40:215][  0]LogConfig: Setting CVar [[r.VolumetricFog.HistoryMissSupersampleCount:4]]
[2020.11.11-08.36.40:215][  0]LogConfig: Setting CVar [[r.LightMaxDrawDistanceScale:1]]
[2020.11.11-08.36.40:215][  0]LogConfig: Setting CVar [[r.CapsuleShadows:1]]
[2020.11.11-08.36.40:215][  0]LogConfig: Applying CVar settings from Section [PostProcessQuality@3] File [C:/Users/Admin/Documents/Unreal Projects/VRFunhouseChristmas/Saved/Config/Windows/Scalability.ini]
[2020.11.11-08.36.40:215][  0]LogConfig: Setting CVar [[r.MotionBlurQuality:0]]
[2020.11.11-08.36.40:215][  0]LogConfig: Setting CVar [[r.AmbientOcclusionMipLevelFactor:0.4]]
[2020.11.11-08.36.40:215][  0]LogConfig: Setting CVar [[r.AmbientOcclusionMaxQuality:100]]
[2020.11.11-08.36.40:215][  0]LogConfig: Setting CVar [[r.AmbientOcclusionLevels:0]]
[2020.11.11-08.36.40:215][  0]LogConfig: Setting CVar [[r.AmbientOcclusionRadiusScale:1.0]]
[2020.11.11-08.36.40:215][  0]LogConfig: Setting CVar [[r.DepthOfFieldQuality:0]]
[2020.11.11-08.36.40:215][  0]LogConfig: Setting CVar [[r.RenderTargetPoolMin:400]]
[2020.11.11-08.36.40:215][  0]LogConfig: Setting CVar [[r.LensFlareQuality:0]]
[2020.11.11-08.36.40:215][  0]LogConfig: Setting CVar [[r.SceneColorFringeQuality:0]]
[2020.11.11-08.36.40:215][  0]LogConfig: Setting CVar [[r.EyeAdaptationQuality:2]]
[2020.11.11-08.36.40:215][  0]LogConfig: Setting CVar [[r.BloomQuality:1]]
[2020.11.11-08.36.40:215][  0]LogConfig: Setting CVar [[r.FastBlurThreshold:0]]
[2020.11.11-08.36.40:215][  0]LogConfig: Setting CVar [[r.Upscale.Quality:3]]
[2020.11.11-08.36.40:215][  0]LogConfig: Setting CVar [[r.Tonemapper.GrainQuantization:1]]
[2020.11.11-08.36.40:215][  0]LogConfig: Setting CVar [[r.LightShaftQuality:1]]
[2020.11.11-08.36.40:215][  0]LogConfig: Setting CVar [[r.Filter.SizeScale:1]]
[2020.11.11-08.36.40:215][  0]LogConfig: Setting CVar [[r.Tonemapper.Quality:5]]
[2020.11.11-08.36.40:215][  0]LogConfig: Setting CVar [[r.DOF.Gather.AccumulatorQuality:1        ; higher gathering accumulator quality]]
[2020.11.11-08.36.40:215][  0]LogConfig: Setting CVar [[r.DOF.Gather.PostfilterMethod:1          ; Median3x3 postfilering method]]
[2020.11.11-08.36.40:215][  0]LogConfig: Setting CVar [[r.DOF.Gather.EnableBokehSettings:0       ; no bokeh simulation when gathering]]
[2020.11.11-08.36.40:215][  0]LogConfig: Setting CVar [[r.DOF.Gather.RingCount:4                 ; medium number of samples when gathering]]
[2020.11.11-08.36.40:215][  0]LogConfig: Setting CVar [[r.DOF.Scatter.ForegroundCompositing:1    ; additive foreground scattering]]
[2020.11.11-08.36.40:215][  0]LogConfig: Setting CVar [[r.DOF.Scatter.BackgroundCompositing:2    ; additive background scattering]]
[2020.11.11-08.36.40:215][  0]LogConfig: Setting CVar [[r.DOF.Scatter.EnableBokehSettings:1      ; bokeh simulation when scattering]]
[2020.11.11-08.36.40:215][  0]LogConfig: Setting CVar [[r.DOF.Scatter.MaxSpriteRatio:0.1         ; only a maximum of 10% of scattered bokeh]]
[2020.11.11-08.36.40:215][  0]LogConfig: Setting CVar [[r.DOF.Recombine.Quality:1                ; cheap slight out of focus]]
[2020.11.11-08.36.40:215][  0]LogConfig: Setting CVar [[r.DOF.Recombine.EnableBokehSettings:0    ; no bokeh simulation on slight out of focus]]
[2020.11.11-08.36.40:215][  0]LogConfig: Setting CVar [[r.DOF.TemporalAAQuality:1                ; more stable temporal accumulation]]
[2020.11.11-08.36.40:215][  0]LogConfig: Setting CVar [[r.DOF.Kernel.MaxForegroundRadius:0.025]]
[2020.11.11-08.36.40:215][  0]LogConfig: Setting CVar [[r.DOF.Kernel.MaxBackgroundRadius:0.025]]
[2020.11.11-08.36.40:215][  0]LogConfig: Applying CVar settings from Section [TextureQuality@3] File [C:/Users/Admin/Documents/Unreal Projects/VRFunhouseChristmas/Saved/Config/Windows/Scalability.ini]
[2020.11.11-08.36.40:215][  0]LogConfig: Setting CVar [[r.Streaming.MipBias:0]]
[2020.11.11-08.36.40:215][  0]LogConfig: Setting CVar [[r.Streaming.AmortizeCPUToGPUCopy:0]]
[2020.11.11-08.36.40:215][  0]LogConfig: Setting CVar [[r.Streaming.MaxNumTexturesToStreamPerFrame:0]]
[2020.11.11-08.36.40:215][  0]LogConfig: Setting CVar [[r.Streaming.Boost:1]]
[2020.11.11-08.36.40:215][  0]LogConfig: Setting CVar [[r.MaxAnisotropy:8]]
[2020.11.11-08.36.40:215][  0]LogConfig: Setting CVar [[r.VT.MaxAnisotropy:8]]
[2020.11.11-08.36.40:215][  0]LogConfig: Setting CVar [[r.Streaming.LimitPoolSizeToVRAM:0]]
[2020.11.11-08.36.40:215][  0]LogConfig: Setting CVar [[r.Streaming.PoolSize:1000]]
[2020.11.11-08.36.40:215][  0]LogConfig: Setting CVar [[r.Streaming.MaxEffectiveScreenSize:0]]
[2020.11.11-08.36.40:215][  0]LogConfig: Applying CVar settings from Section [EffectsQuality@3] File [C:/Users/Admin/Documents/Unreal Projects/VRFunhouseChristmas/Saved/Config/Windows/Scalability.ini]
[2020.11.11-08.36.40:215][  0]LogConfig: Setting CVar [[r.TranslucencyLightingVolumeDim:4]]
[2020.11.11-08.36.40:215][  0]LogConfig: Setting CVar [[r.RefractionQuality:2]]
[2020.11.11-08.36.40:215][  0]LogConfig: Setting CVar [[r.SSR.Quality:0]]
[2020.11.11-08.36.40:215][  0]LogConfig: Setting CVar [[r.SSR.HalfResSceneColor:0]]
[2020.11.11-08.36.40:215][  0]LogConfig: Setting CVar [[r.SceneColorFormat:2]]
[2020.11.11-08.36.40:215][  0]LogConfig: Setting CVar [[r.DetailMode:2]]
[2020.11.11-08.36.40:215][  0]LogConfig: Setting CVar [[r.TranslucencyVolumeBlur:0]]
[2020.11.11-08.36.40:215][  0]LogConfig: Setting CVar [[r.MaterialQualityLevel:1 ; High quality]]
[2020.11.11-08.36.40:215][  0]LogConfig: Setting CVar [[r.SSS.Scale:1]]
[2020.11.11-08.36.40:215][  0]LogConfig: Setting CVar [[r.SSS.SampleSet:2]]
[2020.11.11-08.36.40:215][  0]LogConfig: Setting CVar [[r.SSS.Quality:1]]
[2020.11.11-08.36.40:215][  0]LogConfig: Setting CVar [[r.SSS.HalfRes:0]]
[2020.11.11-08.36.40:215][  0]LogConfig: Setting CVar [[r.SSGI.Quality:3]]
[2020.11.11-08.36.40:215][  0]LogConfig: Setting CVar [[r.EmitterSpawnRateScale:1.0]]
[2020.11.11-08.36.40:215][  0]LogConfig: Setting CVar [[r.ParticleLightQuality:2]]
[2020.11.11-08.36.40:215][  0]LogConfig: Setting CVar [[r.SkyAtmosphere.AerialPerspectiveLUT.FastApplyOnOpaque:1 ; Always have FastSkyLUT 1 in this case to avoid wrong sky]]
[2020.11.11-08.36.40:215][  0]LogConfig: Setting CVar [[r.SkyAtmosphere.AerialPerspectiveLUT.SampleCountPerSlice:1]]
[2020.11.11-08.36.40:215][  0]LogConfig: Setting CVar [[r.SkyAtmosphere.AerialPerspectiveLUT.DepthResolution:16.0]]
[2020.11.11-08.36.40:215][  0]LogConfig: Setting CVar [[r.SkyAtmosphere.FastSkyLUT:1]]
[2020.11.11-08.36.40:215][  0]LogConfig: Setting CVar [[r.SkyAtmosphere.FastSkyLUT.SampleCountMin:4.0]]
[2020.11.11-08.36.40:215][  0]LogConfig: Setting CVar [[r.SkyAtmosphere.FastSkyLUT.SampleCountMax:32.0]]
[2020.11.11-08.36.40:215][  0]LogConfig: Setting CVar [[r.SkyAtmosphere.SampleCountMin:4.0]]
[2020.11.11-08.36.40:215][  0]LogConfig: Setting CVar [[r.SkyAtmosphere.SampleCountMax:32.0]]
[2020.11.11-08.36.40:216][  0]LogConfig: Setting CVar [[r.SkyAtmosphere.TransmittanceLUT.UseSmallFormat:0]]
[2020.11.11-08.36.40:216][  0]LogConfig: Setting CVar [[r.SkyAtmosphere.TransmittanceLUT.SampleCount:10.0]]
[2020.11.11-08.36.40:216][  0]LogConfig: Setting CVar [[r.SkyAtmosphere.MultiScatteringLUT.SampleCount:15.0]]
[2020.11.11-08.36.40:216][  0]LogConfig: Applying CVar settings from Section [FoliageQuality@3] File [C:/Users/Admin/Documents/Unreal Projects/VRFunhouseChristmas/Saved/Config/Windows/Scalability.ini]
[2020.11.11-08.36.40:216][  0]LogConfig: Setting CVar [[foliage.DensityScale:1.0]]
[2020.11.11-08.36.40:216][  0]LogConfig: Setting CVar [[grass.DensityScale:1.0]]
[2020.11.11-08.36.40:216][  0]LogConfig: Applying CVar settings from Section [ShadingQuality@3] File [C:/Users/Admin/Documents/Unreal Projects/VRFunhouseChristmas/Saved/Config/Windows/Scalability.ini]
[2020.11.11-08.36.40:216][  0]LogConfig: Setting CVar [[r.HairStrands.SkyLighting.SampleCount:16]]
[2020.11.11-08.36.40:216][  0]LogConfig: Setting CVar [[r.HairStrands.SkyLighting.JitterIntegration:0]]
[2020.11.11-08.36.40:216][  0]LogConfig: Setting CVar [[r.HairStrands.SkyAO.SampleCount:16]]
[2020.11.11-08.36.40:216][  0]LogConfig: Setting CVar [[r.HairStrands.DeepShadow.SuperSampling:0]]
[2020.11.11-08.36.40:216][  0]LogConfig: Setting CVar [[r.HairStrands.VisibilityPPLL:0]]
[2020.11.11-08.36.40:216][  0]LogConfig: Setting CVar [[r.HairStrands.RasterizationScale:0.5]]
[2020.11.11-08.36.40:216][  0]LogConfig: Setting CVar [[r.HairStrands.VelocityRasterizationScale:1]]
[2020.11.11-08.36.40:216][  0]LogInit: Selected Device Profile: [Windows]
[2020.11.11-08.36.40:216][  0]LogInit: Applying CVar settings loaded from the selected device profile: [Windows]
[2020.11.11-08.36.40:216][  0]LogHAL: Display: Platform has ~ 64 GB [68647034880 / 68719476736 / 64], which maps to Largest [LargestMinGB=32, LargerMinGB=12, DefaultMinGB=8, SmallerMinGB=6, SmallestMinGB=0)
[2020.11.11-08.36.40:216][  0]LogInit: Going up to parent DeviceProfile []
[2020.11.11-08.36.40:216][  0]LogConfig: Applying CVar settings from Section [ViewDistanceQuality@3] File [C:/Users/Admin/Documents/Unreal Projects/VRFunhouseChristmas/Saved/Config/Windows/Scalability.ini]
[2020.11.11-08.36.40:216][  0]LogConfig: Setting CVar [[r.SkeletalMeshLODBias:0]]
[2020.11.11-08.36.40:216][  0]LogConfig: Setting CVar [[r.ViewDistanceScale:1.0]]
[2020.11.11-08.36.40:216][  0]LogConfig: Applying CVar settings from Section [AntiAliasingQuality@3] File [C:/Users/Admin/Documents/Unreal Projects/VRFunhouseChristmas/Saved/Config/Windows/Scalability.ini]
[2020.11.11-08.36.40:216][  0]LogConfig: Setting CVar [[r.PostProcessAAQuality:3]]
[2020.11.11-08.36.40:216][  0]LogConfig: Applying CVar settings from Section [ShadowQuality@3] File [C:/Users/Admin/Documents/Unreal Projects/VRFunhouseChristmas/Saved/Config/Windows/Scalability.ini]
[2020.11.11-08.36.40:216][  0]LogConfig: Setting CVar [[r.LightFunctionQuality:1]]
[2020.11.11-08.36.40:216][  0]LogConfig: Setting CVar [[r.ShadowQuality:5]]
[2020.11.11-08.36.40:216][  0]LogConfig: Setting CVar [[r.Shadow.CSM.MaxCascades:10]]
[2020.11.11-08.36.40:216][  0]LogConfig: Setting CVar [[r.Shadow.MaxResolution:2048]]
[2020.11.11-08.36.40:216][  0]LogConfig: Setting CVar [[r.Shadow.MaxCSMResolution:2048]]
[2020.11.11-08.36.40:216][  0]LogConfig: Setting CVar [[r.Shadow.RadiusThreshold:0.01]]
[2020.11.11-08.36.40:216][  0]LogConfig: Setting CVar [[r.Shadow.DistanceScale:1.0]]
[2020.11.11-08.36.40:216][  0]LogConfig: Setting CVar [[r.Shadow.CSM.TransitionScale:1.0]]
[2020.11.11-08.36.40:216][  0]LogConfig: Setting CVar [[r.Shadow.PreShadowResolutionFactor:1.0]]
[2020.11.11-08.36.40:216][  0]LogConfig: Setting CVar [[r.DistanceFieldShadowing:1]]
[2020.11.11-08.36.40:216][  0]LogConfig: Setting CVar [[r.DistanceFieldAO:1]]
[2020.11.11-08.36.40:216][  0]LogConfig: Setting CVar [[r.AOQuality:2]]
[2020.11.11-08.36.40:216][  0]LogConfig: Setting CVar [[r.VolumetricFog:1]]
[2020.11.11-08.36.40:216][  0]LogConfig: Setting CVar [[r.VolumetricFog.GridPixelSize:8]]
[2020.11.11-08.36.40:216][  0]LogConfig: Setting CVar [[r.VolumetricFog.GridSizeZ:128]]
[2020.11.11-08.36.40:216][  0]LogConfig: Setting CVar [[r.VolumetricFog.HistoryMissSupersampleCount:4]]
[2020.11.11-08.36.40:216][  0]LogConfig: Setting CVar [[r.LightMaxDrawDistanceScale:1]]
[2020.11.11-08.36.40:216][  0]LogConfig: Setting CVar [[r.CapsuleShadows:1]]
[2020.11.11-08.36.40:216][  0]LogConfig: Applying CVar settings from Section [PostProcessQuality@3] File [C:/Users/Admin/Documents/Unreal Projects/VRFunhouseChristmas/Saved/Config/Windows/Scalability.ini]
[2020.11.11-08.36.40:216][  0]LogConfig: Setting CVar [[r.MotionBlurQuality:0]]
[2020.11.11-08.36.40:216][  0]LogConfig: Setting CVar [[r.AmbientOcclusionMipLevelFactor:0.4]]
[2020.11.11-08.36.40:216][  0]LogConfig: Setting CVar [[r.AmbientOcclusionMaxQuality:100]]
[2020.11.11-08.36.40:216][  0]LogConfig: Setting CVar [[r.AmbientOcclusionLevels:0]]
[2020.11.11-08.36.40:216][  0]LogConfig: Setting CVar [[r.AmbientOcclusionRadiusScale:1.0]]
[2020.11.11-08.36.40:216][  0]LogConfig: Setting CVar [[r.DepthOfFieldQuality:0]]
[2020.11.11-08.36.40:216][  0]LogConfig: Setting CVar [[r.RenderTargetPoolMin:400]]
[2020.11.11-08.36.40:216][  0]LogConfig: Setting CVar [[r.LensFlareQuality:0]]
[2020.11.11-08.36.40:216][  0]LogConfig: Setting CVar [[r.SceneColorFringeQuality:0]]
[2020.11.11-08.36.40:216][  0]LogConfig: Setting CVar [[r.EyeAdaptationQuality:2]]
[2020.11.11-08.36.40:216][  0]LogConfig: Setting CVar [[r.BloomQuality:1]]
[2020.11.11-08.36.40:216][  0]LogConfig: Setting CVar [[r.FastBlurThreshold:0]]
[2020.11.11-08.36.40:216][  0]LogConfig: Setting CVar [[r.Upscale.Quality:3]]
[2020.11.11-08.36.40:216][  0]LogConfig: Setting CVar [[r.Tonemapper.GrainQuantization:1]]
[2020.11.11-08.36.40:216][  0]LogConfig: Setting CVar [[r.LightShaftQuality:1]]
[2020.11.11-08.36.40:216][  0]LogConfig: Setting CVar [[r.Filter.SizeScale:1]]
[2020.11.11-08.36.40:216][  0]LogConfig: Setting CVar [[r.Tonemapper.Quality:5]]
[2020.11.11-08.36.40:216][  0]LogConfig: Setting CVar [[r.DOF.Gather.AccumulatorQuality:1        ; higher gathering accumulator quality]]
[2020.11.11-08.36.40:216][  0]LogConfig: Setting CVar [[r.DOF.Gather.PostfilterMethod:1          ; Median3x3 postfilering method]]
[2020.11.11-08.36.40:216][  0]LogConfig: Setting CVar [[r.DOF.Gather.EnableBokehSettings:0       ; no bokeh simulation when gathering]]
[2020.11.11-08.36.40:216][  0]LogConfig: Setting CVar [[r.DOF.Gather.RingCount:4                 ; medium number of samples when gathering]]
[2020.11.11-08.36.40:216][  0]LogConfig: Setting CVar [[r.DOF.Scatter.ForegroundCompositing:1    ; additive foreground scattering]]
[2020.11.11-08.36.40:216][  0]LogConfig: Setting CVar [[r.DOF.Scatter.BackgroundCompositing:2    ; additive background scattering]]
[2020.11.11-08.36.40:216][  0]LogConfig: Setting CVar [[r.DOF.Scatter.EnableBokehSettings:1      ; bokeh simulation when scattering]]
[2020.11.11-08.36.40:216][  0]LogConfig: Setting CVar [[r.DOF.Scatter.MaxSpriteRatio:0.1         ; only a maximum of 10% of scattered bokeh]]
[2020.11.11-08.36.40:216][  0]LogConfig: Setting CVar [[r.DOF.Recombine.Quality:1                ; cheap slight out of focus]]
[2020.11.11-08.36.40:216][  0]LogConfig: Setting CVar [[r.DOF.Recombine.EnableBokehSettings:0    ; no bokeh simulation on slight out of focus]]
[2020.11.11-08.36.40:217][  0]LogConfig: Setting CVar [[r.DOF.TemporalAAQuality:1                ; more stable temporal accumulation]]
[2020.11.11-08.36.40:217][  0]LogConfig: Setting CVar [[r.DOF.Kernel.MaxForegroundRadius:0.025]]
[2020.11.11-08.36.40:217][  0]LogConfig: Setting CVar [[r.DOF.Kernel.MaxBackgroundRadius:0.025]]
[2020.11.11-08.36.40:217][  0]LogConfig: Applying CVar settings from Section [TextureQuality@3] File [C:/Users/Admin/Documents/Unreal Projects/VRFunhouseChristmas/Saved/Config/Windows/Scalability.ini]
[2020.11.11-08.36.40:217][  0]LogConfig: Setting CVar [[r.Streaming.MipBias:0]]
[2020.11.11-08.36.40:217][  0]LogConfig: Setting CVar [[r.Streaming.AmortizeCPUToGPUCopy:0]]
[2020.11.11-08.36.40:217][  0]LogConfig: Setting CVar [[r.Streaming.MaxNumTexturesToStreamPerFrame:0]]
[2020.11.11-08.36.40:217][  0]LogConfig: Setting CVar [[r.Streaming.Boost:1]]
[2020.11.11-08.36.40:217][  0]LogConfig: Setting CVar [[r.MaxAnisotropy:8]]
[2020.11.11-08.36.40:217][  0]LogConfig: Setting CVar [[r.VT.MaxAnisotropy:8]]
[2020.11.11-08.36.40:217][  0]LogConfig: Setting CVar [[r.Streaming.LimitPoolSizeToVRAM:0]]
[2020.11.11-08.36.40:217][  0]LogConfig: Setting CVar [[r.Streaming.PoolSize:1000]]
[2020.11.11-08.36.40:217][  0]LogConfig: Setting CVar [[r.Streaming.MaxEffectiveScreenSize:0]]
[2020.11.11-08.36.40:217][  0]LogConfig: Applying CVar settings from Section [EffectsQuality@3] File [C:/Users/Admin/Documents/Unreal Projects/VRFunhouseChristmas/Saved/Config/Windows/Scalability.ini]
[2020.11.11-08.36.40:217][  0]LogConfig: Setting CVar [[r.TranslucencyLightingVolumeDim:4]]
[2020.11.11-08.36.40:217][  0]LogConfig: Setting CVar [[r.RefractionQuality:2]]
[2020.11.11-08.36.40:217][  0]LogConfig: Setting CVar [[r.SSR.Quality:0]]
[2020.11.11-08.36.40:217][  0]LogConfig: Setting CVar [[r.SSR.HalfResSceneColor:0]]
[2020.11.11-08.36.40:217][  0]LogConfig: Setting CVar [[r.SceneColorFormat:2]]
[2020.11.11-08.36.40:217][  0]LogConfig: Setting CVar [[r.DetailMode:2]]
[2020.11.11-08.36.40:217][  0]LogConfig: Setting CVar [[r.TranslucencyVolumeBlur:0]]
[2020.11.11-08.36.40:217][  0]LogConfig: Setting CVar [[r.MaterialQualityLevel:1 ; High quality]]
[2020.11.11-08.36.40:217][  0]LogConfig: Setting CVar [[r.SSS.Scale:1]]
[2020.11.11-08.36.40:217][  0]LogConfig: Setting CVar [[r.SSS.SampleSet:2]]
[2020.11.11-08.36.40:217][  0]LogConfig: Setting CVar [[r.SSS.Quality:1]]
[2020.11.11-08.36.40:217][  0]LogConfig: Setting CVar [[r.SSS.HalfRes:0]]
[2020.11.11-08.36.40:217][  0]LogConfig: Setting CVar [[r.SSGI.Quality:3]]
[2020.11.11-08.36.40:217][  0]LogConfig: Setting CVar [[r.EmitterSpawnRateScale:1.0]]
[2020.11.11-08.36.40:217][  0]LogConfig: Setting CVar [[r.ParticleLightQuality:2]]
[2020.11.11-08.36.40:217][  0]LogConfig: Setting CVar [[r.SkyAtmosphere.AerialPerspectiveLUT.FastApplyOnOpaque:1 ; Always have FastSkyLUT 1 in this case to avoid wrong sky]]
[2020.11.11-08.36.40:217][  0]LogConfig: Setting CVar [[r.SkyAtmosphere.AerialPerspectiveLUT.SampleCountPerSlice:1]]
[2020.11.11-08.36.40:217][  0]LogConfig: Setting CVar [[r.SkyAtmosphere.AerialPerspectiveLUT.DepthResolution:16.0]]
[2020.11.11-08.36.40:217][  0]LogConfig: Setting CVar [[r.SkyAtmosphere.FastSkyLUT:1]]
[2020.11.11-08.36.40:217][  0]LogConfig: Setting CVar [[r.SkyAtmosphere.FastSkyLUT.SampleCountMin:4.0]]
[2020.11.11-08.36.40:217][  0]LogConfig: Setting CVar [[r.SkyAtmosphere.FastSkyLUT.SampleCountMax:32.0]]
[2020.11.11-08.36.40:217][  0]LogConfig: Setting CVar [[r.SkyAtmosphere.SampleCountMin:4.0]]
[2020.11.11-08.36.40:217][  0]LogConfig: Setting CVar [[r.SkyAtmosphere.SampleCountMax:32.0]]
[2020.11.11-08.36.40:217][  0]LogConfig: Setting CVar [[r.SkyAtmosphere.TransmittanceLUT.UseSmallFormat:0]]
[2020.11.11-08.36.40:217][  0]LogConfig: Setting CVar [[r.SkyAtmosphere.TransmittanceLUT.SampleCount:10.0]]
[2020.11.11-08.36.40:217][  0]LogConfig: Setting CVar [[r.SkyAtmosphere.MultiScatteringLUT.SampleCount:15.0]]
[2020.11.11-08.36.40:217][  0]LogConfig: Applying CVar settings from Section [FoliageQuality@3] File [C:/Users/Admin/Documents/Unreal Projects/VRFunhouseChristmas/Saved/Config/Windows/Scalability.ini]
[2020.11.11-08.36.40:217][  0]LogConfig: Setting CVar [[foliage.DensityScale:1.0]]
[2020.11.11-08.36.40:217][  0]LogConfig: Setting CVar [[grass.DensityScale:1.0]]
[2020.11.11-08.36.40:217][  0]LogConfig: Applying CVar settings from Section [ShadingQuality@3] File [C:/Users/Admin/Documents/Unreal Projects/VRFunhouseChristmas/Saved/Config/Windows/Scalability.ini]
[2020.11.11-08.36.40:217][  0]LogConfig: Setting CVar [[r.HairStrands.SkyLighting.SampleCount:16]]
[2020.11.11-08.36.40:217][  0]LogConfig: Setting CVar [[r.HairStrands.SkyLighting.JitterIntegration:0]]
[2020.11.11-08.36.40:217][  0]LogConfig: Setting CVar [[r.HairStrands.SkyAO.SampleCount:16]]
[2020.11.11-08.36.40:217][  0]LogConfig: Setting CVar [[r.HairStrands.DeepShadow.SuperSampling:0]]
[2020.11.11-08.36.40:217][  0]LogConfig: Setting CVar [[r.HairStrands.VisibilityPPLL:0]]
[2020.11.11-08.36.40:217][  0]LogConfig: Setting CVar [[r.HairStrands.RasterizationScale:0.5]]
[2020.11.11-08.36.40:217][  0]LogConfig: Setting CVar [[r.HairStrands.VelocityRasterizationScale:1]]
[2020.11.11-08.36.40:217][  0]LogConfig: Applying CVar settings from Section [Startup] File [../../../Engine/Config/ConsoleVariables.ini]
[2020.11.11-08.36.40:217][  0]LogConfig: Setting CVar [[net.UseAdaptiveNetUpdateFrequency:0]]
[2020.11.11-08.36.40:217][  0]LogConfig: Setting CVar [[p.chaos.AllowCreatePhysxBodies:1]]
[2020.11.11-08.36.40:218][  0]LogConfig: Setting CVar [[fx.SkipVectorVMBackendOptimizations:1]]
[2020.11.11-08.36.40:218][  0]LogConfig: Applying CVar settings from Section [ConsoleVariables] File [C:/Users/Admin/Documents/Unreal Projects/VRFunhouseChristmas/Saved/Config/Windows/Engine.ini]
[2020.11.11-08.36.40:218][  0]LogInit: Computer: DESKTOP-MQC0T7B
[2020.11.11-08.36.40:218][  0]LogInit: User: Admin
[2020.11.11-08.36.40:218][  0]LogInit: CPU Page size=4096, Cores=8
[2020.11.11-08.36.40:218][  0]LogInit: High frequency timer resolution =10.000000 MHz
[2020.11.11-08.36.40:218][  0]LogMemory: Memory total: Physical=63.9GB (64GB approx)
[2020.11.11-08.36.40:218][  0]LogMemory: Platform Memory Stats for Windows
[2020.11.11-08.36.40:218][  0]LogMemory: Process Physical Memory: 116.00 MB used, 116.00 MB peak
[2020.11.11-08.36.40:218][  0]LogMemory: Process Virtual Memory: 98.06 MB used, 98.06 MB peak
[2020.11.11-08.36.40:218][  0]LogMemory: Physical Memory: 7222.80 MB used,  58244.11 MB free, 65466.91 MB total
[2020.11.11-08.36.40:218][  0]LogMemory: Virtual Memory: 5186.61 MB used,  134212544.00 MB free, 134217728.00 MB total
[2020.11.11-08.36.40:224][  0]LogWindows: WindowsPlatformFeatures enabled
[2020.11.11-08.36.40:263][  0]LogInit: Physics initialised using underlying interface: PhysX
[2020.11.11-08.36.40:265][  0]LogInit: Using OS detected language (en-US).
[2020.11.11-08.36.40:265][  0]LogInit: Using OS detected locale (en-US).
[2020.11.11-08.36.40:279][  0]LogTextLocalizationManager: No specific localization for 'en-US' exists, so the 'en' localization will be used.
[2020.11.11-08.36.40:493][  0]LogInit: Setting process to per monitor DPI aware
[2020.11.11-08.36.40:545][  0]LogSlate: New Slate User Created.  User Index 0, Is Virtual User: 0
[2020.11.11-08.36.40:545][  0]LogSlate: Slate User Registered.  User Index 0, Is Virtual User: 0
[2020.11.11-08.36.41:276][  0]LogD3D11RHI: D3D11 min allowed feature level: 11_0
[2020.11.11-08.36.41:276][  0]LogD3D11RHI: D3D11 max allowed feature level: 11_0
[2020.11.11-08.36.41:276][  0]LogD3D11RHI: D3D11 adapters:
[2020.11.11-08.36.41:380][  0]LogD3D11RHI:    0. 'NVIDIA GeForce GTX 1660 Ti' (Feature Level 11_0)
[2020.11.11-08.36.41:380][  0]LogD3D11RHI:       5991/0/32733 MB DedicatedVideo/DedicatedSystem/SharedSystem, Outputs:4, VendorId:0x10de
[2020.11.11-08.36.41:382][  0]LogD3D11RHI:    1. 'Microsoft Basic Render Driver' (Feature Level 11_0)
[2020.11.11-08.36.41:382][  0]LogD3D11RHI:       0/0/32733 MB DedicatedVideo/DedicatedSystem/SharedSystem, Outputs:0, VendorId:0x1414
[2020.11.11-08.36.41:443][  0]LogD3D11RHI:    2. 'NVIDIA GeForce GTX 1660 Ti' (Feature Level 11_0)
[2020.11.11-08.36.41:444][  0]LogD3D11RHI:       5991/0/32733 MB DedicatedVideo/DedicatedSystem/SharedSystem, Outputs:0, VendorId:0x10de
[2020.11.11-08.36.41:444][  0]LogD3D11RHI: Chosen D3D11 Adapter: 0
[2020.11.11-08.36.41:451][  0]LogD3D11RHI: Creating new Direct3DDevice
[2020.11.11-08.36.41:451][  0]LogD3D11RHI:     GPU DeviceId: 0x2182 (for the marketing name, search the web for "GPU Device Id")
[2020.11.11-08.36.41:451][  0]LogWindows: EnumDisplayDevices:
[2020.11.11-08.36.41:451][  0]LogWindows:    0. 'NVIDIA GeForce GTX 1660 Ti' (P:1 D:1)
[2020.11.11-08.36.41:452][  0]LogWindows:    1. 'NVIDIA GeForce GTX 1660 Ti' (P:0 D:0)
[2020.11.11-08.36.41:452][  0]LogWindows:    2. 'NVIDIA GeForce GTX 1660 Ti' (P:0 D:0)
[2020.11.11-08.36.41:452][  0]LogWindows:    3. 'NVIDIA GeForce GTX 1660 Ti' (P:0 D:0)
[2020.11.11-08.36.41:452][  0]LogWindows:    4. 'Virtual Display Adapter' (P:0 D:1)
[2020.11.11-08.36.41:452][  0]LogWindows:    5. 'Virtual Display Adapter' (P:0 D:1)
[2020.11.11-08.36.41:453][  0]LogWindows:    6. 'Virtual Display Adapter' (P:0 D:1)
[2020.11.11-08.36.41:453][  0]LogWindows:    7. 'Virtual Display Adapter' (P:0 D:0)
[2020.11.11-08.36.41:453][  0]LogWindows:    8. 'Virtual Display Adapter' (P:0 D:0)
[2020.11.11-08.36.41:453][  0]LogWindows:    9. 'Virtual Display Adapter' (P:0 D:0)
[2020.11.11-08.36.41:453][  0]LogWindows:    10. 'Virtual Display Adapter' (P:0 D:0)
[2020.11.11-08.36.41:454][  0]LogWindows:    11. 'Virtual Display Adapter' (P:0 D:0)
[2020.11.11-08.36.41:454][  0]LogWindows:    12. 'Virtual Display Adapter' (P:0 D:0)
[2020.11.11-08.36.41:454][  0]LogWindows:    13. 'Virtual Display Adapter' (P:0 D:0)
[2020.11.11-08.36.41:455][  0]LogWindows:    14. 'Virtual Display Adapter' (P:0 D:0)
[2020.11.11-08.36.41:455][  0]LogWindows:    15. 'Virtual Display Adapter' (P:0 D:0)
[2020.11.11-08.36.41:455][  0]LogWindows:    16. 'Virtual Display Adapter' (P:0 D:0)
[2020.11.11-08.36.41:455][  0]LogWindows:    17. 'Virtual Display Adapter' (P:0 D:0)
[2020.11.11-08.36.41:455][  0]LogWindows:    18. 'Virtual Display Adapter' (P:0 D:0)
[2020.11.11-08.36.41:455][  0]LogWindows:    19. 'Virtual Display Adapter' (P:0 D:0)
[2020.11.11-08.36.41:456][  0]LogWindows: DebugString: GetVideoDriverDetailsInvalid PrimaryIsNotTheChoosenAdapter GetVideoDriverDetailsInvalid PrimaryIsNotTheChoosenAdapter GetVideoDriverDetailsInvalid PrimaryIsNotTheChoosenAdapter GetVideoDriverDetailsInvalid PrimaryIsNotTheChoosenAdapter GetVideoDriverDetailsInvalid PrimaryIsNotTheChoosenAdapter GetVideoDriverDetailsInvalid PrimaryIsNotTheChoosenAdapter GetVideoDriverDetailsInvalid PrimaryIsNotTheChoosenAdapter GetVideoDriverDetailsInvalid PrimaryIsNotTheChoosenAdapter GetVideoDriverDetailsInvalid PrimaryIsNotTheChoosenAdapter GetVideoDriverDetailsInvalid PrimaryIsNotTheChoosenAdapter GetVideoDriverDetailsInvalid PrimaryIsNotTheChoosenAdapter GetVideoDriverDetailsInvalid PrimaryIsNotTheChoosenAdapter GetVideoDriverDetailsInvalid PrimaryIsNotTheChoosenAdapter GetVideoDriverDetailsInvalid PrimaryIsNotTheChoosenAdapter GetVideoDriverDetailsInvalid PrimaryIsNotTheChoosenAdapter GetVideoDriverDetailsInvalid PrimaryIsNotTheChoosenAdapter FoundDriverCount:4 
[2020.11.11-08.36.41:456][  0]LogD3D11RHI:     Adapter Name: NVIDIA GeForce GTX 1660 Ti
[2020.11.11-08.36.41:456][  0]LogD3D11RHI:   Driver Version: 432.00 (internal:26.21.14.3200, unified:432.00)
[2020.11.11-08.36.41:456][  0]LogD3D11RHI:      Driver Date: 7-24-2019
[2020.11.11-08.36.41:456][  0]LogRHI: Texture pool is 4193 MB (70% of 5991 MB)
[2020.11.11-08.36.41:513][  0]LogD3D11RHI: RHI has support for 64 bit atomics
[2020.11.11-08.36.41:513][  0]LogD3D11RHI: Async texture creation enabled
[2020.11.11-08.36.41:513][  0]LogD3D11RHI: Array index from any shader is supported
[2020.11.11-08.36.41:579][  0]LogD3D11RHI: GPU Timing Frequency: 1000.000000 (Debug: 2 1)
[2020.11.11-08.36.41:844][  0]LogTargetPlatformManager: Display: Loaded TargetPlatform 'AllDesktop'
[2020.11.11-08.36.41:868][  0]LogTargetPlatformManager: Display: Loaded TargetPlatform 'Android'
[2020.11.11-08.36.41:868][  0]LogTargetPlatformManager: Display: Loaded TargetPlatform 'Android_ASTC'
[2020.11.11-08.36.41:868][  0]LogTargetPlatformManager: Display: Loaded TargetPlatform 'Android_DXT'
[2020.11.11-08.36.41:868][  0]LogTargetPlatformManager: Display: Loaded TargetPlatform 'Android_ETC2'
[2020.11.11-08.36.41:868][  0]LogTargetPlatformManager: Display: Loaded TargetPlatform 'AndroidClient'
[2020.11.11-08.36.41:868][  0]LogTargetPlatformManager: Display: Loaded TargetPlatform 'Android_ASTCClient'
[2020.11.11-08.36.41:868][  0]LogTargetPlatformManager: Display: Loaded TargetPlatform 'Android_DXTClient'
[2020.11.11-08.36.41:868][  0]LogTargetPlatformManager: Display: Loaded TargetPlatform 'Android_ETC2Client'
[2020.11.11-08.36.41:868][  0]LogTargetPlatformManager: Display: Loaded TargetPlatform 'Android_Multi'
[2020.11.11-08.36.41:868][  0]LogTargetPlatformManager: Display: Loaded TargetPlatform 'Android_MultiClient'
[2020.11.11-08.36.41:893][  0]LogTargetPlatformManager: Display: Loaded TargetPlatform 'IOSClient'
[2020.11.11-08.36.41:893][  0]LogTargetPlatformManager: Display: Loaded TargetPlatform 'IOS'
[2020.11.11-08.36.41:905][  0]LogTargetPlatformManager: Display: Loaded TargetPlatform 'Linux'
[2020.11.11-08.36.41:915][  0]LogTargetPlatformManager: Display: Loaded TargetPlatform 'LinuxNoEditor'
[2020.11.11-08.36.41:925][  0]LogTargetPlatformManager: Display: Loaded TargetPlatform 'LinuxClient'
[2020.11.11-08.36.41:935][  0]LogTargetPlatformManager: Display: Loaded TargetPlatform 'LinuxServer'
[2020.11.11-08.36.41:945][  0]LogTargetPlatformManager: Display: Loaded TargetPlatform 'LinuxAArch64NoEditor'
[2020.11.11-08.36.41:955][  0]LogTargetPlatformManager: Display: Loaded TargetPlatform 'LinuxAArch64Client'
[2020.11.11-08.36.41:965][  0]LogTargetPlatformManager: Display: Loaded TargetPlatform 'LinuxAArch64Server'
[2020.11.11-08.36.41:995][  0]LogTargetPlatformManager: Display: Loaded TargetPlatform 'Lumin'
[2020.11.11-08.36.41:995][  0]LogTargetPlatformManager: Display: Loaded TargetPlatform 'LuminClient'
[2020.11.11-08.36.42:014][  0]LogTargetPlatformManager: Display: Loaded TargetPlatform 'TVOSClient'
[2020.11.11-08.36.42:014][  0]LogTargetPlatformManager: Display: Loaded TargetPlatform 'TVOS'
[2020.11.11-08.36.42:025][  0]LogTargetPlatformManager: Display: Loaded TargetPlatform 'WindowsNoEditor'
[2020.11.11-08.36.42:035][  0]LogTargetPlatformManager: Display: Loaded TargetPlatform 'Windows'
[2020.11.11-08.36.42:046][  0]LogTargetPlatformManager: Display: Loaded TargetPlatform 'WindowsClient'
[2020.11.11-08.36.42:056][  0]LogTargetPlatformManager: Display: Loaded TargetPlatform 'WindowsServer'
[2020.11.11-08.36.42:056][  0]LogTargetPlatformManager: Display: Building Assets For Windows
[2020.11.11-08.36.42:063][  0]LogAudioDebug: Display: Lib vorbis DLL was dynamically loaded.
[2020.11.11-08.36.42:129][  0]LogShaderCompilers: Guid format shader working directory is -30 characters bigger than the processId version (../../../../../../Users/Admin/Documents/Unreal Projects/VRFunhouseChristmas/Intermediate/Shaders/WorkingDirectory/16080/).
[2020.11.11-08.36.42:129][  0]LogShaderCompilers: Cleaned the shader compiler working directory 'C:/Users/Admin/AppData/Local/Temp/UnrealShaderWorkingDir/ACE65D0E431EF2CED9911BBB57E9F22F/'.
[2020.11.11-08.36.42:130][  0]LogXGEController: Cleaning working directory: C:/Users/Admin/AppData/Local/Temp/UnrealXGEWorkingDir/
[2020.11.11-08.36.42:130][  0]LogXGEController: Cannot use XGE Controller as Incredibuild is not installed on this machine.
[2020.11.11-08.36.42:130][  0]LogShaderCompilers: Cannot use XGE Shader Compiler as Incredibuild is not installed on this machine.
[2020.11.11-08.36.42:130][  0]LogShaderCompilers: Display: Using Local Shader Compiler.
[2020.11.11-08.36.42:860][  0]LogDerivedDataCache: Display: Max Cache Size: 512 MB
[2020.11.11-08.36.42:905][  0]LogDerivedDataCache: Loaded boot cache 0.05s 77MB C:/Users/Admin/AppData/Local/UnrealEngine/4.25/DerivedDataCache/Boot.ddc.
[2020.11.11-08.36.42:906][  0]LogDerivedDataCache: Display: Loaded Boot cache: C:/Users/Admin/AppData/Local/UnrealEngine/4.25/DerivedDataCache/Boot.ddc
[2020.11.11-08.36.42:906][  0]LogDerivedDataCache: FDerivedDataBackendGraph:  Pak pak cache file ../../../../../../Users/Admin/Documents/Unreal Projects/VRFunhouseChristmas/DerivedDataCache/DDC.ddp not found, will not use a pak cache.
[2020.11.11-08.36.42:906][  0]LogDerivedDataCache: Unable to find inner node Pak for hierarchical cache Hierarchy.
[2020.11.11-08.36.42:906][  0]LogDerivedDataCache: FDerivedDataBackendGraph:  CompressedPak pak cache file ../../../../../../Users/Admin/Documents/Unreal Projects/VRFunhouseChristmas/DerivedDataCache/Compressed.ddp not found, will not use a pak cache.
[2020.11.11-08.36.42:906][  0]LogDerivedDataCache: Unable to find inner node CompressedPak for hierarchical cache Hierarchy.
[2020.11.11-08.36.42:916][  0]LogDerivedDataCache: Display: Pak cache opened for reading ../../../Engine/DerivedDataCache/Compressed.ddp.
[2020.11.11-08.36.42:916][  0]LogDerivedDataCache: FDerivedDataBackendGraph:  EnterprisePak pak cache file ../../../Enterprise/DerivedDataCache/Compressed.ddp not found, will not use a pak cache.
[2020.11.11-08.36.42:916][  0]LogDerivedDataCache: Unable to find inner node EnterprisePak for hierarchical cache Hierarchy.
[2020.11.11-08.36.42:917][  0]LogDerivedDataCache: Using Local data cache path C:/Users/Admin/AppData/Local/UnrealEngine/Common/DerivedDataCache: Writable
[2020.11.11-08.36.42:918][  0]LogDerivedDataCache: Shared data cache path not found in *engine.ini, will not use an Shared cache.
[2020.11.11-08.36.42:918][  0]LogDerivedDataCache: Unable to find inner node Shared for hierarchical cache Hierarchy.
[2020.11.11-08.36.42:968][  0]LogSlate: Using FreeType 2.10.0
[2020.11.11-08.36.42:968][  0]LogSlate: SlateFontServices - WITH_FREETYPE: 1, WITH_HARFBUZZ: 1
[2020.11.11-08.36.42:990][  0]LogAssetRegistry: FAssetRegistry took 0.0026 seconds to start up
[2020.11.11-08.36.43:222][  0]LogInit: Selected Device Profile: [Windows]
[2020.11.11-08.36.43:327][  0]LogMeshReduction: Using QuadricMeshReduction for automatic static mesh reduction
[2020.11.11-08.36.43:327][  0]LogMeshReduction: Using SimplygonMeshReduction for automatic skeletal mesh reduction
[2020.11.11-08.36.43:327][  0]LogMeshReduction: Using ProxyLODMeshReduction for automatic mesh merging
[2020.11.11-08.36.43:327][  0]LogMeshReduction: No distributed automatic mesh merging module available
[2020.11.11-08.36.43:327][  0]LogMeshMerging: No distributed automatic mesh merging module available
[2020.11.11-08.36.43:351][  0]LogNetVersion: VRFunhouseChristmas 1.0.0, NetCL: 13144385, EngineNetVer: 14, GameNetVer: 0 (Checksum: 1229141910)
[2020.11.11-08.36.43:739][  0]LogAISub: UAISubsystem::UAISubsystem AISubsystem (0000023035C81BC0), frame # 0
[2020.11.11-08.36.43:739][  0]LogAISub: UAISubsystem::UAISubsystem AIPerceptionSystem (0000023035BBCF40), frame # 0
[2020.11.11-08.36.43:741][  0]LogAISub: UAISubsystem::UAISubsystem EnvQueryManager (0000023035BCB000), frame # 0
[2020.11.11-08.36.43:802][  0]LogPackageLocalizationCache: Processed 19 localized package path(s) for 1 prioritized culture(s) in 0.055267 seconds
[2020.11.11-08.36.43:808][  0]LogUObjectArray: 15917 objects as part of root set at end of initial load.
[2020.11.11-08.36.43:808][  0]LogUObjectAllocator: 3965568 out of 0 bytes used by permanent object pool.
[2020.11.11-08.36.43:808][  0]LogUObjectArray: CloseDisregardForGC: 0/0 objects in disregard for GC pool
[2020.11.11-08.36.44:146][  0]LogTcpMessaging: Initializing TcpMessaging bridge
[2020.11.11-08.36.44:150][  0]LogUdpMessaging: Initializing bridge on interface 0.0.0.0:0 to multicast group 230.0.0.1:6666.
[2020.11.11-08.36.44:228][  0]SourceControl: Source control is disabled
[2020.11.11-08.36.44:228][  0]SourceControl: Source control is disabled
[2020.11.11-08.36.44:232][  0]SourceControl: Source control is disabled
[2020.11.11-08.36.44:236][  0]SourceControl: Source control is disabled
[2020.11.11-08.36.44:243][  0]SourceControl: Source control is disabled
[2020.11.11-08.36.44:491][  0]LogAndroidPermission: UAndroidPermissionCallbackProxy::GetInstance
[2020.11.11-08.36.44:513][  0]LogAudioCaptureCore: Display: No Audio Capture implementations found. Audio input will be silent.
[2020.11.11-08.36.44:513][  0]LogAudioCaptureCore: Display: No Audio Capture implementations found. Audio input will be silent.
[2020.11.11-08.36.44:563][  0]LogOcInput: OculusInput pre-init called
[2020.11.11-08.36.44:574][  0]LogWindows: Failed to load 'OVRPlugin.dll' (GetLastError=126)
[2020.11.11-08.36.44:574][  0]LogWindows: File 'OVRPlugin.dll' does not exist
[2020.11.11-08.36.44:638][  0]LogEngine: Initializing Engine...
[2020.11.11-08.36.44:639][  0]LogHMD: SteamVR initialized.  Driver: holographic  Display: WindowsHolographic
[2020.11.11-08.36.44:640][  0]LogStats: UGameplayTagsManager::InitializeManager -  0.000 s
[2020.11.11-08.36.44:748][  0]LogInit: Initializing FReadOnlyCVARCache
[2020.11.11-08.36.44:756][  0]LogAIModule: Creating AISystem for world Untitled
[2020.11.11-08.36.44:756][  0]LogAISub: UAISubsystem::UAISubsystem EnvQueryManager (000002303C230800), frame # 0
[2020.11.11-08.36.44:756][  0]LogAISub: UAISubsystem::UAISubsystem AIPerceptionSystem (000002303C21E840), frame # 0
[2020.11.11-08.36.44:767][  0]LogAudioMixer: Display: Audio Mixer Platform Settings:
[2020.11.11-08.36.44:767][  0]LogAudioMixer: Display: 	Sample Rate:						  48000
[2020.11.11-08.36.44:767][  0]LogAudioMixer: Display: 	Callback Buffer Frame Size Requested: 1024
[2020.11.11-08.36.44:767][  0]LogAudioMixer: Display: 	Callback Buffer Frame Size To Use:	  1024
[2020.11.11-08.36.44:767][  0]LogAudioMixer: Display: 	Number of buffers to queue:			  2
[2020.11.11-08.36.44:767][  0]LogAudioMixer: Display: 	Max Channels (voices):				  32
[2020.11.11-08.36.44:767][  0]LogAudioMixer: Display: 	Number of Async Source Workers:		  0
[2020.11.11-08.36.44:767][  0]LogAudio: Display: AudioDevice MaxSources: 32
[2020.11.11-08.36.44:768][  0]LogAudio: Display: Using built-in audio occlusion.
[2020.11.11-08.36.44:768][  0]LogAudioMixer: Display: Initializing audio mixer.
[2020.11.11-08.36.44:779][  0]LogAudioMixer: Display: 0: FrontLeft
[2020.11.11-08.36.44:779][  0]LogAudioMixer: Display: 1: FrontRight
[2020.11.11-08.36.44:806][  0]LogAudioMixer: Display: Using Audio Device Speakers (Realtek USB2.0 Audio)
[2020.11.11-08.36.44:807][  0]LogAudioMixer: Display: Initializing Sound Submixes...
[2020.11.11-08.36.44:810][  0]LogAudioMixer: Display: Creating Master Submix 'MasterSubmixDefault'
[2020.11.11-08.36.44:810][  0]LogAudioMixer: Display: Creating Master Submix 'MasterReverbSubmixDefault'
[2020.11.11-08.36.44:810][  0]LogAudioMixer: Display: Creating Master Submix 'MasterEQSubmixDefault'
[2020.11.11-08.36.44:811][  0]LogInit: FAudioDevice initialized.
[2020.11.11-08.36.44:812][  0]LogNetVersion: Set ProjectVersion to 1.0.0.0. Version Checksum will be recalculated on next use.
[2020.11.11-08.36.44:872][  0]LogDerivedDataCache: Saved boot cache 0.06s 77MB C:/Users/Admin/AppData/Local/UnrealEngine/4.25/DerivedDataCache/Boot.ddc.
[2020.11.11-08.36.44:878][  0]LogInit: Texture streaming: Enabled
[2020.11.11-08.36.44:894][  0]LogEngineSessionManager: EngineSessionManager initialized
[2020.11.11-08.36.44:894][  0]LogEngineSessionManager: EngineSessionManager sent abnormal shutdown report. Type=AbnormalShutdown, SessionId={72864A61-4965-3D65-CFD5-168E53534D00}
[2020.11.11-08.36.44:894][  0]LogEditorSessionSummary: Verbose: Initializing EditorSessionSummaryWriter for editor session tracking
[2020.11.11-08.36.44:895][  0]LogEditorSessionSummary: EditorSessionSummaryWriter initialized
[2020.11.11-08.36.44:949][  0]LogInit: Transaction tracking system initialized
[2020.11.11-08.36.44:970][  0]BlueprintLog: New page: Editor Load
[2020.11.11-08.36.45:038][  0]LocalizationService: Localization service is disabled
[2020.11.11-08.36.45:195][  0]LogCook: Display: Max memory allowance for cook 16384mb min free memory 0mb
[2020.11.11-08.36.45:196][  0]LogCook: Display: Mobile HDR setting 1
[2020.11.11-08.36.45:203][  0]LogFileCache: Scanning file cache for directory 'C:/Users/Admin/Documents/Unreal Projects/VRFunhouseChristmas/Content/' took 0.01s
[2020.11.11-08.36.45:489][  0]SourceControl: Source control is disabled
[2020.11.11-08.36.45:489][  0]LogUnrealEdMisc: Loading editor; pre map load, took 7.403
[2020.11.11-08.36.45:489][  0]Cmd: MAP LOAD FILE="../../../../../../Users/Admin/Documents/Unreal Projects/VRFunhouseChristmas/Content/VirtualRealityBP/Maps/Level1.umap" TEMPLATE=0 SHOWPROGRESS=1 FEATURELEVEL=3
[2020.11.11-08.36.45:490][  0]LogEditorServer: Warning: Can't find file '../../../../../../Users/Admin/Documents/Unreal Projects/VRFunhouseChristmas/Content/VirtualRealityBP/Maps/Level1.umap'
[2020.11.11-08.36.45:490][  0]Cmd: MAP CHECKDEP NOCLEARLOG
[2020.11.11-08.36.45:490][  0]MapCheck: Map check complete: 0 Error(s), 0 Warning(s), took 0.188ms to complete.
[2020.11.11-08.36.45:490][  0]LogFileHelpers: Loading map 'Level1' took 0.001
[2020.11.11-08.36.45:491][  0]LogUnrealEdMisc: Total Editor Startup Time, took 7.405
[2020.11.11-08.36.45:641][  0]LogSlate: Updating window title bar state: overlay mode, drag disabled, window buttons hidden, title bar hidden
[2020.11.11-08.36.45:649][  0]LogSlate: Updating window title bar state: overlay mode, drag disabled, window buttons hidden, title bar hidden
[2020.11.11-08.36.45:656][  0]LogSlate: Updating window title bar state: overlay mode, drag disabled, window buttons hidden, title bar hidden
[2020.11.11-08.36.45:663][  0]LogSlate: Updating window title bar state: overlay mode, drag disabled, window buttons hidden, title bar hidden
[2020.11.11-08.36.45:671][  0]LogCollectionManager: Loaded 0 collections in 0.001935 seconds
[2020.11.11-08.36.45:686][  0]LogFileCache: Scanning file cache for directory 'C:/Users/Admin/Documents/Unreal Projects/VRFunhouseChristmas/Saved/Collections/' took 0.00s
[2020.11.11-08.36.45:687][  0]LogFileCache: Scanning file cache for directory 'C:/Users/Admin/Documents/Unreal Projects/VRFunhouseChristmas/Content/Developers/Admin/Collections/' took 0.00s
[2020.11.11-08.36.45:687][  0]LogFileCache: Scanning file cache for directory 'C:/Users/Admin/Documents/Unreal Projects/VRFunhouseChristmas/Content/Collections/' took 0.00s
[2020.11.11-08.36.45:687][  0]LogContentBrowser: Native class hierarchy populated in 0.0103 seconds. Added 3427 classes and 821 folders.
[2020.11.11-08.36.45:689][  0]LogContentBrowser: Native class hierarchy updated for 'WidgetCarousel' in 0.0003 seconds. Added 0 classes and 0 folders.
[2020.11.11-08.36.45:750][  0]LogContentBrowser: Native class hierarchy updated for 'AddContentDialog' in 0.0003 seconds. Added 0 classes and 0 folders.
[2020.11.11-08.36.45:751][  0]LogContentBrowser: Native class hierarchy updated for 'SceneOutliner' in 0.0002 seconds. Added 2 classes and 0 folders.
[2020.11.11-08.36.45:781][  0]LogSlate: Took 0.000169 seconds to synchronously load lazily loaded font '../../../Engine/Content/Slate/Fonts/Roboto-Regular.ttf' (155K)
[2020.11.11-08.36.45:783][  0]LogSlate: Took 0.000099 seconds to synchronously load lazily loaded font '../../../Engine/Content/Slate/Fonts/Roboto-Bold.ttf' (160K)
[2020.11.11-08.36.45:788][  0]LogSlate: Took 0.000164 seconds to synchronously load lazily loaded font '../../../Engine/Content/Editor/Slate/Fonts/FontAwesome.ttf' (139K)
[2020.11.11-08.36.45:871][  0]LogRenderer: Reallocating scene render targets to support 812x436 Format 26 NumSamples 1 (Frame:1).
[2020.11.11-08.36.45:944][  0]LogContentBrowser: Native class hierarchy updated for 'HierarchicalLODOutliner' in 0.0003 seconds. Added 0 classes and 0 folders.
[2020.11.11-08.36.45:944][  0]LogLoad: (Engine Initialization) Total time: 7.86 seconds
[2020.11.11-08.36.45:944][  0]LogLoad: (Engine Initialization) Total Blueprint compile time: 0.00 seconds
[2020.11.11-08.36.45:954][  0]LogSteamVRInputDevice: Display: SteamVR runtime 1.5.17 loaded.
[2020.11.11-08.36.45:954][  0]LogSteamVRInputDevice: Display: Action Manifest Path: ../../../../../../Users/Admin/Documents/Unreal Projects/VRFunhouseChristmas/Config/SteamVRBindings/steamvr_manifest.json
[2020.11.11-08.36.45:954][  0]LogSteamVRInputDevice: Display: Controller Bindings Path: ../../../../../../Users/Admin/Documents/Unreal Projects/VRFunhouseChristmas/Config/SteamVRBindings
[2020.11.11-08.36.45:958][  0]LogSteamVRInputDevice: Searching for Controller Bindings files at: ../../../../../../Users/Admin/Documents/Unreal Projects/VRFunhouseChristmas/Config/SteamVRBindings
[2020.11.11-08.36.45:962][  0]LogSteamVRInputDevice: Display: [STEAMVR INPUT] Registering Application Manifest ../../../../../../Users/Admin/Documents/Unreal Projects/VRFunhouseChristmas/Config/steamvr_ue_editor_app.json : VRApplicationError_None
[2020.11.11-08.36.45:963][  0]LogSteamVRInputDevice: Display: [STEAMVR INPUT] Editor Application [16080][application.generated.ue.virtual-reality-bp-game-template-14469661.ue4editor.exe] identified to SteamVR: VRApplicationError_None
[2020.11.11-08.36.45:963][  0]LogSteamVRInputDevice: Display: [STEAMVR INPUT] Trying to load Action Manifest from: C:/Users/Admin/Documents/Unreal Projects/VRFunhouseChristmas/Config/SteamVRBindings/steamvr_manifest.json
[2020.11.11-08.36.45:964][  0]LogSteamVRInputDevice: Display: [STEAMVR INPUT] Setting Action Manifest Path Result: Success
[2020.11.11-08.36.45:964][  0]LogSteamVRInputDevice: Display: [STEAMVR INPUT] Setting main action set: Success
[2020.11.11-08.36.45:964][  0]LogSteamVRInputDevice: Display: Retrieving Action Handle: /actions/main/in/controllerleft
[2020.11.11-08.36.45:964][  0]LogSteamVRInputDevice: Display: [STEAMVR INPUT] Setting Action Handle Path Result: Success
[2020.11.11-08.36.45:964][  0]LogSteamVRInputDevice: Display: Retrieving Action Handle: /actions/main/in/controllerright
[2020.11.11-08.36.45:964][  0]LogSteamVRInputDevice: Display: [STEAMVR INPUT] Setting Action Handle Path Result: Success
[2020.11.11-08.36.45:964][  0]LogSteamVRInputDevice: Display: Retrieving Action Handle: /actions/main/in/special1
[2020.11.11-08.36.45:964][  0]LogSteamVRInputDevice: Display: [STEAMVR INPUT] Setting Action Handle Path Result: Success
[2020.11.11-08.36.45:964][  0]LogSteamVRInputDevice: Display: Retrieving Action Handle: /actions/main/in/special2
[2020.11.11-08.36.45:964][  0]LogSteamVRInputDevice: Display: [STEAMVR INPUT] Setting Action Handle Path Result: Success
[2020.11.11-08.36.45:964][  0]LogSteamVRInputDevice: Display: Retrieving Action Handle: /actions/main/in/special3
[2020.11.11-08.36.45:964][  0]LogSteamVRInputDevice: Display: [STEAMVR INPUT] Setting Action Handle Path Result: Success
[2020.11.11-08.36.45:964][  0]LogSteamVRInputDevice: Display: Retrieving Action Handle: /actions/main/in/special4
[2020.11.11-08.36.45:964][  0]LogSteamVRInputDevice: Display: [STEAMVR INPUT] Setting Action Handle Path Result: Success
[2020.11.11-08.36.45:964][  0]LogSteamVRInputDevice: Display: Retrieving Action Handle: /actions/main/in/special5
[2020.11.11-08.36.45:964][  0]LogSteamVRInputDevice: Display: [STEAMVR INPUT] Setting Action Handle Path Result: Success
[2020.11.11-08.36.45:964][  0]LogSteamVRInputDevice: Display: Retrieving Action Handle: /actions/main/in/special6
[2020.11.11-08.36.45:964][  0]LogSteamVRInputDevice: Display: [STEAMVR INPUT] Setting Action Handle Path Result: Success
[2020.11.11-08.36.45:964][  0]LogSteamVRInputDevice: Display: Retrieving Action Handle: /actions/main/in/special7
[2020.11.11-08.36.45:964][  0]LogSteamVRInputDevice: Display: [STEAMVR INPUT] Setting Action Handle Path Result: Success
[2020.11.11-08.36.45:965][  0]LogSteamVRInputDevice: Display: Retrieving Action Handle: /actions/main/in/special8
[2020.11.11-08.36.45:965][  0]LogSteamVRInputDevice: Display: [STEAMVR INPUT] Setting Action Handle Path Result: Success
[2020.11.11-08.36.45:965][  0]LogSteamVRInputDevice: Display: Retrieving Action Handle: /actions/main/in/skeletonleft
[2020.11.11-08.36.45:965][  0]LogSteamVRInputDevice: Display: [STEAMVR INPUT] Setting Action Handle Path Result: Success
[2020.11.11-08.36.45:965][  0]LogSteamVRInputDevice: Display: Retrieving Action Handle: /actions/main/in/skeletonright
[2020.11.11-08.36.45:965][  0]LogSteamVRInputDevice: Display: [STEAMVR INPUT] Setting Action Handle Path Result: Success
[2020.11.11-08.36.45:965][  0]LogSteamVRInputDevice: Display: Retrieving Action Handle: /actions/main/out/vibrateleft
[2020.11.11-08.36.45:965][  0]LogSteamVRInputDevice: Display: [STEAMVR INPUT] Setting Action Handle Path Result: Success
[2020.11.11-08.36.45:965][  0]LogSteamVRInputDevice: Display: Retrieving Action Handle: /actions/main/out/vibrateright
[2020.11.11-08.36.45:965][  0]LogSteamVRInputDevice: Display: [STEAMVR INPUT] Setting Action Handle Path Result: Success
[2020.11.11-08.36.45:965][  0]LogSteamVRInputDevice: Display: Retrieving Action Handle: /actions/main/in/open_console
[2020.11.11-08.36.45:965][  0]LogSteamVRInputDevice: Display: [STEAMVR INPUT] Setting Action Handle Path Result: Success
[2020.11.11-08.36.45:965][  0]LogSteamVRInputDevice: Display: Retrieving Action Handle: /actions/main/in/TeleportRight
[2020.11.11-08.36.45:965][  0]LogSteamVRInputDevice: Display: [STEAMVR INPUT] Setting Action Handle Path Result: Success
[2020.11.11-08.36.45:965][  0]LogSteamVRInputDevice: Display: Retrieving Action Handle: /actions/main/in/TeleportRight
[2020.11.11-08.36.45:965][  0]LogSteamVRInputDevice: Display: [STEAMVR INPUT] Setting Action Handle Path Result: Success
[2020.11.11-08.36.45:965][  0]LogSteamVRInputDevice: Display: Retrieving Action Handle: /actions/main/in/TeleportRight
[2020.11.11-08.36.45:965][  0]LogSteamVRInputDevice: Display: [STEAMVR INPUT] Setting Action Handle Path Result: Success
[2020.11.11-08.36.45:965][  0]LogSteamVRInputDevice: Display: Retrieving Action Handle: /actions/main/in/TeleportRight
[2020.11.11-08.36.45:965][  0]LogSteamVRInputDevice: Display: [STEAMVR INPUT] Setting Action Handle Path Result: Success
[2020.11.11-08.36.45:965][  0]LogSteamVRInputDevice: Display: Retrieving Action Handle: /actions/main/in/TeleportRight
[2020.11.11-08.36.45:965][  0]LogSteamVRInputDevice: Display: [STEAMVR INPUT] Setting Action Handle Path Result: Success
[2020.11.11-08.36.45:965][  0]LogSteamVRInputDevice: Display: Retrieving Action Handle: /actions/main/in/TeleportRight
[2020.11.11-08.36.45:965][  0]LogSteamVRInputDevice: Display: [STEAMVR INPUT] Setting Action Handle Path Result: Success
[2020.11.11-08.36.45:965][  0]LogSteamVRInputDevice: Display: Retrieving Action Handle: /actions/main/in/TeleportLeft
[2020.11.11-08.36.45:965][  0]LogSteamVRInputDevice: Display: [STEAMVR INPUT] Setting Action Handle Path Result: Success
[2020.11.11-08.36.45:965][  0]LogSteamVRInputDevice: Display: Retrieving Action Handle: /actions/main/in/TeleportLeft
[2020.11.11-08.36.45:965][  0]LogSteamVRInputDevice: Display: [STEAMVR INPUT] Setting Action Handle Path Result: Success
[2020.11.11-08.36.45:965][  0]LogSteamVRInputDevice: Display: Retrieving Action Handle: /actions/main/in/TeleportLeft
[2020.11.11-08.36.45:965][  0]LogSteamVRInputDevice: Display: [STEAMVR INPUT] Setting Action Handle Path Result: Success
[2020.11.11-08.36.45:965][  0]LogSteamVRInputDevice: Display: Retrieving Action Handle: /actions/main/in/TeleportLeft
[2020.11.11-08.36.45:965][  0]LogSteamVRInputDevice: Display: [STEAMVR INPUT] Setting Action Handle Path Result: Success
[2020.11.11-08.36.45:965][  0]LogSteamVRInputDevice: Display: Retrieving Action Handle: /actions/main/in/TeleportLeft
[2020.11.11-08.36.45:965][  0]LogSteamVRInputDevice: Display: [STEAMVR INPUT] Setting Action Handle Path Result: Success
[2020.11.11-08.36.45:965][  0]LogSteamVRInputDevice: Display: Retrieving Action Handle: /actions/main/in/TeleportLeft
[2020.11.11-08.36.45:965][  0]LogSteamVRInputDevice: Display: [STEAMVR INPUT] Setting Action Handle Path Result: Success
[2020.11.11-08.36.45:965][  0]LogSteamVRInputDevice: Display: Retrieving Action Handle: /actions/main/in/GrabLeft
[2020.11.11-08.36.45:965][  0]LogSteamVRInputDevice: Display: [STEAMVR INPUT] Setting Action Handle Path Result: Success
[2020.11.11-08.36.45:965][  0]LogSteamVRInputDevice: Display: Retrieving Action Handle: /actions/main/in/GrabLeft
[2020.11.11-08.36.45:965][  0]LogSteamVRInputDevice: Display: [STEAMVR INPUT] Setting Action Handle Path Result: Success
[2020.11.11-08.36.45:965][  0]LogSteamVRInputDevice: Display: Retrieving Action Handle: /actions/main/in/GrabLeft
[2020.11.11-08.36.45:966][  0]LogSteamVRInputDevice: Display: [STEAMVR INPUT] Setting Action Handle Path Result: Success
[2020.11.11-08.36.45:966][  0]LogSteamVRInputDevice: Display: Retrieving Action Handle: /actions/main/in/GrabLeft
[2020.11.11-08.36.45:966][  0]LogSteamVRInputDevice: Display: [STEAMVR INPUT] Setting Action Handle Path Result: Success
[2020.11.11-08.36.45:966][  0]LogSteamVRInputDevice: Display: Retrieving Action Handle: /actions/main/in/GrabRight
[2020.11.11-08.36.45:966][  0]LogSteamVRInputDevice: Display: [STEAMVR INPUT] Setting Action Handle Path Result: Success
[2020.11.11-08.36.45:966][  0]LogSteamVRInputDevice: Display: Retrieving Action Handle: /actions/main/in/GrabRight
[2020.11.11-08.36.45:966][  0]LogSteamVRInputDevice: Display: [STEAMVR INPUT] Setting Action Handle Path Result: Success
[2020.11.11-08.36.45:966][  0]LogSteamVRInputDevice: Display: Retrieving Action Handle: /actions/main/in/GrabRight
[2020.11.11-08.36.45:966][  0]LogSteamVRInputDevice: Display: [STEAMVR INPUT] Setting Action Handle Path Result: Success
[2020.11.11-08.36.45:966][  0]LogSteamVRInputDevice: Display: Retrieving Action Handle: /actions/main/in/GrabRight
[2020.11.11-08.36.45:966][  0]LogSteamVRInputDevice: Display: [STEAMVR INPUT] Setting Action Handle Path Result: Success
[2020.11.11-08.36.45:966][  0]LogSteamVRInputDevice: Display: Retrieving Action Handle: /actions/main/in/MotionControllerThumbLeft_X,MotionControllerThumbLeft_Y X Y_axis2d
[2020.11.11-08.36.45:966][  0]LogSteamVRInputDevice: Display: [STEAMVR INPUT] Setting Action Handle Path Result: Success
[2020.11.11-08.36.45:966][  0]LogSteamVRInputDevice: Display: Retrieving Action Handle: /actions/main/in/MotionControllerThumbLeft_X,MotionControllerThumbLeft_Y X Y_axis2d
[2020.11.11-08.36.45:966][  0]LogSteamVRInputDevice: Display: [STEAMVR INPUT] Setting Action Handle Path Result: Success
[2020.11.11-08.36.45:966][  0]LogSteamVRInputDevice: Display: Retrieving Action Handle: /actions/main/in/MotionControllerThumbLeft_X,MotionControllerThumbLeft_Y X Y_axis2d
[2020.11.11-08.36.45:966][  0]LogSteamVRInputDevice: Display: [STEAMVR INPUT] Setting Action Handle Path Result: Success
[2020.11.11-08.36.45:966][  0]LogSteamVRInputDevice: Display: Retrieving Action Handle: /actions/main/in/MotionControllerThumbLeft_X,MotionControllerThumbLeft_Y X Y_axis2d
[2020.11.11-08.36.45:966][  0]LogSteamVRInputDevice: Display: [STEAMVR INPUT] Setting Action Handle Path Result: Success
[2020.11.11-08.36.45:966][  0]LogSteamVRInputDevice: Display: Retrieving Action Handle: /actions/main/in/MotionControllerThumbRight_X,MotionControllerThumbRight_Y X Y_axis2d
[2020.11.11-08.36.45:966][  0]LogSteamVRInputDevice: Display: [STEAMVR INPUT] Setting Action Handle Path Result: Success
[2020.11.11-08.36.45:966][  0]LogSteamVRInputDevice: Display: Retrieving Action Handle: /actions/main/in/MotionControllerThumbRight_X,MotionControllerThumbRight_Y X Y_axis2d
[2020.11.11-08.36.45:966][  0]LogSteamVRInputDevice: Display: [STEAMVR INPUT] Setting Action Handle Path Result: Success
[2020.11.11-08.36.45:966][  0]LogSteamVRInputDevice: Display: Retrieving Action Handle: /actions/main/in/MotionControllerThumbRight_X,MotionControllerThumbRight_Y X Y_axis2d
[2020.11.11-08.36.45:966][  0]LogSteamVRInputDevice: Display: [STEAMVR INPUT] Setting Action Handle Path Result: Success
[2020.11.11-08.36.45:966][  0]LogSteamVRInputDevice: Display: Retrieving Action Handle: /actions/main/in/MotionControllerThumbRight_X,MotionControllerThumbRight_Y X Y_axis2d
[2020.11.11-08.36.45:966][  0]LogSteamVRInputDevice: Display: [STEAMVR INPUT] Setting Action Handle Path Result: Success
[2020.11.11-08.36.45:966][  0]LogSteamVRInputDevice: Display: Action Manifest Path: ../../../../../../Users/Admin/Documents/Unreal Projects/VRFunhouseChristmas/Config/SteamVRBindings/steamvr_manifest.json
[2020.11.11-08.36.45:967][  0]LogSteamVRInputDevice: Display: Controller Bindings Path: ../../../../../../Users/Admin/Documents/Unreal Projects/VRFunhouseChristmas/Config/SteamVRBindings
[2020.11.11-08.36.45:970][  0]LogSteamVRInputDevice: Searching for Controller Bindings files at: ../../../../../../Users/Admin/Documents/Unreal Projects/VRFunhouseChristmas/Config/SteamVRBindings
[2020.11.11-08.36.45:975][  0]LogSteamVRInputDevice: Display: [STEAMVR INPUT] Registering Application Manifest ../../../../../../Users/Admin/Documents/Unreal Projects/VRFunhouseChristmas/Config/steamvr_ue_editor_app.json : VRApplicationError_None
[2020.11.11-08.36.45:975][  0]LogSteamVRInputDevice: Display: [STEAMVR INPUT] Editor Application [16080][application.generated.ue.virtual-reality-bp-game-template-14469661.ue4editor.exe] identified to SteamVR: VRApplicationError_None
[2020.11.11-08.36.45:975][  0]LogSteamVRInputDevice: Display: [STEAMVR INPUT] Trying to load Action Manifest from: C:/Users/Admin/Documents/Unreal Projects/VRFunhouseChristmas/Config/SteamVRBindings/steamvr_manifest.json
[2020.11.11-08.36.45:975][  0]LogSteamVRInputDevice: Display: [STEAMVR INPUT] Setting Action Manifest Path Result: Success
[2020.11.11-08.36.45:975][  0]LogSteamVRInputDevice: Display: [STEAMVR INPUT] Setting main action set: Success
[2020.11.11-08.36.45:975][  0]LogSteamVRInputDevice: Display: Retrieving Action Handle: /actions/main/in/controllerleft
[2020.11.11-08.36.45:975][  0]LogSteamVRInputDevice: Display: [STEAMVR INPUT] Setting Action Handle Path Result: Success
[2020.11.11-08.36.45:975][  0]LogSteamVRInputDevice: Display: Retrieving Action Handle: /actions/main/in/controllerright
[2020.11.11-08.36.45:975][  0]LogSteamVRInputDevice: Display: [STEAMVR INPUT] Setting Action Handle Path Result: Success
[2020.11.11-08.36.45:976][  0]LogSteamVRInputDevice: Display: Retrieving Action Handle: /actions/main/in/special1
[2020.11.11-08.36.45:976][  0]LogSteamVRInputDevice: Display: [STEAMVR INPUT] Setting Action Handle Path Result: Success
[2020.11.11-08.36.45:976][  0]LogSteamVRInputDevice: Display: Retrieving Action Handle: /actions/main/in/special2
[2020.11.11-08.36.45:976][  0]LogSteamVRInputDevice: Display: [STEAMVR INPUT] Setting Action Handle Path Result: Success
[2020.11.11-08.36.45:976][  0]LogSteamVRInputDevice: Display: Retrieving Action Handle: /actions/main/in/special3
[2020.11.11-08.36.45:976][  0]LogSteamVRInputDevice: Display: [STEAMVR INPUT] Setting Action Handle Path Result: Success
[2020.11.11-08.36.45:976][  0]LogSteamVRInputDevice: Display: Retrieving Action Handle: /actions/main/in/special4
[2020.11.11-08.36.45:976][  0]LogSteamVRInputDevice: Display: [STEAMVR INPUT] Setting Action Handle Path Result: Success
[2020.11.11-08.36.45:976][  0]LogSteamVRInputDevice: Display: Retrieving Action Handle: /actions/main/in/special5
[2020.11.11-08.36.45:976][  0]LogSteamVRInputDevice: Display: [STEAMVR INPUT] Setting Action Handle Path Result: Success
[2020.11.11-08.36.45:976][  0]LogSteamVRInputDevice: Display: Retrieving Action Handle: /actions/main/in/special6
[2020.11.11-08.36.45:976][  0]LogSteamVRInputDevice: Display: [STEAMVR INPUT] Setting Action Handle Path Result: Success
[2020.11.11-08.36.45:976][  0]LogSteamVRInputDevice: Display: Retrieving Action Handle: /actions/main/in/special7
[2020.11.11-08.36.45:976][  0]LogSteamVRInputDevice: Display: [STEAMVR INPUT] Setting Action Handle Path Result: Success
[2020.11.11-08.36.45:976][  0]LogSteamVRInputDevice: Display: Retrieving Action Handle: /actions/main/in/special8
[2020.11.11-08.36.45:976][  0]LogSteamVRInputDevice: Display: [STEAMVR INPUT] Setting Action Handle Path Result: Success
[2020.11.11-08.36.45:976][  0]LogSteamVRInputDevice: Display: Retrieving Action Handle: /actions/main/in/skeletonleft
[2020.11.11-08.36.45:976][  0]LogSteamVRInputDevice: Display: [STEAMVR INPUT] Setting Action Handle Path Result: Success
[2020.11.11-08.36.45:976][  0]LogSteamVRInputDevice: Display: Retrieving Action Handle: /actions/main/in/skeletonright
[2020.11.11-08.36.45:976][  0]LogSteamVRInputDevice: Display: [STEAMVR INPUT] Setting Action Handle Path Result: Success
[2020.11.11-08.36.45:976][  0]LogSteamVRInputDevice: Display: Retrieving Action Handle: /actions/main/out/vibrateleft
[2020.11.11-08.36.45:976][  0]LogSteamVRInputDevice: Display: [STEAMVR INPUT] Setting Action Handle Path Result: Success
[2020.11.11-08.36.45:976][  0]LogSteamVRInputDevice: Display: Retrieving Action Handle: /actions/main/out/vibrateright
[2020.11.11-08.36.45:976][  0]LogSteamVRInputDevice: Display: [STEAMVR INPUT] Setting Action Handle Path Result: Success
[2020.11.11-08.36.45:976][  0]LogSteamVRInputDevice: Display: Retrieving Action Handle: /actions/main/in/open_console
[2020.11.11-08.36.45:976][  0]LogSteamVRInputDevice: Display: [STEAMVR INPUT] Setting Action Handle Path Result: Success
[2020.11.11-08.36.45:976][  0]LogSteamVRInputDevice: Display: Retrieving Action Handle: /actions/main/in/TeleportRight
[2020.11.11-08.36.45:976][  0]LogSteamVRInputDevice: Display: [STEAMVR INPUT] Setting Action Handle Path Result: Success
[2020.11.11-08.36.45:976][  0]LogSteamVRInputDevice: Display: Retrieving Action Handle: /actions/main/in/TeleportRight
[2020.11.11-08.36.45:976][  0]LogSteamVRInputDevice: Display: [STEAMVR INPUT] Setting Action Handle Path Result: Success
[2020.11.11-08.36.45:976][  0]LogSteamVRInputDevice: Display: Retrieving Action Handle: /actions/main/in/TeleportRight
[2020.11.11-08.36.45:976][  0]LogSteamVRInputDevice: Display: [STEAMVR INPUT] Setting Action Handle Path Result: Success
[2020.11.11-08.36.45:976][  0]LogSteamVRInputDevice: Display: Retrieving Action Handle: /actions/main/in/TeleportRight
[2020.11.11-08.36.45:976][  0]LogSteamVRInputDevice: Display: [STEAMVR INPUT] Setting Action Handle Path Result: Success
[2020.11.11-08.36.45:976][  0]LogSteamVRInputDevice: Display: Retrieving Action Handle: /actions/main/in/TeleportRight
[2020.11.11-08.36.45:976][  0]LogSteamVRInputDevice: Display: [STEAMVR INPUT] Setting Action Handle Path Result: Success
[2020.11.11-08.36.45:976][  0]LogSteamVRInputDevice: Display: Retrieving Action Handle: /actions/main/in/TeleportRight
[2020.11.11-08.36.45:976][  0]LogSteamVRInputDevice: Display: [STEAMVR INPUT] Setting Action Handle Path Result: Success
[2020.11.11-08.36.45:976][  0]LogSteamVRInputDevice: Display: Retrieving Action Handle: /actions/main/in/TeleportLeft
[2020.11.11-08.36.45:976][  0]LogSteamVRInputDevice: Display: [STEAMVR INPUT] Setting Action Handle Path Result: Success
[2020.11.11-08.36.45:976][  0]LogSteamVRInputDevice: Display: Retrieving Action Handle: /actions/main/in/TeleportLeft
[2020.11.11-08.36.45:976][  0]LogSteamVRInputDevice: Display: [STEAMVR INPUT] Setting Action Handle Path Result: Success
[2020.11.11-08.36.45:976][  0]LogSteamVRInputDevice: Display: Retrieving Action Handle: /actions/main/in/TeleportLeft
[2020.11.11-08.36.45:976][  0]LogSteamVRInputDevice: Display: [STEAMVR INPUT] Setting Action Handle Path Result: Success
[2020.11.11-08.36.45:976][  0]LogSteamVRInputDevice: Display: Retrieving Action Handle: /actions/main/in/TeleportLeft
[2020.11.11-08.36.45:976][  0]LogSteamVRInputDevice: Display: [STEAMVR INPUT] Setting Action Handle Path Result: Success
[2020.11.11-08.36.45:976][  0]LogSteamVRInputDevice: Display: Retrieving Action Handle: /actions/main/in/TeleportLeft
[2020.11.11-08.36.45:976][  0]LogSteamVRInputDevice: Display: [STEAMVR INPUT] Setting Action Handle Path Result: Success
[2020.11.11-08.36.45:977][  0]LogSteamVRInputDevice: Display: Retrieving Action Handle: /actions/main/in/TeleportLeft
[2020.11.11-08.36.45:977][  0]LogSteamVRInputDevice: Display: [STEAMVR INPUT] Setting Action Handle Path Result: Success
[2020.11.11-08.36.45:977][  0]LogSteamVRInputDevice: Display: Retrieving Action Handle: /actions/main/in/GrabLeft
[2020.11.11-08.36.45:977][  0]LogSteamVRInputDevice: Display: [STEAMVR INPUT] Setting Action Handle Path Result: Success
[2020.11.11-08.36.45:977][  0]LogSteamVRInputDevice: Display: Retrieving Action Handle: /actions/main/in/GrabLeft
[2020.11.11-08.36.45:977][  0]LogSteamVRInputDevice: Display: [STEAMVR INPUT] Setting Action Handle Path Result: Success
[2020.11.11-08.36.45:977][  0]LogSteamVRInputDevice: Display: Retrieving Action Handle: /actions/main/in/GrabLeft
[2020.11.11-08.36.45:977][  0]LogSteamVRInputDevice: Display: [STEAMVR INPUT] Setting Action Handle Path Result: Success
[2020.11.11-08.36.45:977][  0]LogSteamVRInputDevice: Display: Retrieving Action Handle: /actions/main/in/GrabLeft
[2020.11.11-08.36.45:977][  0]LogSteamVRInputDevice: Display: [STEAMVR INPUT] Setting Action Handle Path Result: Success
[2020.11.11-08.36.45:977][  0]LogSteamVRInputDevice: Display: Retrieving Action Handle: /actions/main/in/GrabRight
[2020.11.11-08.36.45:977][  0]LogSteamVRInputDevice: Display: [STEAMVR INPUT] Setting Action Handle Path Result: Success
[2020.11.11-08.36.45:977][  0]LogSteamVRInputDevice: Display: Retrieving Action Handle: /actions/main/in/GrabRight
[2020.11.11-08.36.45:977][  0]LogSteamVRInputDevice: Display: [STEAMVR INPUT] Setting Action Handle Path Result: Success
[2020.11.11-08.36.45:977][  0]LogSteamVRInputDevice: Display: Retrieving Action Handle: /actions/main/in/GrabRight
[2020.11.11-08.36.45:977][  0]LogSteamVRInputDevice: Display: [STEAMVR INPUT] Setting Action Handle Path Result: Success
[2020.11.11-08.36.45:977][  0]LogSteamVRInputDevice: Display: Retrieving Action Handle: /actions/main/in/GrabRight
[2020.11.11-08.36.45:977][  0]LogSteamVRInputDevice: Display: [STEAMVR INPUT] Setting Action Handle Path Result: Success
[2020.11.11-08.36.45:977][  0]LogSteamVRInputDevice: Display: Retrieving Action Handle: /actions/main/in/MotionControllerThumbLeft_X,MotionControllerThumbLeft_Y X Y_axis2d
[2020.11.11-08.36.45:977][  0]LogSteamVRInputDevice: Display: [STEAMVR INPUT] Setting Action Handle Path Result: Success
[2020.11.11-08.36.45:977][  0]LogSteamVRInputDevice: Display: Retrieving Action Handle: /actions/main/in/MotionControllerThumbLeft_X,MotionControllerThumbLeft_Y X Y_axis2d
[2020.11.11-08.36.45:977][  0]LogSteamVRInputDevice: Display: [STEAMVR INPUT] Setting Action Handle Path Result: Success
[2020.11.11-08.36.45:977][  0]LogSteamVRInputDevice: Display: Retrieving Action Handle: /actions/main/in/MotionControllerThumbLeft_X,MotionControllerThumbLeft_Y X Y_axis2d
[2020.11.11-08.36.45:977][  0]LogSteamVRInputDevice: Display: [STEAMVR INPUT] Setting Action Handle Path Result: Success
[2020.11.11-08.36.45:977][  0]LogSteamVRInputDevice: Display: Retrieving Action Handle: /actions/main/in/MotionControllerThumbLeft_X,MotionControllerThumbLeft_Y X Y_axis2d
[2020.11.11-08.36.45:977][  0]LogSteamVRInputDevice: Display: [STEAMVR INPUT] Setting Action Handle Path Result: Success
[2020.11.11-08.36.45:977][  0]LogSteamVRInputDevice: Display: Retrieving Action Handle: /actions/main/in/MotionControllerThumbRight_X,MotionControllerThumbRight_Y X Y_axis2d
[2020.11.11-08.36.45:977][  0]LogSteamVRInputDevice: Display: [STEAMVR INPUT] Setting Action Handle Path Result: Success
[2020.11.11-08.36.45:977][  0]LogSteamVRInputDevice: Display: Retrieving Action Handle: /actions/main/in/MotionControllerThumbRight_X,MotionControllerThumbRight_Y X Y_axis2d
[2020.11.11-08.36.45:977][  0]LogSteamVRInputDevice: Display: [STEAMVR INPUT] Setting Action Handle Path Result: Success
[2020.11.11-08.36.45:977][  0]LogSteamVRInputDevice: Display: Retrieving Action Handle: /actions/main/in/MotionControllerThumbRight_X,MotionControllerThumbRight_Y X Y_axis2d
[2020.11.11-08.36.45:977][  0]LogSteamVRInputDevice: Display: [STEAMVR INPUT] Setting Action Handle Path Result: Success
[2020.11.11-08.36.45:977][  0]LogSteamVRInputDevice: Display: Retrieving Action Handle: /actions/main/in/MotionControllerThumbRight_X,MotionControllerThumbRight_Y X Y_axis2d
[2020.11.11-08.36.45:977][  0]LogSteamVRInputDevice: Display: [STEAMVR INPUT] Setting Action Handle Path Result: Success
[2020.11.11-08.36.46:010][  0]LogAssetRegistry: Asset discovery search completed in 3.0210 seconds
[2020.11.11-08.36.46:013][  0]LogCollectionManager: Fixed up redirectors for 0 collections in 0.000002 seconds (updated 0 objects)
[2020.11.11-08.36.46:014][  0]LogContentStreaming: Texture pool size now 1000 MB
[2020.11.11-08.36.46:031][  0]LogSlate: Took 0.000198 seconds to synchronously load lazily loaded font '../../../Engine/Content/Slate/Fonts/Roboto-Light.ttf' (167K)
[2020.11.11-08.37.00:306][680]LogSlate: Took 0.000149 seconds to synchronously load lazily loaded font '../../../Engine/Content/Slate/Fonts/Roboto-Light.ttf' (167K)
[2020.11.11-08.37.00:596][680]LogTexture: Display: Building textures: T_GDC_TilingRocks_01_DispMask (AutoDXT, 1024X1024)
[2020.11.11-08.37.00:596][680]LogTexture: Display: Building textures: T_Water_Screen_Noise_Soft (AutoDXT, 1024X1024)
[2020.11.11-08.37.00:596][680]LogTexture: Display: Building textures: T_Water_Screen_Noise_Soft2 (AutoDXT, 1024X1024)
[2020.11.11-08.37.00:799][680]LogTexture: Display: Building textures: HillTree_01_Atlas_Billboards_Normal_Tex (BC5, 2048X2048)
[2020.11.11-08.37.01:427][680]LogTexture: Display: Building textures: HillTree_01_Atlas_Billboards_Tex (AutoDXT, 2048X2048)
[2020.11.11-08.37.02:036][680]LogTexture: Display: Building textures: HillTree_01_Atlas_Specular_Tex (AutoDXT, 4096X4096)
[2020.11.11-08.37.04:130][680]LogMaterial: Display: Missing cached shader map for material HillTree_01_Billboard_Mat, compiling. 
[2020.11.11-08.37.04:215][680]LogShaderCompilers: Display: Worker (1/13): shaders left to compile 71
[2020.11.11-08.37.04:215][680]LogShaderCompilers: Display: Worker (2/13): shaders left to compile 65
[2020.11.11-08.37.04:215][680]LogShaderCompilers: Display: Worker (3/13): shaders left to compile 59
[2020.11.11-08.37.04:215][680]LogShaderCompilers: Display: Worker (4/13): shaders left to compile 53
[2020.11.11-08.37.04:215][680]LogShaderCompilers: Display: Worker (5/13): shaders left to compile 47
[2020.11.11-08.37.04:215][680]LogShaderCompilers: Display: Worker (6/13): shaders left to compile 41
[2020.11.11-08.37.04:215][680]LogShaderCompilers: Display: Worker (7/13): shaders left to compile 35
[2020.11.11-08.37.04:215][680]LogShaderCompilers: Display: Worker (8/13): shaders left to compile 29
[2020.11.11-08.37.04:215][680]LogShaderCompilers: Display: Worker (9/13): shaders left to compile 23
[2020.11.11-08.37.04:215][680]LogShaderCompilers: Display: Worker (10/13): shaders left to compile 17
[2020.11.11-08.37.04:215][680]LogShaderCompilers: Display: Worker (11/13): shaders left to compile 11
[2020.11.11-08.37.04:215][680]LogShaderCompilers: Display: Worker (12/13): shaders left to compile 5
[2020.11.11-08.37.04:215][680]LogMaterial: Display: Missing cached shader map for material HillTree_01_Branches_2_Mat, compiling. 
[2020.11.11-08.37.04:287][680]LogMaterial: Display: Missing cached shader map for material HillTree_01_Branches_Mat, compiling. 
[2020.11.11-08.37.04:343][680]LogMaterial: Display: Missing cached shader map for material HillTree_01_Fronds_Mat, compiling. 
[2020.11.11-08.37.04:402][680]LogMaterial: Display: Missing cached shader map for material HillTree_01_Leaves_Mat, compiling. 
[2020.11.11-08.37.04:459][680]LogMaterial: Display: Missing cached shader map for material HillTree_01_Leaves_Mat2, compiling. 
[2020.11.11-08.37.10:906][680]LogTexture: Display: Building textures: T_HillTreeBillboard_01_Depth (AutoDXT, 1024X1024)
[2020.11.11-08.37.10:906][680]LogTexture: Display: Building textures: T_HillTreeBillboard_01_S_R (AutoDXT, 2048X2048)
[2020.11.11-08.37.10:906][680]LogTexture: Display: Building textures: T_HillTreeBillboard_01_SSS (AutoDXT, 4096X4096)
[2020.11.11-08.37.10:906][680]LogTexture: Display: Building textures: T_HillTreeBillboard_01 (AutoDXT, 4096X4096)
[2020.11.11-08.37.10:906][680]LogTexture: Display: Building textures: T_HillTreeBillboard_01_N (AutoDXT, 4096X4096)
[2020.11.11-08.37.10:906][680]LogShaderCompilers: Display: Worker (1/13): shaders left to compile 477
[2020.11.11-08.37.10:906][680]LogShaderCompilers: Display: Worker (5/13): shaders left to compile 467
[2020.11.11-08.37.10:906][680]LogShaderCompilers: Display: Worker (2/13): shaders left to compile 457
[2020.11.11-08.37.10:906][680]LogShaderCompilers: Display: Worker (12/13): shaders left to compile 447
[2020.11.11-08.37.10:906][680]LogShaderCompilers: Display: Worker (11/13): shaders left to compile 437
[2020.11.11-08.37.10:906][680]LogShaderCompilers: Display: Worker (8/13): shaders left to compile 427
[2020.11.11-08.37.10:906][680]LogShaderCompilers: Display: Worker (3/13): shaders left to compile 417
[2020.11.11-08.37.10:906][680]LogShaderCompilers: Display: Worker (6/13): shaders left to compile 407
[2020.11.11-08.37.10:906][680]LogStaticMesh: Building static mesh HillTree_02...
